{
  "stats": {
    "suites": 21,
    "tests": 56,
    "passes": 56,
    "pending": 0,
    "failures": 0,
    "start": "2022-02-18T12:51:29.080Z",
    "end": "2022-02-18T12:56:28.887Z",
    "duration": 120014,
    "testsRegistered": 56,
    "passPercent": 100,
    "pendingPercent": 0,
    "other": 0,
    "hasOther": false,
    "skipped": 0,
    "hasSkipped": false
  },
  "results": [
    {
      "uuid": "4f4fe47f-f644-40af-89ba-189bf62d2987",
      "title": "",
      "fullFile": "cypress/integration/Automation-test-store/add-multiple-items-to-basket.js",
      "file": "cypress/integration/Automation-test-store/add-multiple-items-to-basket.js",
      "beforeHooks": [],
      "afterHooks": [],
      "tests": [],
      "suites": [
        {
          "uuid": "f0824e8d-3926-4604-9961-987e5ffe75bd",
          "title": "Add multiple items to basket",
          "fullFile": "",
          "file": "",
          "beforeHooks": [],
          "afterHooks": [],
          "tests": [
            {
              "title": "Add specific items to basket",
              "fullTitle": "Add multiple items to basket Add specific items to basket",
              "timedOut": null,
              "duration": 7794,
              "state": "passed",
              "speed": "medium",
              "pass": true,
              "fail": false,
              "pending": false,
              "context": null,
              "code": "globalThis.data.productName.forEach(function (element) {\n  cy.addProductToBasket(element);\n});\ncy.get('.dropdown-toggle > .fa').click();",
              "err": {},
              "uuid": "4627340d-e085-4d9e-8e24-56564e8b1eb6",
              "parentUUID": "f0824e8d-3926-4604-9961-987e5ffe75bd",
              "isHook": false,
              "skipped": false
            }
          ],
          "suites": [],
          "passes": [
            "4627340d-e085-4d9e-8e24-56564e8b1eb6"
          ],
          "failures": [],
          "pending": [],
          "skipped": [],
          "duration": 7794,
          "root": false,
          "rootEmpty": false,
          "_timeout": 2000
        }
      ],
      "passes": [],
      "failures": [],
      "pending": [],
      "skipped": [],
      "duration": 0,
      "root": true,
      "rootEmpty": true,
      "_timeout": 2000
    },
    {
      "uuid": "849d0b84-d3ad-4cad-8235-7009ff792500",
      "title": "",
      "fullFile": "cypress/integration/Automation-test-store/add-multiple-items-to-basket_FINAL.js",
      "file": "cypress/integration/Automation-test-store/add-multiple-items-to-basket_FINAL.js",
      "beforeHooks": [],
      "afterHooks": [],
      "tests": [],
      "suites": [
        {
          "uuid": "7004c2bf-de4c-485a-82d9-e0a8f312224f",
          "title": "Add multiple items to basket",
          "fullFile": "",
          "file": "",
          "beforeHooks": [],
          "afterHooks": [],
          "tests": [
            {
              "title": "Add specific items to basket",
              "fullTitle": "Add multiple items to basket Add specific items to basket",
              "timedOut": null,
              "duration": 6754,
              "state": "passed",
              "speed": "medium",
              "pass": true,
              "fail": false,
              "pending": false,
              "context": null,
              "code": "globalThis.data.productName.forEach(function (element) {\n  cy.addProductToBasket(element);\n});\ncy.get('.dropdown-toggle > .fa').click();",
              "err": {},
              "uuid": "79df4fa1-f3e1-40e8-af00-88a3048dd9b3",
              "parentUUID": "7004c2bf-de4c-485a-82d9-e0a8f312224f",
              "isHook": false,
              "skipped": false
            }
          ],
          "suites": [],
          "passes": [
            "79df4fa1-f3e1-40e8-af00-88a3048dd9b3"
          ],
          "failures": [],
          "pending": [],
          "skipped": [],
          "duration": 6754,
          "root": false,
          "rootEmpty": false,
          "_timeout": 2000
        }
      ],
      "passes": [],
      "failures": [],
      "pending": [],
      "skipped": [],
      "duration": 0,
      "root": true,
      "rootEmpty": true,
      "_timeout": 2000
    },
    {
      "uuid": "88c9efcd-e272-418d-b3b0-50b28c460be5",
      "title": "",
      "fullFile": "cypress/integration/Automation-test-store/alias-invoke.js",
      "file": "cypress/integration/Automation-test-store/alias-invoke.js",
      "beforeHooks": [],
      "afterHooks": [],
      "tests": [],
      "suites": [
        {
          "uuid": "a4b084f4-b7e8-47f5-b73b-f9fb2a76d9c5",
          "title": "Alias and invoke",
          "fullFile": "",
          "file": "",
          "beforeHooks": [],
          "afterHooks": [],
          "tests": [
            {
              "title": "Calculate total of normal and sale products",
              "fullTitle": "Alias and invoke Calculate total of normal and sale products",
              "timedOut": null,
              "duration": 2627,
              "state": "passed",
              "speed": "fast",
              "pass": true,
              "fail": false,
              "pending": false,
              "context": null,
              "code": "cy.visit(\"https://www.automationteststore.com/\");\ncy.get('.thumbnail').as('productThumbnail'); // cy.get('@productThumbnail').find('.oneprice').each(($el, index, $list) => {\n//     cy.log($el.text());\n// })\ncy.get('@productThumbnail').find('.oneprice').invoke('text').as('itemPrice');\ncy.get('@productThumbnail').find('.pricenew').invoke('text').as('saleItemPrice');\nvar itemsTotal = 0;\ncy.get('@itemPrice').then($linkText => {\n  var itemsPriceTotal = 0;\n  var itemPrice = $linkText.split('$');\n  var i;\n  for (i = 0; i < itemPrice.length; i++) {\n    cy.log(itemPrice[i]);\n    itemsPriceTotal += Number(itemPrice[i]);\n  }\n  ;\n  itemsTotal += itemsPriceTotal;\n  cy.log('Non sale items price total: ' + itemsPriceTotal);\n});\ncy.get('@saleItemPrice').then($linkText => {\n  var saleItemsPrice = 0;\n  var saleItemPrice = $linkText.split('$');\n  var i;\n  for (i = 0; i < saleItemPrice.length; i++) {\n    cy.log(saleItemPrice[i]);\n    saleItemsPrice += Number(saleItemPrice[i]);\n  }\n  ;\n  itemsTotal += saleItemsPrice;\n  cy.log('Sale items price total: ' + saleItemsPrice);\n}).then(() => {\n  cy.log('The total price of all products: ' + itemsTotal);\n  expect(itemsTotal).to.equal(648.5);\n});",
              "err": {},
              "uuid": "30f97ba8-2547-4c1d-86b8-719b3f2ab96c",
              "parentUUID": "a4b084f4-b7e8-47f5-b73b-f9fb2a76d9c5",
              "isHook": false,
              "skipped": false
            }
          ],
          "suites": [],
          "passes": [
            "30f97ba8-2547-4c1d-86b8-719b3f2ab96c"
          ],
          "failures": [],
          "pending": [],
          "skipped": [],
          "duration": 2627,
          "root": false,
          "rootEmpty": false,
          "_timeout": 2000
        }
      ],
      "passes": [],
      "failures": [],
      "pending": [],
      "skipped": [],
      "duration": 0,
      "root": true,
      "rootEmpty": true,
      "_timeout": 2000
    },
    {
      "uuid": "3866bdeb-9bff-4e6a-8270-e03c160d98c1",
      "title": "",
      "fullFile": "cypress/integration/Automation-test-store/contact-us.js",
      "file": "cypress/integration/Automation-test-store/contact-us.js",
      "beforeHooks": [],
      "afterHooks": [],
      "tests": [],
      "suites": [
        {
          "uuid": "c91fa565-f9df-4ff2-976b-5777a2455f14",
          "title": "Test Contact Us form via Automation test store",
          "fullFile": "",
          "file": "",
          "beforeHooks": [],
          "afterHooks": [],
          "tests": [
            {
              "title": "Should be able to submit a successful submission via Contact Us form",
              "fullTitle": "Test Contact Us form via Automation test store Should be able to submit a successful submission via Contact Us form",
              "timedOut": null,
              "duration": 5682,
              "state": "passed",
              "speed": "medium",
              "pass": true,
              "fail": false,
              "pending": false,
              "context": null,
              "code": "cy.visit(\"https://www.automationteststore.com/\");\ncy.get(\"a[href$= 'contact']\").click().then(function (linkName) {\n  console.log('It was ' + linkName.text() + ' button!');\n}); //cy.xpath(\"//a[contains(@href, 'contact')]\").click();\ncy.get('@user').then(user => {\n  cy.get('#ContactUsFrm_first_name').type(user.first_name);\n  cy.get('#ContactUsFrm_email').type(user.email);\n});\ncy.get('#ContactUsFrm_email').should('have.attr', 'name', 'email');\ncy.get('#ContactUsFrm_enquiry').type('It\\'s monday');\ncy.get(\"button[title = 'Submit']\").click();\ncy.get('.mb40 > :nth-child(3)').should('have.text', 'Your enquiry has been successfully sent to the store owner!');\ncy.log(\"The test is completed\");",
              "err": {},
              "uuid": "aa5b3a6d-47fa-4ad5-92cd-55e313f2ef2c",
              "parentUUID": "c91fa565-f9df-4ff2-976b-5777a2455f14",
              "isHook": false,
              "skipped": false
            }
          ],
          "suites": [],
          "passes": [
            "aa5b3a6d-47fa-4ad5-92cd-55e313f2ef2c"
          ],
          "failures": [],
          "pending": [],
          "skipped": [],
          "duration": 5682,
          "root": false,
          "rootEmpty": false,
          "_timeout": 2000
        }
      ],
      "passes": [],
      "failures": [],
      "pending": [],
      "skipped": [],
      "duration": 0,
      "root": true,
      "rootEmpty": true,
      "_timeout": 2000
    },
    {
      "uuid": "731f16bb-9654-40bb-8448-95bec4904d83",
      "title": "",
      "fullFile": "cypress/integration/Automation-test-store/inspect-item.js",
      "file": "cypress/integration/Automation-test-store/inspect-item.js",
      "beforeHooks": [],
      "afterHooks": [],
      "tests": [],
      "suites": [
        {
          "uuid": "910cbd3f-00f0-40de-b5c3-97d0b8bfadeb",
          "title": "Inspect Automation Test Store items using chain of commands",
          "fullFile": "",
          "file": "",
          "beforeHooks": [],
          "afterHooks": [],
          "tests": [
            {
              "title": "Click on the first item using item text",
              "fullTitle": "Inspect Automation Test Store items using chain of commands Click on the first item using item text",
              "timedOut": null,
              "duration": 4519,
              "state": "passed",
              "speed": "fast",
              "pass": true,
              "fail": false,
              "pending": false,
              "context": null,
              "code": "cy.visit(\"https://www.automationteststore.com/\");\ncy.get('.prdocutname').contains('Skinsheen Bronzer Stick').click().then(function (itemHeaderText) {\n  console.log('Selected item: ' + itemHeaderText.text());\n});",
              "err": {},
              "uuid": "70ade14d-3f1b-4482-b0d7-2262de9669e0",
              "parentUUID": "910cbd3f-00f0-40de-b5c3-97d0b8bfadeb",
              "isHook": false,
              "skipped": false
            }
          ],
          "suites": [],
          "passes": [
            "70ade14d-3f1b-4482-b0d7-2262de9669e0"
          ],
          "failures": [],
          "pending": [],
          "skipped": [],
          "duration": 4519,
          "root": false,
          "rootEmpty": false,
          "_timeout": 2000
        }
      ],
      "passes": [],
      "failures": [],
      "pending": [],
      "skipped": [],
      "duration": 0,
      "root": true,
      "rootEmpty": true,
      "_timeout": 2000
    },
    {
      "uuid": "7781ce95-7e2e-49f6-9929-6c37f38451c9",
      "title": "",
      "fullFile": "cypress/integration/Automation-test-store/iterate-over-elements.js",
      "file": "cypress/integration/Automation-test-store/iterate-over-elements.js",
      "beforeHooks": [],
      "afterHooks": [],
      "tests": [],
      "suites": [
        {
          "uuid": "04fb4587-a6f1-4e3a-b669-2327ca253e5f",
          "title": "Iterate over elements",
          "fullFile": "",
          "file": "",
          "beforeHooks": [],
          "afterHooks": [],
          "tests": [
            {
              "title": "Log information of all hair care products",
              "fullTitle": "Iterate over elements Log information of all hair care products",
              "timedOut": null,
              "duration": 3965,
              "state": "passed",
              "speed": "fast",
              "pass": true,
              "fail": false,
              "pending": false,
              "context": null,
              "code": "cy.get('.fixed_wrapper .prdocutname').each(($el, index, $list) => {\n  cy.log('Index = ' + index + ' : ' + $el.text());\n});",
              "err": {},
              "uuid": "b907ebf2-d452-473f-a70d-17fcb97224d1",
              "parentUUID": "04fb4587-a6f1-4e3a-b669-2327ca253e5f",
              "isHook": false,
              "skipped": false
            },
            {
              "title": "Add specific product to the basket",
              "fullTitle": "Iterate over elements Add specific product to the basket",
              "timedOut": null,
              "duration": 4035,
              "state": "passed",
              "speed": "fast",
              "pass": true,
              "fail": false,
              "pending": false,
              "context": null,
              "code": "cy.selectProduct('Curls to straight Shampoo'); // cy.get('.fixed_wrapper .prdocutname').each(($el, index, $list) => {\n//     if($el.text().includes('Curls to straight Shampoo')){\n//         cy.wrap($el).click();\n//     }\n// });",
              "err": {},
              "uuid": "5bc3dccb-f175-4ff6-aeca-870eed6aaedd",
              "parentUUID": "04fb4587-a6f1-4e3a-b669-2327ca253e5f",
              "isHook": false,
              "skipped": false
            },
            {
              "title": "Add another specific product to the basket",
              "fullTitle": "Iterate over elements Add another specific product to the basket",
              "timedOut": null,
              "duration": 3980,
              "state": "passed",
              "speed": "fast",
              "pass": true,
              "fail": false,
              "pending": false,
              "context": null,
              "code": "cy.selectProduct('Seaweed Conditioner');",
              "err": {},
              "uuid": "bb4cc0c7-7fa3-4758-accc-74f5e1a10c11",
              "parentUUID": "04fb4587-a6f1-4e3a-b669-2327ca253e5f",
              "isHook": false,
              "skipped": false
            },
            {
              "title": "Add another specific product to the basket",
              "fullTitle": "Iterate over elements Add another specific product to the basket",
              "timedOut": null,
              "duration": 4093,
              "state": "passed",
              "speed": "fast",
              "pass": true,
              "fail": false,
              "pending": false,
              "context": null,
              "code": "cy.selectProduct('Pantene Pro-V Conditioner, Classic Care');",
              "err": {},
              "uuid": "7b0ee7ff-2be1-46f5-8774-7dc8846d8c85",
              "parentUUID": "04fb4587-a6f1-4e3a-b669-2327ca253e5f",
              "isHook": false,
              "skipped": false
            }
          ],
          "suites": [],
          "passes": [
            "b907ebf2-d452-473f-a70d-17fcb97224d1",
            "5bc3dccb-f175-4ff6-aeca-870eed6aaedd",
            "bb4cc0c7-7fa3-4758-accc-74f5e1a10c11",
            "7b0ee7ff-2be1-46f5-8774-7dc8846d8c85"
          ],
          "failures": [],
          "pending": [],
          "skipped": [],
          "duration": 16073,
          "root": false,
          "rootEmpty": false,
          "_timeout": 2000
        }
      ],
      "passes": [],
      "failures": [],
      "pending": [],
      "skipped": [],
      "duration": 0,
      "root": true,
      "rootEmpty": true,
      "_timeout": 2000
    },
    {
      "uuid": "8cce8ee8-abc2-4055-a1d5-6061df27b87c",
      "title": "",
      "fullFile": "cypress/integration/Automation-test-store/variables-and-cy-commands.js",
      "file": "cypress/integration/Automation-test-store/variables-and-cy-commands.js",
      "beforeHooks": [],
      "afterHooks": [],
      "tests": [],
      "suites": [
        {
          "uuid": "a9b5e44f-d3ba-4760-8b91-d36c0b16f917",
          "title": "Verifying variables, cypress commands and jquery commands",
          "fullFile": "",
          "file": "",
          "beforeHooks": [],
          "afterHooks": [],
          "tests": [
            {
              "title": "Validate properties of the Contact Us page",
              "fullTitle": "Verifying variables, cypress commands and jquery commands Validate properties of the Contact Us page",
              "timedOut": null,
              "duration": 1612,
              "state": "passed",
              "speed": "fast",
              "pass": true,
              "fail": false,
              "pending": false,
              "context": null,
              "code": "cy.visit(\"https://automationteststore.com/index.php?rt=content/contact\"); //Uses cypress commands & chaining\ncy.contains('#ContactUsFrm', 'Contact Us Form').find('#field_11').should('contain', 'First name'); //JQuery approach\ncy.contains('#ContactUsFrm', 'Contact Us Form').then(text => {\n  const firstNameText = text.find('#field_11').text();\n  expect(firstNameText).to.contain('First name'); //Embedded commands (Closure)\n  cy.get('#field_11').then(fnText => {\n    cy.log(fnText.text());\n    cy.log(fnText);\n  });\n}); //Embedded commands (Closure)",
              "err": {},
              "uuid": "25b8091e-598d-4f90-8eb8-10c94a1c13c9",
              "parentUUID": "a9b5e44f-d3ba-4760-8b91-d36c0b16f917",
              "isHook": false,
              "skipped": false
            }
          ],
          "suites": [],
          "passes": [
            "25b8091e-598d-4f90-8eb8-10c94a1c13c9"
          ],
          "failures": [],
          "pending": [],
          "skipped": [],
          "duration": 1612,
          "root": false,
          "rootEmpty": false,
          "_timeout": 2000
        }
      ],
      "passes": [],
      "failures": [],
      "pending": [],
      "skipped": [],
      "duration": 0,
      "root": true,
      "rootEmpty": true,
      "_timeout": 2000
    },
    {
      "uuid": "8909f4bb-0302-41e7-9229-fbab58565fe6",
      "title": "",
      "fullFile": "cypress/integration/Webdriver-uni/autocomplete-dropdown-list.js",
      "file": "cypress/integration/Webdriver-uni/autocomplete-dropdown-list.js",
      "beforeHooks": [],
      "afterHooks": [],
      "tests": [],
      "suites": [
        {
          "uuid": "195b0700-24b8-475d-a35a-a6901f2d8c63",
          "title": "Verify autocomplete dropdown lists via WebdriverUni",
          "fullFile": "",
          "file": "",
          "beforeHooks": [],
          "afterHooks": [],
          "tests": [
            {
              "title": "Select specific product via autocomplete dropdown lists",
              "fullTitle": "Verify autocomplete dropdown lists via WebdriverUni Select specific product via autocomplete dropdown lists",
              "timedOut": null,
              "duration": 2233,
              "state": "passed",
              "speed": "fast",
              "pass": true,
              "fail": false,
              "pending": false,
              "context": null,
              "code": "cy.visit(\"http://www.webdriveruniversity.com\");\ncy.get('#autocomplete-textfield').invoke('removeAttr', 'target').click({\n  force: true\n});\ncy.get('#myInput').type('A');\ncy.get('#myInputautocomplete-list >*').each(($el, index, $list) => {\n  const prod = $el.text();\n  const productToSelect = 'Avacado';\n  if (prod === productToSelect) {\n    $el.trigger('click');\n    cy.get('#submit-button').click();\n    cy.url().should('include', 'Avacado');\n  }\n  ;\n}).then(() => {\n  cy.get('#myInput').type('g');\n  cy.get('#myInputautocomplete-list >*').each(($el, index, $list) => {\n    const prod = $el.text();\n    const productToSelect = 'Grapes';\n    if (prod === productToSelect) {\n      $el.trigger('click');\n      cy.get('#submit-button').click();\n      cy.url().should('include', 'Grapes');\n    }\n    ;\n  });\n});",
              "err": {},
              "uuid": "dccf9d86-ec89-41c6-be82-8c1453a9a5e9",
              "parentUUID": "195b0700-24b8-475d-a35a-a6901f2d8c63",
              "isHook": false,
              "skipped": false
            }
          ],
          "suites": [],
          "passes": [
            "dccf9d86-ec89-41c6-be82-8c1453a9a5e9"
          ],
          "failures": [],
          "pending": [],
          "skipped": [],
          "duration": 2233,
          "root": false,
          "rootEmpty": false,
          "_timeout": 2000
        }
      ],
      "passes": [],
      "failures": [],
      "pending": [],
      "skipped": [],
      "duration": 0,
      "root": true,
      "rootEmpty": true,
      "_timeout": 2000
    },
    {
      "uuid": "7b23f5d1-333e-4621-9c19-abbc4c868f5b",
      "title": "",
      "fullFile": "cypress/integration/Webdriver-uni/browser-navigation.js",
      "file": "cypress/integration/Webdriver-uni/browser-navigation.js",
      "beforeHooks": [],
      "afterHooks": [],
      "tests": [],
      "suites": [
        {
          "uuid": "60e73862-0996-4e0a-a97c-bece40dfa614",
          "title": "Validate WebdriverUni homepage links",
          "fullFile": "",
          "file": "",
          "beforeHooks": [],
          "afterHooks": [],
          "tests": [
            {
              "title": "Confirm links redirect ot the correct page",
              "fullTitle": "Validate WebdriverUni homepage links Confirm links redirect ot the correct page",
              "timedOut": null,
              "duration": 26315,
              "state": "passed",
              "speed": "slow",
              "pass": true,
              "fail": false,
              "pending": false,
              "context": null,
              "code": "//cy.visit(\"http://www.webdriveruniversity.com/Contact-Us/contactus.html\");\ncy.visit(\"http://www.webdriveruniversity.com\");\ncy.get('#contact-us').invoke('removeAttr', 'target').click({\n  force: true\n});\ncy.url().should('include', 'contactus');\ncy.go('back');\ncy.reload();\ncy.reload(true); //reloads without using cashe\ncy.go('forward');\ncy.url().should('include', 'contactus');\ncy.go('back');\ncy.get('#login-portal').invoke('removeAttr', 'target').click({\n  force: true\n});\ncy.url().should('include', 'Login-Portal');\ncy.go('back');\ncy.get('#to-do-list').invoke('removeAttr', 'target').click({\n  force: true\n});\ncy.url().should('include', 'To-Do-List');\ncy.go('back');",
              "err": {},
              "uuid": "234b888c-9a4b-4a7d-9307-151a815a70e0",
              "parentUUID": "60e73862-0996-4e0a-a97c-bece40dfa614",
              "isHook": false,
              "skipped": false
            }
          ],
          "suites": [],
          "passes": [
            "234b888c-9a4b-4a7d-9307-151a815a70e0"
          ],
          "failures": [],
          "pending": [],
          "skipped": [],
          "duration": 26315,
          "root": false,
          "rootEmpty": false,
          "_timeout": 2000
        }
      ],
      "passes": [],
      "failures": [],
      "pending": [],
      "skipped": [],
      "duration": 0,
      "root": true,
      "rootEmpty": true,
      "_timeout": 2000
    },
    {
      "uuid": "456a28db-9061-4d8e-baf4-a37444642a0a",
      "title": "",
      "fullFile": "cypress/integration/Webdriver-uni/checkboxes.js",
      "file": "cypress/integration/Webdriver-uni/checkboxes.js",
      "beforeHooks": [],
      "afterHooks": [],
      "tests": [],
      "suites": [
        {
          "uuid": "75e147a3-de95-44a6-9baf-c5a4f7d10aeb",
          "title": "Verify checkboxes via WebdriverUni",
          "fullFile": "",
          "file": "",
          "beforeHooks": [],
          "afterHooks": [],
          "tests": [
            {
              "title": "Check and validate checkbox",
              "fullTitle": "Verify checkboxes via WebdriverUni Check and validate checkbox",
              "timedOut": null,
              "duration": 871,
              "state": "passed",
              "speed": "fast",
              "pass": true,
              "fail": false,
              "pending": false,
              "context": null,
              "code": "//cy.get('#checkboxes > :nth-child(1) > input').check();\n//cy.get('#checkboxes > :nth-child(1) > input').check().should('be.checked');\ncy.get('#checkboxes > :nth-child(1) > input').as('option-1');\ncy.get('@option-1').check();\ncy.get('@option-1').check().should('be.checked');",
              "err": {},
              "uuid": "a7290d1f-9276-4492-8e54-57f586ad24d3",
              "parentUUID": "75e147a3-de95-44a6-9baf-c5a4f7d10aeb",
              "isHook": false,
              "skipped": false
            },
            {
              "title": "Uncheck and validate checkbox",
              "fullTitle": "Verify checkboxes via WebdriverUni Uncheck and validate checkbox",
              "timedOut": null,
              "duration": 331,
              "state": "passed",
              "speed": "fast",
              "pass": true,
              "fail": false,
              "pending": false,
              "context": null,
              "code": "cy.get(':nth-child(5) > input').as('option-3');\ncy.get('@option-3').uncheck().should('not.be.checked');",
              "err": {},
              "uuid": "094605de-0f2b-451a-af82-303b6abb4b87",
              "parentUUID": "75e147a3-de95-44a6-9baf-c5a4f7d10aeb",
              "isHook": false,
              "skipped": false
            },
            {
              "title": "Check multiple checkboxes",
              "fullTitle": "Verify checkboxes via WebdriverUni Check multiple checkboxes",
              "timedOut": null,
              "duration": 481,
              "state": "passed",
              "speed": "fast",
              "pass": true,
              "fail": false,
              "pending": false,
              "context": null,
              "code": "cy.get(\"*[type = 'checkbox']\").as('options');\ncy.get('@options').check(['option-1', 'option-2', 'option-3', 'option-4']).should('be.checked');",
              "err": {},
              "uuid": "20f82cdd-e2d7-4863-90bc-868b5809b4e4",
              "parentUUID": "75e147a3-de95-44a6-9baf-c5a4f7d10aeb",
              "isHook": false,
              "skipped": false
            }
          ],
          "suites": [],
          "passes": [
            "a7290d1f-9276-4492-8e54-57f586ad24d3",
            "094605de-0f2b-451a-af82-303b6abb4b87",
            "20f82cdd-e2d7-4863-90bc-868b5809b4e4"
          ],
          "failures": [],
          "pending": [],
          "skipped": [],
          "duration": 1683,
          "root": false,
          "rootEmpty": false,
          "_timeout": 2000
        }
      ],
      "passes": [],
      "failures": [],
      "pending": [],
      "skipped": [],
      "duration": 0,
      "root": true,
      "rootEmpty": true,
      "_timeout": 2000
    },
    {
      "uuid": "282c0e98-c635-453d-8e0e-5a91ba7adc3e",
      "title": "",
      "fullFile": "cypress/integration/Webdriver-uni/contact-us.js",
      "file": "cypress/integration/Webdriver-uni/contact-us.js",
      "beforeHooks": [],
      "afterHooks": [],
      "tests": [],
      "suites": [
        {
          "uuid": "d15d57d5-7d39-4946-82dd-585164959474",
          "title": "Test Contact Us form via WebdriverUni",
          "fullFile": "",
          "file": "",
          "beforeHooks": [],
          "afterHooks": [],
          "tests": [
            {
              "title": "Should be able to submit a successful submission via Contact Us form",
              "fullTitle": "Test Contact Us form via WebdriverUni Should be able to submit a successful submission via Contact Us form",
              "timedOut": null,
              "duration": 7963,
              "state": "passed",
              "speed": "medium",
              "pass": true,
              "fail": false,
              "pending": false,
              "context": null,
              "code": "cy.document().should('have.property', 'charset').and('eq', 'UTF-8');\ncy.title().should('include', 'WebDriver | Contact Us');\ncy.url().should('include', 'contactus');\ncontact_Us_PO.contactForm_Submission(Cypress.env(\"first_name\"), data.last_name, data.email, 'It is friday', 'h1', 'Thank You for your Message!');",
              "err": {},
              "uuid": "a6c0e50a-85ef-42bc-ac4f-7cfd6c12b21a",
              "parentUUID": "d15d57d5-7d39-4946-82dd-585164959474",
              "isHook": false,
              "skipped": false
            },
            {
              "title": "Should not be able to submit a successful submission via Contact Us form as all fields are required",
              "fullTitle": "Test Contact Us form via WebdriverUni Should not be able to submit a successful submission via Contact Us form as all fields are required",
              "timedOut": null,
              "duration": 5375,
              "state": "passed",
              "speed": "medium",
              "pass": true,
              "fail": false,
              "pending": false,
              "context": null,
              "code": "contact_Us_PO.contactForm_Submission(data.first_name, data.last_name, ' ', 'It is friday', 'body', 'Error: Invalid email address');",
              "err": {},
              "uuid": "0a3491de-c9db-49dd-ad80-afe105b1ab31",
              "parentUUID": "d15d57d5-7d39-4946-82dd-585164959474",
              "isHook": false,
              "skipped": false
            }
          ],
          "suites": [],
          "passes": [
            "a6c0e50a-85ef-42bc-ac4f-7cfd6c12b21a",
            "0a3491de-c9db-49dd-ad80-afe105b1ab31"
          ],
          "failures": [],
          "pending": [],
          "skipped": [],
          "duration": 13338,
          "root": false,
          "rootEmpty": false,
          "_timeout": 2000
        }
      ],
      "passes": [],
      "failures": [],
      "pending": [],
      "skipped": [],
      "duration": 0,
      "root": true,
      "rootEmpty": true,
      "_timeout": 2000
    },
    {
      "uuid": "87d1ff9d-78d7-425b-a608-d3e0f7fe203d",
      "title": "",
      "fullFile": "cypress/integration/Webdriver-uni/data-tables.js",
      "file": "cypress/integration/Webdriver-uni/data-tables.js",
      "beforeHooks": [],
      "afterHooks": [],
      "tests": [],
      "suites": [
        {
          "uuid": "d6933207-e7d9-44cf-8d7e-98ca07b61074",
          "title": "Handling data via webdriverUni",
          "fullFile": "",
          "file": "",
          "beforeHooks": [],
          "afterHooks": [],
          "tests": [
            {
              "title": "calculate and assert the total age of all users",
              "fullTitle": "Handling data via webdriverUni calculate and assert the total age of all users",
              "timedOut": null,
              "duration": 1896,
              "state": "passed",
              "speed": "fast",
              "pass": true,
              "fail": false,
              "pending": false,
              "context": null,
              "code": "var userDetails = [];\nlet numb = 0;\ncy.get('#thumbnail-1 td').each(($el, index, $list) => {\n  userDetails[index] = $el.text();\n}).then(() => {\n  var i;\n  for (i = 0; i < userDetails.length; i++) {\n    if (Number(userDetails[i])) {\n      numb += Number(userDetails[i]);\n    }\n    ;\n  }\n  ;\n  cy.log(\"Total age: \" + numb);\n  expect(numb).to.eq(322);\n});",
              "err": {},
              "uuid": "40a3bd5e-736c-4f1c-83f4-e7d229d7e3e0",
              "parentUUID": "d6933207-e7d9-44cf-8d7e-98ca07b61074",
              "isHook": false,
              "skipped": false
            },
            {
              "title": "calculate and assert of the given user by the last name",
              "fullTitle": "Handling data via webdriverUni calculate and assert of the given user by the last name",
              "timedOut": null,
              "duration": 478,
              "state": "passed",
              "speed": "fast",
              "pass": true,
              "fail": false,
              "pending": false,
              "context": null,
              "code": "cy.get('#thumbnail-1 tr td:nth-child(2)').each(($el, index, $list) => {\n  const text = $el.text();\n  if (text.includes(\"Woods\")) {\n    cy.get('#thumbnail-1 tr td:nth-child(2)').eq(index).next().then(function (age) {\n      const userAge = age.text();\n      expect(userAge).to.eq('80');\n    });\n  }\n  ;\n});",
              "err": {},
              "uuid": "30d085e5-b587-41d2-8371-bedb3d448164",
              "parentUUID": "d6933207-e7d9-44cf-8d7e-98ca07b61074",
              "isHook": false,
              "skipped": false
            }
          ],
          "suites": [],
          "passes": [
            "40a3bd5e-736c-4f1c-83f4-e7d229d7e3e0",
            "30d085e5-b587-41d2-8371-bedb3d448164"
          ],
          "failures": [],
          "pending": [],
          "skipped": [],
          "duration": 2374,
          "root": false,
          "rootEmpty": false,
          "_timeout": 2000
        }
      ],
      "passes": [],
      "failures": [],
      "pending": [],
      "skipped": [],
      "duration": 0,
      "root": true,
      "rootEmpty": true,
      "_timeout": 2000
    },
    {
      "uuid": "ed03c795-23ed-48a0-a45e-c52bf3a7d74f",
      "title": "",
      "fullFile": "cypress/integration/Webdriver-uni/datepicker.js",
      "file": "cypress/integration/Webdriver-uni/datepicker.js",
      "beforeHooks": [],
      "afterHooks": [],
      "tests": [],
      "suites": [
        {
          "uuid": "b1649934-7f35-450f-a2ca-4465343b7b65",
          "title": "Test datepicker via webdriverUni",
          "fullFile": "",
          "file": "",
          "beforeHooks": [],
          "afterHooks": [],
          "tests": [
            {
              "title": "Select date from the datepicker",
              "fullTitle": "Test datepicker via webdriverUni Select date from the datepicker",
              "timedOut": null,
              "duration": 4095,
              "state": "passed",
              "speed": "fast",
              "pass": true,
              "fail": false,
              "pending": false,
              "context": null,
              "code": "cy.visit(\"http://www.webdriveruniversity.com\");\ncy.get('#datepicker').invoke('removeAttr', 'target').click({\n  force: true\n});\ncy.get('#datepicker').click(); // let date = new Date();\n// date.setDate(date.getDate());   //get current day\n// cy.log(date.getDate());\n// let date2 = new Date();\n// date2.setDate(date2.getDate() + 5); \n// cy.log(date2.getDate());\nvar date = new Date();\ndate.setDate(date.getDate() + 200);\nvar futureYear = date.getFullYear();\nvar futureMonth = date.toLocaleString(\"default\", {\n  month: \"long\"\n});\nvar futureDay = date.getDate();\ncy.log(\"future year to select: \" + futureYear);\ncy.log(\"future month to select: \" + futureMonth);\ncy.log(\"future day to select: \" + futureDay);\nfunction selectMonthAndYear() {\n  cy.get('.datepicker-dropdown').find('.datepicker-switch').first().then(currentDate => {\n    if (!currentDate.text().includes(futureYear)) {\n      cy.get('.next').first().click();\n      selectMonthAndYear();\n    }\n    ;\n  }).then(() => {\n    cy.get('.datepicker-dropdown').find('.datepicker-switch').first().then(currentDate => {\n      if (!currentDate.text().includes(futureMonth)) {\n        cy.get('.next').first().click();\n        selectMonthAndYear();\n      }\n      ;\n    });\n  });\n}\n;\nfunction selectFutureDay() {\n  cy.get('[class = \"day\"]').contains(futureDay).click();\n}\n;\nselectMonthAndYear();\nselectFutureDay();",
              "err": {},
              "uuid": "69adca67-daa1-4405-897d-44383ee4c8ba",
              "parentUUID": "b1649934-7f35-450f-a2ca-4465343b7b65",
              "isHook": false,
              "skipped": false
            }
          ],
          "suites": [],
          "passes": [
            "69adca67-daa1-4405-897d-44383ee4c8ba"
          ],
          "failures": [],
          "pending": [],
          "skipped": [],
          "duration": 4095,
          "root": false,
          "rootEmpty": false,
          "_timeout": 2000
        }
      ],
      "passes": [],
      "failures": [],
      "pending": [],
      "skipped": [],
      "duration": 0,
      "root": true,
      "rootEmpty": true,
      "_timeout": 2000
    },
    {
      "uuid": "5266c955-5e72-46da-9f92-7c8dd35a95c5",
      "title": "",
      "fullFile": "cypress/integration/Webdriver-uni/file-upload.js",
      "file": "cypress/integration/Webdriver-uni/file-upload.js",
      "beforeHooks": [],
      "afterHooks": [],
      "tests": [],
      "suites": [
        {
          "uuid": "09042c1c-dc64-43d7-b0ec-40a3c624cc17",
          "title": "Test file upload via webdriveruni",
          "fullFile": "",
          "file": "",
          "beforeHooks": [],
          "afterHooks": [],
          "tests": [
            {
              "title": "Upload the file",
              "fullTitle": "Test file upload via webdriveruni Upload the file",
              "timedOut": null,
              "duration": 1244,
              "state": "passed",
              "speed": "fast",
              "pass": true,
              "fail": false,
              "pending": false,
              "context": null,
              "code": "cy.visit(\"http://www.webdriveruniversity.com\");\ncy.get('#file-upload').invoke('removeAttr', 'target').click({\n  force: true\n});\ncy.fixture(\"png-clipart-snoopy.png\", \"base64\").then(fileContent => {\n  cy.get('#myFile').attachFile({\n    fileContent,\n    fileName: \"png-clipart-snoopy.png\",\n    mimeType: \"image/png\"\n  }, {\n    uploadType: \"input\"\n  });\n});\ncy.get('#submit-button').click();",
              "err": {},
              "uuid": "cdc80713-7c9c-477d-af42-06e2aa9c6891",
              "parentUUID": "09042c1c-dc64-43d7-b0ec-40a3c624cc17",
              "isHook": false,
              "skipped": false
            },
            {
              "title": "Upload no file",
              "fullTitle": "Test file upload via webdriveruni Upload no file",
              "timedOut": null,
              "duration": 571,
              "state": "passed",
              "speed": "fast",
              "pass": true,
              "fail": false,
              "pending": false,
              "context": null,
              "code": "cy.visit(\"http://www.webdriveruniversity.com\");\ncy.get('#file-upload').invoke('removeAttr', 'target').click({\n  force: true\n});\ncy.get('#submit-button').click();",
              "err": {},
              "uuid": "b99b8298-ba04-4f77-8a66-b45e06c1b3f8",
              "parentUUID": "09042c1c-dc64-43d7-b0ec-40a3c624cc17",
              "isHook": false,
              "skipped": false
            }
          ],
          "suites": [],
          "passes": [
            "cdc80713-7c9c-477d-af42-06e2aa9c6891",
            "b99b8298-ba04-4f77-8a66-b45e06c1b3f8"
          ],
          "failures": [],
          "pending": [],
          "skipped": [],
          "duration": 1815,
          "root": false,
          "rootEmpty": false,
          "_timeout": 2000
        }
      ],
      "passes": [],
      "failures": [],
      "pending": [],
      "skipped": [],
      "duration": 0,
      "root": true,
      "rootEmpty": true,
      "_timeout": 2000
    },
    {
      "uuid": "21903766-ca68-4114-9f49-5b254a7a7c36",
      "title": "",
      "fullFile": "cypress/integration/Webdriver-uni/iframe.js",
      "file": "cypress/integration/Webdriver-uni/iframe.js",
      "beforeHooks": [],
      "afterHooks": [],
      "tests": [],
      "suites": [
        {
          "uuid": "fa34ba97-ff61-42dc-90dd-24be7b5eb2db",
          "title": "Handlig iframe and modales",
          "fullFile": "",
          "file": "",
          "beforeHooks": [],
          "afterHooks": [],
          "tests": [
            {
              "title": "Handle webdriveruni iframe and modal",
              "fullTitle": "Handlig iframe and modales Handle webdriveruni iframe and modal",
              "timedOut": null,
              "duration": 1964,
              "state": "passed",
              "speed": "fast",
              "pass": true,
              "fail": false,
              "pending": false,
              "context": null,
              "code": "cy.visit(\"http://www.webdriveruniversity.com\");\ncy.get('#iframe').invoke('removeAttr', 'target').click({\n  force: true\n});\ncy.get('#frame').then($iframe => {\n  const body = $iframe.contents().find('body');\n  cy.wrap(body).as('iframe');\n});\ncy.get('@iframe').find('#button-find-out-more').click();\ncy.get('@iframe').find('#myModal').as('modal');\ncy.get('@modal').should($expectedText => {\n  const text = $expectedText.text();\n  expect(text).to.include('Welcome to webdriveruniversity.com we sell a wide range of');\n});\ncy.get('@modal').contains('Close').click();",
              "err": {},
              "uuid": "2b98d409-a483-4df8-80bf-5dce8ce12151",
              "parentUUID": "fa34ba97-ff61-42dc-90dd-24be7b5eb2db",
              "isHook": false,
              "skipped": false
            }
          ],
          "suites": [],
          "passes": [
            "2b98d409-a483-4df8-80bf-5dce8ce12151"
          ],
          "failures": [],
          "pending": [],
          "skipped": [],
          "duration": 1964,
          "root": false,
          "rootEmpty": false,
          "_timeout": 2000
        }
      ],
      "passes": [],
      "failures": [],
      "pending": [],
      "skipped": [],
      "duration": 0,
      "root": true,
      "rootEmpty": true,
      "_timeout": 2000
    },
    {
      "uuid": "39b4bfde-1f10-4fd4-b903-32790af096ae",
      "title": "",
      "fullFile": "cypress/integration/Webdriver-uni/js-alerts.js",
      "file": "cypress/integration/Webdriver-uni/js-alerts.js",
      "beforeHooks": [],
      "afterHooks": [],
      "tests": [],
      "suites": [
        {
          "uuid": "ccceddc7-b0bd-4e18-aa62-03499cbc0434",
          "title": "Handle js alerts",
          "fullFile": "",
          "file": "",
          "beforeHooks": [],
          "afterHooks": [],
          "tests": [
            {
              "title": "Confirm js alerts contain the right text",
              "fullTitle": "Handle js alerts Confirm js alerts contain the right text",
              "timedOut": null,
              "duration": 1095,
              "state": "passed",
              "speed": "fast",
              "pass": true,
              "fail": false,
              "pending": false,
              "context": null,
              "code": "//cy.visit(\"http://www.webdriveruniversity.com/Contact-Us/contactus.html\");\ncy.visit(\"http://www.webdriveruniversity.com\");\ncy.get('#popup-alerts').invoke('removeAttr', 'target').click({\n  force: true\n});\ncy.get('#button1').click();\ncy.on('window:alert', str => {\n  expect(str).to.equal('I am an alert box!');\n});",
              "err": {},
              "uuid": "db098328-4cc1-444a-b3ea-8f50a4b2db4d",
              "parentUUID": "ccceddc7-b0bd-4e18-aa62-03499cbc0434",
              "isHook": false,
              "skipped": false
            },
            {
              "title": "Validate JS confirm box works correctly when clicking ok",
              "fullTitle": "Handle js alerts Validate JS confirm box works correctly when clicking ok",
              "timedOut": null,
              "duration": 764,
              "state": "passed",
              "speed": "fast",
              "pass": true,
              "fail": false,
              "pending": false,
              "context": null,
              "code": "cy.visit(\"http://www.webdriveruniversity.com\");\ncy.get('#popup-alerts').invoke('removeAttr', 'target').click({\n  force: true\n});\ncy.get('#button4').click();\ncy.on('window:confirm', str => {\n  return true; //clicks ok\n});\ncy.get('#confirm-alert-text').should('contain', 'You pressed OK!');",
              "err": {},
              "uuid": "45352e98-c0a5-4325-9545-358b7d37b0ee",
              "parentUUID": "ccceddc7-b0bd-4e18-aa62-03499cbc0434",
              "isHook": false,
              "skipped": false
            },
            {
              "title": "Validate JS confirm box works correctly when clicking cancel",
              "fullTitle": "Handle js alerts Validate JS confirm box works correctly when clicking cancel",
              "timedOut": null,
              "duration": 487,
              "state": "passed",
              "speed": "fast",
              "pass": true,
              "fail": false,
              "pending": false,
              "context": null,
              "code": "cy.visit(\"http://www.webdriveruniversity.com\");\ncy.get('#popup-alerts').invoke('removeAttr', 'target').click({\n  force: true\n});\ncy.get('#button4').click();\ncy.on('window:confirm', str => {\n  return false; //clicks cancel\n});\ncy.get('#confirm-alert-text').contains('You pressed Cancel!');",
              "err": {},
              "uuid": "0accb750-e4d4-4d7c-b5cd-fef615dc3c1b",
              "parentUUID": "ccceddc7-b0bd-4e18-aa62-03499cbc0434",
              "isHook": false,
              "skipped": false
            },
            {
              "title": "Using the stub",
              "fullTitle": "Handle js alerts Using the stub",
              "timedOut": null,
              "duration": 532,
              "state": "passed",
              "speed": "fast",
              "pass": true,
              "fail": false,
              "pending": false,
              "context": null,
              "code": "cy.visit(\"http://www.webdriveruniversity.com\");\ncy.get('#popup-alerts').invoke('removeAttr', 'target').click({\n  force: true\n});\nconst stub = cy.stub();\ncy.on('window:confirm', stub);\ncy.get('#button4').click().then(() => {\n  expect(stub.getCall(0)).to.be.calledWith('Press a button!');\n}).then(() => {\n  return true;\n}).then(() => {\n  cy.get('#confirm-alert-text').should('contain', 'You pressed OK!');\n});",
              "err": {},
              "uuid": "610d0f6d-2781-4de9-b372-f3b8f51d1980",
              "parentUUID": "ccceddc7-b0bd-4e18-aa62-03499cbc0434",
              "isHook": false,
              "skipped": false
            }
          ],
          "suites": [],
          "passes": [
            "db098328-4cc1-444a-b3ea-8f50a4b2db4d",
            "45352e98-c0a5-4325-9545-358b7d37b0ee",
            "0accb750-e4d4-4d7c-b5cd-fef615dc3c1b",
            "610d0f6d-2781-4de9-b372-f3b8f51d1980"
          ],
          "failures": [],
          "pending": [],
          "skipped": [],
          "duration": 2878,
          "root": false,
          "rootEmpty": false,
          "_timeout": 2000
        }
      ],
      "passes": [],
      "failures": [],
      "pending": [],
      "skipped": [],
      "duration": 0,
      "root": true,
      "rootEmpty": true,
      "_timeout": 2000
    },
    {
      "uuid": "5d7bbe39-c929-47ea-b84f-2b43b818c139",
      "title": "",
      "fullFile": "cypress/integration/Webdriver-uni/mouse-actions.js",
      "file": "cypress/integration/Webdriver-uni/mouse-actions.js",
      "beforeHooks": [],
      "afterHooks": [],
      "tests": [],
      "suites": [
        {
          "uuid": "ede80c3a-f653-4537-89db-a50f0aef4ad8",
          "title": "Test mouse actions",
          "fullFile": "",
          "file": "",
          "beforeHooks": [],
          "afterHooks": [],
          "tests": [
            {
              "title": "Scroll element into view",
              "fullTitle": "Test mouse actions Scroll element into view",
              "timedOut": null,
              "duration": 1193,
              "state": "passed",
              "speed": "fast",
              "pass": true,
              "fail": false,
              "pending": false,
              "context": null,
              "code": "cy.visit(\"http://www.webdriveruniversity.com\");\ncy.get('#actions').scrollIntoView().invoke('removeAttr', 'target').click({\n  force: true\n});",
              "err": {},
              "uuid": "316164d0-4adf-4da3-95c3-bcb3842505ee",
              "parentUUID": "ede80c3a-f653-4537-89db-a50f0aef4ad8",
              "isHook": false,
              "skipped": false
            },
            {
              "title": "Drag and drop draggable item",
              "fullTitle": "Test mouse actions Drag and drop draggable item",
              "timedOut": null,
              "duration": 511,
              "state": "passed",
              "speed": "fast",
              "pass": true,
              "fail": false,
              "pending": false,
              "context": null,
              "code": "cy.visit(\"http://www.webdriveruniversity.com\");\ncy.get('#actions').scrollIntoView().invoke('removeAttr', 'target').click({\n  force: true\n});\ncy.get('#draggable').trigger('mousedown', {\n  which: 1\n});\ncy.get('#droppable').trigger('mousemove').trigger('mouseup', {\n  force: true\n});",
              "err": {},
              "uuid": "82bb7896-4e64-4e71-a82e-cd1a27fb3e36",
              "parentUUID": "ede80c3a-f653-4537-89db-a50f0aef4ad8",
              "isHook": false,
              "skipped": false
            },
            {
              "title": "Perform a double mouse click",
              "fullTitle": "Test mouse actions Perform a double mouse click",
              "timedOut": null,
              "duration": 467,
              "state": "passed",
              "speed": "fast",
              "pass": true,
              "fail": false,
              "pending": false,
              "context": null,
              "code": "cy.visit(\"http://www.webdriveruniversity.com\");\ncy.get('#actions').scrollIntoView().invoke('removeAttr', 'target').click({\n  force: true\n});\ncy.get('#double-click').dblclick();",
              "err": {},
              "uuid": "17be845c-5387-4d27-b9fd-d607cdcfbb36",
              "parentUUID": "ede80c3a-f653-4537-89db-a50f0aef4ad8",
              "isHook": false,
              "skipped": false
            },
            {
              "title": "Hold down the left mouse click on the given element",
              "fullTitle": "Test mouse actions Hold down the left mouse click on the given element",
              "timedOut": null,
              "duration": 414,
              "state": "passed",
              "speed": "fast",
              "pass": true,
              "fail": false,
              "pending": false,
              "context": null,
              "code": "cy.visit(\"http://www.webdriveruniversity.com\");\ncy.get('#actions').scrollIntoView().invoke('removeAttr', 'target').click({\n  force: true\n});\ncy.get('#click-box').trigger('mousedown', {\n  which: 1\n}).then($element => {\n  expect($element).to.have.css('background-color', 'rgb(0, 255, 0)');\n});",
              "err": {},
              "uuid": "13c15aee-6746-49e8-968d-51ab42518f05",
              "parentUUID": "ede80c3a-f653-4537-89db-a50f0aef4ad8",
              "isHook": false,
              "skipped": false
            }
          ],
          "suites": [],
          "passes": [
            "316164d0-4adf-4da3-95c3-bcb3842505ee",
            "82bb7896-4e64-4e71-a82e-cd1a27fb3e36",
            "17be845c-5387-4d27-b9fd-d607cdcfbb36",
            "13c15aee-6746-49e8-968d-51ab42518f05"
          ],
          "failures": [],
          "pending": [],
          "skipped": [],
          "duration": 2585,
          "root": false,
          "rootEmpty": false,
          "_timeout": 2000
        }
      ],
      "passes": [],
      "failures": [],
      "pending": [],
      "skipped": [],
      "duration": 0,
      "root": true,
      "rootEmpty": true,
      "_timeout": 2000
    },
    {
      "uuid": "22d9c610-5a49-4ba1-8d3f-617d26aaa15b",
      "title": "",
      "fullFile": "cypress/integration/Webdriver-uni/radio-buttons.js",
      "file": "cypress/integration/Webdriver-uni/radio-buttons.js",
      "beforeHooks": [],
      "afterHooks": [],
      "tests": [],
      "suites": [
        {
          "uuid": "d5a18de7-d391-4656-b9e1-da4940385b9f",
          "title": "Verify radiobuttons via WebdriverUni",
          "fullFile": "",
          "file": "",
          "beforeHooks": [],
          "afterHooks": [],
          "tests": [
            {
              "title": "Check specific radiobuttons",
              "fullTitle": "Verify radiobuttons via WebdriverUni Check specific radiobuttons",
              "timedOut": null,
              "duration": 1579,
              "state": "passed",
              "speed": "fast",
              "pass": true,
              "fail": false,
              "pending": false,
              "context": null,
              "code": "// cy.visit(\"http://www.webdriveruniversity.com\");\n// cy.get('#dropdown-checkboxes-radiobuttons').invoke('removeAttr', 'target').click({force:true});\ncy.get('#radio-buttons').find(\"[type = 'radio']\").first().check();\ncy.get('#radio-buttons').find(\"[type = 'radio']\").eq(1).check();",
              "err": {},
              "uuid": "f80e3147-59c0-4928-9d72-863ee3a28dfd",
              "parentUUID": "d5a18de7-d391-4656-b9e1-da4940385b9f",
              "isHook": false,
              "skipped": false
            },
            {
              "title": "Validate states of specific radiobuttons",
              "fullTitle": "Verify radiobuttons via WebdriverUni Validate states of specific radiobuttons",
              "timedOut": null,
              "duration": 169,
              "state": "passed",
              "speed": "fast",
              "pass": true,
              "fail": false,
              "pending": false,
              "context": null,
              "code": "// cy.visit(\"http://www.webdriveruniversity.com\");\n// cy.get('#dropdown-checkboxes-radiobuttons').invoke('removeAttr', 'target').click({force:true});\ncy.get(\"[value = 'lettuce']\").should('not.be.checked');\ncy.get(\"[value = 'pumpkin']\").should('be.checked');\ncy.get(\"[value = 'lettuce']\").check();\ncy.get(\"[value = 'lettuce']\").should('be.checked');\ncy.get(\"[value = 'pumpkin']\").should('not.be.checked');\ncy.get(\"[value = 'cabbage']\").should('be.disabled');",
              "err": {},
              "uuid": "851256af-d105-4206-aad6-7cba5e6b7974",
              "parentUUID": "d5a18de7-d391-4656-b9e1-da4940385b9f",
              "isHook": false,
              "skipped": false
            }
          ],
          "suites": [],
          "passes": [
            "f80e3147-59c0-4928-9d72-863ee3a28dfd",
            "851256af-d105-4206-aad6-7cba5e6b7974"
          ],
          "failures": [],
          "pending": [],
          "skipped": [],
          "duration": 1748,
          "root": false,
          "rootEmpty": false,
          "_timeout": 2000
        }
      ],
      "passes": [],
      "failures": [],
      "pending": [],
      "skipped": [],
      "duration": 0,
      "root": true,
      "rootEmpty": true,
      "_timeout": 2000
    },
    {
      "uuid": "a008d03a-3448-4abc-a26d-9e7780e67b6c",
      "title": "",
      "fullFile": "cypress/integration/Webdriver-uni/select-dropdown-list.js",
      "file": "cypress/integration/Webdriver-uni/select-dropdown-list.js",
      "beforeHooks": [],
      "afterHooks": [],
      "tests": [],
      "suites": [
        {
          "uuid": "237d4d74-b6cf-4afb-97ae-e79eb1ea40f1",
          "title": "Interact with dropdown lists via WebdriverUni",
          "fullFile": "",
          "file": "",
          "beforeHooks": [],
          "afterHooks": [],
          "tests": [
            {
              "title": "Select specific values via select dropdown lists",
              "fullTitle": "Interact with dropdown lists via WebdriverUni Select specific values via select dropdown lists",
              "timedOut": null,
              "duration": 1960,
              "state": "passed",
              "speed": "fast",
              "pass": true,
              "fail": false,
              "pending": false,
              "context": null,
              "code": "cy.visit(\"http://www.webdriveruniversity.com\");\ncy.get('#dropdown-checkboxes-radiobuttons').invoke('removeAttr', 'target').click({\n  force: true\n});\ncy.get('#dropdowm-menu-1').select('c#');\ncy.get('#dropdowm-menu-2').select('testng').should('have.value', 'testng');\ncy.get('#dropdowm-menu-3').select('jquery').contains('JQuery');\ncy.get('#dropdowm-menu-2').select('maven').contains('Maven');\ncy.get('#dropdowm-menu-2').select('TestNG').should('have.value', 'testng');",
              "err": {},
              "uuid": "ae5d7782-490d-4e09-9943-c5aff1d90406",
              "parentUUID": "237d4d74-b6cf-4afb-97ae-e79eb1ea40f1",
              "isHook": false,
              "skipped": false
            }
          ],
          "suites": [],
          "passes": [
            "ae5d7782-490d-4e09-9943-c5aff1d90406"
          ],
          "failures": [],
          "pending": [],
          "skipped": [],
          "duration": 1960,
          "root": false,
          "rootEmpty": false,
          "_timeout": 2000
        }
      ],
      "passes": [],
      "failures": [],
      "pending": [],
      "skipped": [],
      "duration": 0,
      "root": true,
      "rootEmpty": true,
      "_timeout": 2000
    },
    {
      "uuid": "0bcd257e-1690-4a6a-ad77-4f9d711bfa1d",
      "title": "",
      "fullFile": "cypress/integration/Webdriver-uni/traversing-elements.js",
      "file": "cypress/integration/Webdriver-uni/traversing-elements.js",
      "beforeHooks": [],
      "afterHooks": [],
      "tests": [],
      "suites": [
        {
          "uuid": "286d5784-7815-4169-895f-56c781d00358",
          "title": "Traversing DOM elements in Cypress",
          "fullFile": "",
          "file": "",
          "beforeHooks": [],
          "afterHooks": [],
          "tests": [
            {
              "title": "children() to get the children of DOM elements",
              "fullTitle": "Traversing DOM elements in Cypress children() to get the children of DOM elements",
              "timedOut": null,
              "duration": 1840,
              "state": "passed",
              "speed": "fast",
              "pass": true,
              "fail": false,
              "pending": false,
              "context": null,
              "code": "cy.get('.traversal-breadcrumb').children('.active').should('contain', 'Contact Us'); //question here",
              "err": {},
              "uuid": "7725928d-5524-47d3-8d1e-a76be984f3c8",
              "parentUUID": "286d5784-7815-4169-895f-56c781d00358",
              "isHook": false,
              "skipped": false
            },
            {
              "title": "closest() to validate the closest ancestor DOM element",
              "fullTitle": "Traversing DOM elements in Cypress closest() to validate the closest ancestor DOM element",
              "timedOut": null,
              "duration": 576,
              "state": "passed",
              "speed": "fast",
              "pass": true,
              "fail": false,
              "pending": false,
              "context": null,
              "code": "cy.get('.traversal-badge').closest('ul').should('have.class', 'list-group');",
              "err": {},
              "uuid": "19120776-a486-4cd2-b3c4-13a0522d0831",
              "parentUUID": "286d5784-7815-4169-895f-56c781d00358",
              "isHook": false,
              "skipped": false
            },
            {
              "title": "eq() to retrieve a specific element based on index",
              "fullTitle": "Traversing DOM elements in Cypress eq() to retrieve a specific element based on index",
              "timedOut": null,
              "duration": 525,
              "state": "passed",
              "speed": "fast",
              "pass": true,
              "fail": false,
              "pending": false,
              "context": null,
              "code": "cy.get('.traversal-drinks-list>*').eq(2).should('contain', 'Milk');",
              "err": {},
              "uuid": "546ef2c7-82e8-4416-952c-f930e6f49f84",
              "parentUUID": "286d5784-7815-4169-895f-56c781d00358",
              "isHook": false,
              "skipped": false
            },
            {
              "title": "filter() to retrieve DOM elements that match a specific selector",
              "fullTitle": "Traversing DOM elements in Cypress filter() to retrieve DOM elements that match a specific selector",
              "timedOut": null,
              "duration": 487,
              "state": "passed",
              "speed": "fast",
              "pass": true,
              "fail": false,
              "pending": false,
              "context": null,
              "code": "cy.get('.btn-group-toggle > *').filter('.active').should('contain', 'Button-1'); //locator question",
              "err": {},
              "uuid": "83783824-2cf2-46aa-be58-0549122572da",
              "parentUUID": "286d5784-7815-4169-895f-56c781d00358",
              "isHook": false,
              "skipped": false
            },
            {
              "title": "find() to retrieve DOM elements of a given selector",
              "fullTitle": "Traversing DOM elements in Cypress find() to retrieve DOM elements of a given selector",
              "timedOut": null,
              "duration": 576,
              "state": "passed",
              "speed": "fast",
              "pass": true,
              "fail": false,
              "pending": false,
              "context": null,
              "code": "cy.get('.traversal-pagination').find('li').find('a').should('have.length', '7');",
              "err": {},
              "uuid": "749df18d-03fa-484f-8f18-b45b83d564ba",
              "parentUUID": "286d5784-7815-4169-895f-56c781d00358",
              "isHook": false,
              "skipped": false
            },
            {
              "title": "first() to retrieve the first DOM element within elements ",
              "fullTitle": "Traversing DOM elements in Cypress first() to retrieve the first DOM element within elements ",
              "timedOut": null,
              "duration": 592,
              "state": "passed",
              "speed": "fast",
              "pass": true,
              "fail": false,
              "pending": false,
              "context": null,
              "code": "cy.get('.traversal-table > tbody >tr > td').first().should('contain', 'Andy');",
              "err": {},
              "uuid": "189a472d-9fd0-487b-9890-600524d1918f",
              "parentUUID": "286d5784-7815-4169-895f-56c781d00358",
              "isHook": false,
              "skipped": false
            },
            {
              "title": "last() to retrieve the last DOM element within elements",
              "fullTitle": "Traversing DOM elements in Cypress last() to retrieve the last DOM element within elements",
              "timedOut": null,
              "duration": 411,
              "state": "passed",
              "speed": "fast",
              "pass": true,
              "fail": false,
              "pending": false,
              "context": null,
              "code": "cy.get('.traversal-table > tbody >tr > td').last().should('contain', 'Scott');",
              "err": {},
              "uuid": "5dfafd62-d292-4d0b-9e72-48f36097039c",
              "parentUUID": "286d5784-7815-4169-895f-56c781d00358",
              "isHook": false,
              "skipped": false
            },
            {
              "title": "nextAll() to get all of the next sibling DOM elements within elements",
              "fullTitle": "Traversing DOM elements in Cypress nextAll() to get all of the next sibling DOM elements within elements",
              "timedOut": null,
              "duration": 454,
              "state": "passed",
              "speed": "fast",
              "pass": true,
              "fail": false,
              "pending": false,
              "context": null,
              "code": "cy.get('.traversal-drinks-list').contains('Tea').nextAll().should('have.length', '3');",
              "err": {},
              "uuid": "1bfe3906-2799-45ef-9849-e18473db9594",
              "parentUUID": "286d5784-7815-4169-895f-56c781d00358",
              "isHook": false,
              "skipped": false
            },
            {
              "title": "nextUntil() to get all of the next sibling DOM elements within elements until another element",
              "fullTitle": "Traversing DOM elements in Cypress nextUntil() to get all of the next sibling DOM elements within elements until another element",
              "timedOut": null,
              "duration": 446,
              "state": "passed",
              "speed": "fast",
              "pass": true,
              "fail": false,
              "pending": false,
              "context": null,
              "code": "cy.get('#coffee').contains('Coffee').nextUntil('#milk').should('contain', 'Tea');",
              "err": {},
              "uuid": "c31b5963-85b2-4543-b73d-f4c04171cf09",
              "parentUUID": "286d5784-7815-4169-895f-56c781d00358",
              "isHook": false,
              "skipped": false
            },
            {
              "title": "not() to remove DOM element(s) from the set of elements",
              "fullTitle": "Traversing DOM elements in Cypress not() to remove DOM element(s) from the set of elements",
              "timedOut": null,
              "duration": 451,
              "state": "passed",
              "speed": "fast",
              "pass": true,
              "fail": false,
              "pending": false,
              "context": null,
              "code": "cy.get('.traversal-button-states > button').not('.disabled').should('not.have.class', 'disabled');",
              "err": {},
              "uuid": "467cefee-76f5-416c-8b2e-b0498c2baf17",
              "parentUUID": "286d5784-7815-4169-895f-56c781d00358",
              "isHook": false,
              "skipped": false
            },
            {
              "title": "parent() To get parent DOM element of elements",
              "fullTitle": "Traversing DOM elements in Cypress parent() To get parent DOM element of elements",
              "timedOut": null,
              "duration": 433,
              "state": "passed",
              "speed": "fast",
              "pass": true,
              "fail": false,
              "pending": false,
              "context": null,
              "code": "cy.get('.traversal-mark').parent().should('contain', 'ipsum');",
              "err": {},
              "uuid": "f7233d36-028d-402a-8cbe-05a69582bb75",
              "parentUUID": "286d5784-7815-4169-895f-56c781d00358",
              "isHook": false,
              "skipped": false
            },
            {
              "title": "parents() to get parents DOM element of elements",
              "fullTitle": "Traversing DOM elements in Cypress parents() to get parents DOM element of elements",
              "timedOut": null,
              "duration": 595,
              "state": "passed",
              "speed": "fast",
              "pass": true,
              "fail": false,
              "pending": false,
              "context": null,
              "code": "cy.get('.traversal-cite').parents().should('match', 'blockquote');",
              "err": {},
              "uuid": "1ea04753-c9fa-4c8d-aba2-43dc65558483",
              "parentUUID": "286d5784-7815-4169-895f-56c781d00358",
              "isHook": false,
              "skipped": false
            },
            {
              "title": "prev() to get the previous sibling DOM element within elements",
              "fullTitle": "Traversing DOM elements in Cypress prev() to get the previous sibling DOM element within elements",
              "timedOut": null,
              "duration": 427,
              "state": "passed",
              "speed": "fast",
              "pass": true,
              "fail": false,
              "pending": false,
              "context": null,
              "code": "cy.get('#sugar').prev().contains('Espresso');",
              "err": {},
              "uuid": "86098c9d-c082-4e8f-9f57-38b2a697a6f9",
              "parentUUID": "286d5784-7815-4169-895f-56c781d00358",
              "isHook": false,
              "skipped": false
            },
            {
              "title": "prevAll() to get all previous sibling DOM elements within elements",
              "fullTitle": "Traversing DOM elements in Cypress prevAll() to get all previous sibling DOM elements within elements",
              "timedOut": null,
              "duration": 421,
              "state": "passed",
              "speed": "fast",
              "pass": true,
              "fail": false,
              "pending": false,
              "context": null,
              "code": "cy.get('.sales').prevAll().should('have.length', '2');",
              "err": {},
              "uuid": "3d01913b-ab85-4ba6-a3c9-809f145d08c6",
              "parentUUID": "286d5784-7815-4169-895f-56c781d00358",
              "isHook": false,
              "skipped": false
            },
            {
              "title": "prevUntil() to get all previous sibling DOM elements within elements until other element",
              "fullTitle": "Traversing DOM elements in Cypress prevUntil() to get all previous sibling DOM elements within elements until other element",
              "timedOut": null,
              "duration": 421,
              "state": "passed",
              "speed": "fast",
              "pass": true,
              "fail": false,
              "pending": false,
              "context": null,
              "code": "cy.get('#veggie').prevUntil('#fruits').should('have.length', '5');",
              "err": {},
              "uuid": "d7c5553c-4951-4492-ac2d-4d578140e9d5",
              "parentUUID": "286d5784-7815-4169-895f-56c781d00358",
              "isHook": false,
              "skipped": false
            },
            {
              "title": "siblings() To get all sibling DOM elements of elements",
              "fullTitle": "Traversing DOM elements in Cypress siblings() To get all sibling DOM elements of elements",
              "timedOut": null,
              "duration": 413,
              "state": "passed",
              "speed": "fast",
              "pass": true,
              "fail": false,
              "pending": false,
              "context": null,
              "code": "cy.get('.traversal-button-other-states .active').siblings().should('have.length', '3');",
              "err": {},
              "uuid": "356f1fdb-5152-458a-950a-a0d7817e3bb9",
              "parentUUID": "286d5784-7815-4169-895f-56c781d00358",
              "isHook": false,
              "skipped": false
            }
          ],
          "suites": [],
          "passes": [
            "7725928d-5524-47d3-8d1e-a76be984f3c8",
            "19120776-a486-4cd2-b3c4-13a0522d0831",
            "546ef2c7-82e8-4416-952c-f930e6f49f84",
            "83783824-2cf2-46aa-be58-0549122572da",
            "749df18d-03fa-484f-8f18-b45b83d564ba",
            "189a472d-9fd0-487b-9890-600524d1918f",
            "5dfafd62-d292-4d0b-9e72-48f36097039c",
            "1bfe3906-2799-45ef-9849-e18473db9594",
            "c31b5963-85b2-4543-b73d-f4c04171cf09",
            "467cefee-76f5-416c-8b2e-b0498c2baf17",
            "f7233d36-028d-402a-8cbe-05a69582bb75",
            "1ea04753-c9fa-4c8d-aba2-43dc65558483",
            "86098c9d-c082-4e8f-9f57-38b2a697a6f9",
            "3d01913b-ab85-4ba6-a3c9-809f145d08c6",
            "d7c5553c-4951-4492-ac2d-4d578140e9d5",
            "356f1fdb-5152-458a-950a-a0d7817e3bb9"
          ],
          "failures": [],
          "pending": [],
          "skipped": [],
          "duration": 9068,
          "root": false,
          "rootEmpty": false,
          "_timeout": 2000
        }
      ],
      "passes": [],
      "failures": [],
      "pending": [],
      "skipped": [],
      "duration": 0,
      "root": true,
      "rootEmpty": true,
      "_timeout": 2000
    },
    {
      "uuid": "6f5c7f82-00e9-4ca3-a227-e6848ff99468",
      "title": "",
      "fullFile": "cypress/integration/1-getting-started/todo.spec.js",
      "file": "cypress/integration/1-getting-started/todo.spec.js",
      "beforeHooks": [],
      "afterHooks": [],
      "tests": [],
      "suites": [
        {
          "uuid": "15ec2faf-0448-4615-a365-14932af6eab9",
          "title": "example to-do app",
          "fullFile": "",
          "file": "",
          "beforeHooks": [],
          "afterHooks": [],
          "tests": [
            {
              "title": "displays two todo items by default",
              "fullTitle": "example to-do app displays two todo items by default",
              "timedOut": null,
              "duration": 917,
              "state": "passed",
              "speed": "fast",
              "pass": true,
              "fail": false,
              "pending": false,
              "context": null,
              "code": "// We use the `cy.get()` command to get all elements that match the selector.\n// Then, we use `should` to assert that there are two matched items,\n// which are the two default items.\ncy.get('.todo-list li').should('have.length', 2); // We can go even further and check that the default todos each contain\n// the correct text. We use the `first` and `last` functions\n// to get just the first and last matched elements individually,\n// and then perform an assertion with `should`.\ncy.get('.todo-list li').first().should('have.text', 'Pay electric bill');\ncy.get('.todo-list li').last().should('have.text', 'Walk the dog');",
              "err": {},
              "uuid": "a9a02a31-b922-4026-b98f-ee84748f96ce",
              "parentUUID": "15ec2faf-0448-4615-a365-14932af6eab9",
              "isHook": false,
              "skipped": false
            },
            {
              "title": "can add new todo items",
              "fullTitle": "example to-do app can add new todo items",
              "timedOut": null,
              "duration": 573,
              "state": "passed",
              "speed": "fast",
              "pass": true,
              "fail": false,
              "pending": false,
              "context": null,
              "code": "// We'll store our item text in a variable so we can reuse it\nconst newItem = 'Feed the cat'; // Let's get the input element and use the `type` command to\n// input our new list item. After typing the content of our item,\n// we need to type the enter key as well in order to submit the input.\n// This input has a data-test attribute so we'll use that to select the\n// element in accordance with best practices:\n// https://on.cypress.io/selecting-elements\ncy.get('[data-test=new-todo]').type(`${newItem}{enter}`); // Now that we've typed our new item, let's check that it actually was added to the list.\n// Since it's the newest item, it should exist as the last element in the list.\n// In addition, with the two default items, we should have a total of 3 elements in the list.\n// Since assertions yield the element that was asserted on,\n// we can chain both of these assertions together into a single statement.\ncy.get('.todo-list li').should('have.length', 3).last().should('have.text', newItem);",
              "err": {},
              "uuid": "78a9254f-4a62-44dd-bd22-c454d9a0a699",
              "parentUUID": "15ec2faf-0448-4615-a365-14932af6eab9",
              "isHook": false,
              "skipped": false
            },
            {
              "title": "can check off an item as completed",
              "fullTitle": "example to-do app can check off an item as completed",
              "timedOut": null,
              "duration": 283,
              "state": "passed",
              "speed": "fast",
              "pass": true,
              "fail": false,
              "pending": false,
              "context": null,
              "code": "// In addition to using the `get` command to get an element by selector,\n// we can also use the `contains` command to get an element by its contents.\n// However, this will yield the <label>, which is lowest-level element that contains the text.\n// In order to check the item, we'll find the <input> element for this <label>\n// by traversing up the dom to the parent element. From there, we can `find`\n// the child checkbox <input> element and use the `check` command to check it.\ncy.contains('Pay electric bill').parent().find('input[type=checkbox]').check(); // Now that we've checked the button, we can go ahead and make sure\n// that the list element is now marked as completed.\n// Again we'll use `contains` to find the <label> element and then use the `parents` command\n// to traverse multiple levels up the dom until we find the corresponding <li> element.\n// Once we get that element, we can assert that it has the completed class.\ncy.contains('Pay electric bill').parents('li').should('have.class', 'completed');",
              "err": {},
              "uuid": "b1da08df-7e19-477d-9d6e-c428a1e71980",
              "parentUUID": "15ec2faf-0448-4615-a365-14932af6eab9",
              "isHook": false,
              "skipped": false
            }
          ],
          "suites": [
            {
              "uuid": "e2184e9c-ded0-4a3d-8c8c-f061d098749a",
              "title": "with a checked task",
              "fullFile": "",
              "file": "",
              "beforeHooks": [],
              "afterHooks": [],
              "tests": [
                {
                  "title": "can filter for uncompleted tasks",
                  "fullTitle": "example to-do app with a checked task can filter for uncompleted tasks",
                  "timedOut": null,
                  "duration": 374,
                  "state": "passed",
                  "speed": "fast",
                  "pass": true,
                  "fail": false,
                  "pending": false,
                  "context": null,
                  "code": "// We'll click on the \"active\" button in order to\n// display only incomplete items\ncy.contains('Active').click(); // After filtering, we can assert that there is only the one\n// incomplete item in the list.\ncy.get('.todo-list li').should('have.length', 1).first().should('have.text', 'Walk the dog'); // For good measure, let's also assert that the task we checked off\n// does not exist on the page.\ncy.contains('Pay electric bill').should('not.exist');",
                  "err": {},
                  "uuid": "465fa13a-392a-4ed1-a68e-401df6261aac",
                  "parentUUID": "e2184e9c-ded0-4a3d-8c8c-f061d098749a",
                  "isHook": false,
                  "skipped": false
                },
                {
                  "title": "can filter for completed tasks",
                  "fullTitle": "example to-do app with a checked task can filter for completed tasks",
                  "timedOut": null,
                  "duration": 379,
                  "state": "passed",
                  "speed": "fast",
                  "pass": true,
                  "fail": false,
                  "pending": false,
                  "context": null,
                  "code": "// We can perform similar steps as the test above to ensure\n// that only completed tasks are shown\ncy.contains('Completed').click();\ncy.get('.todo-list li').should('have.length', 1).first().should('have.text', 'Pay electric bill');\ncy.contains('Walk the dog').should('not.exist');",
                  "err": {},
                  "uuid": "dabaa085-bdf6-4bd7-a398-b0b1ac4f7af2",
                  "parentUUID": "e2184e9c-ded0-4a3d-8c8c-f061d098749a",
                  "isHook": false,
                  "skipped": false
                },
                {
                  "title": "can delete all completed tasks",
                  "fullTitle": "example to-do app with a checked task can delete all completed tasks",
                  "timedOut": null,
                  "duration": 371,
                  "state": "passed",
                  "speed": "fast",
                  "pass": true,
                  "fail": false,
                  "pending": false,
                  "context": null,
                  "code": "// First, let's click the \"Clear completed\" button\n// `contains` is actually serving two purposes here.\n// First, it's ensuring that the button exists within the dom.\n// This button only appears when at least one task is checked\n// so this command is implicitly verifying that it does exist.\n// Second, it selects the button so we can click it.\ncy.contains('Clear completed').click(); // Then we can make sure that there is only one element\n// in the list and our element does not exist\ncy.get('.todo-list li').should('have.length', 1).should('not.have.text', 'Pay electric bill'); // Finally, make sure that the clear button no longer exists.\ncy.contains('Clear completed').should('not.exist');",
                  "err": {},
                  "uuid": "26fa0ca6-bc16-4f22-a385-1815b33a830f",
                  "parentUUID": "e2184e9c-ded0-4a3d-8c8c-f061d098749a",
                  "isHook": false,
                  "skipped": false
                }
              ],
              "suites": [],
              "passes": [
                "465fa13a-392a-4ed1-a68e-401df6261aac",
                "dabaa085-bdf6-4bd7-a398-b0b1ac4f7af2",
                "26fa0ca6-bc16-4f22-a385-1815b33a830f"
              ],
              "failures": [],
              "pending": [],
              "skipped": [],
              "duration": 1124,
              "root": false,
              "rootEmpty": false,
              "_timeout": 2000
            }
          ],
          "passes": [
            "a9a02a31-b922-4026-b98f-ee84748f96ce",
            "78a9254f-4a62-44dd-bd22-c454d9a0a699",
            "b1da08df-7e19-477d-9d6e-c428a1e71980"
          ],
          "failures": [],
          "pending": [],
          "skipped": [],
          "duration": 1773,
          "root": false,
          "rootEmpty": false,
          "_timeout": 2000
        }
      ],
      "passes": [],
      "failures": [],
      "pending": [],
      "skipped": [],
      "duration": 0,
      "root": true,
      "rootEmpty": true,
      "_timeout": 2000
    }
  ],
  "meta": {
    "mocha": {
      "version": "7.0.1"
    },
    "mochawesome": {
      "options": {
        "quiet": false,
        "reportFilename": "mochawesome",
        "saveHtml": false,
        "saveJson": true,
        "consoleReporter": "spec",
        "useInlineDiffs": false,
        "code": true
      },
      "version": "7.0.1"
    },
    "marge": {
      "options": {
        "id": "default",
        "reportDir": "cypress/results/mochawesome",
        "quite": true,
        "overwrite": false,
        "html": false,
        "json": true
      },
      "version": "6.0.1"
    }
  }
}