{
  "stats": {
    "suites": 21,
    "tests": 56,
    "passes": 56,
    "pending": 0,
    "failures": 0,
    "start": "2022-02-17T14:59:24.741Z",
    "end": "2022-02-17T15:03:02.438Z",
    "duration": 99541,
    "testsRegistered": 56,
    "passPercent": 100,
    "pendingPercent": 0,
    "other": 0,
    "hasOther": false,
    "skipped": 0,
    "hasSkipped": false
  },
  "results": [
    {
      "uuid": "511878de-6caf-46fa-9e9e-615fd42fcb97",
      "title": "",
      "fullFile": "cypress/integration/Automation-test-store/add-multiple-items-to-basket_FINAL.js",
      "file": "cypress/integration/Automation-test-store/add-multiple-items-to-basket_FINAL.js",
      "beforeHooks": [],
      "afterHooks": [],
      "tests": [],
      "suites": [
        {
          "uuid": "b3a7aa22-23cb-49df-b255-03dfad45b3f4",
          "title": "Add multiple items to basket",
          "fullFile": "",
          "file": "",
          "beforeHooks": [],
          "afterHooks": [],
          "tests": [
            {
              "title": "Add specific items to basket",
              "fullTitle": "Add multiple items to basket Add specific items to basket",
              "timedOut": null,
              "duration": 3809,
              "state": "passed",
              "speed": "fast",
              "pass": true,
              "fail": false,
              "pending": false,
              "context": null,
              "code": "globalThis.data.productName.forEach(function (element) {\n  cy.addProductToBasket(element);\n});\ncy.get('.dropdown-toggle > .fa').click();",
              "err": {},
              "uuid": "f5cb63aa-50b3-420b-ab16-a5be9781e8d3",
              "parentUUID": "b3a7aa22-23cb-49df-b255-03dfad45b3f4",
              "isHook": false,
              "skipped": false
            }
          ],
          "suites": [],
          "passes": [
            "f5cb63aa-50b3-420b-ab16-a5be9781e8d3"
          ],
          "failures": [],
          "pending": [],
          "skipped": [],
          "duration": 3809,
          "root": false,
          "rootEmpty": false,
          "_timeout": 2000
        }
      ],
      "passes": [],
      "failures": [],
      "pending": [],
      "skipped": [],
      "duration": 0,
      "root": true,
      "rootEmpty": true,
      "_timeout": 2000
    },
    {
      "uuid": "2b654a33-c585-4762-ad64-0423bcb7756b",
      "title": "",
      "fullFile": "cypress/integration/Automation-test-store/add-multiple-items-to-basket.js",
      "file": "cypress/integration/Automation-test-store/add-multiple-items-to-basket.js",
      "beforeHooks": [],
      "afterHooks": [],
      "tests": [],
      "suites": [
        {
          "uuid": "37c838f4-90a8-46ae-aeb0-4c5fa3eb1ed5",
          "title": "Add multiple items to basket",
          "fullFile": "",
          "file": "",
          "beforeHooks": [],
          "afterHooks": [],
          "tests": [
            {
              "title": "Add specific items to basket",
              "fullTitle": "Add multiple items to basket Add specific items to basket",
              "timedOut": null,
              "duration": 4785,
              "state": "passed",
              "speed": "fast",
              "pass": true,
              "fail": false,
              "pending": false,
              "context": null,
              "code": "globalThis.data.productName.forEach(function (element) {\n  cy.addProductToBasket(element);\n});\ncy.get('.dropdown-toggle > .fa').click();",
              "err": {},
              "uuid": "a8a4353b-93ee-480b-810e-c12c65123b56",
              "parentUUID": "37c838f4-90a8-46ae-aeb0-4c5fa3eb1ed5",
              "isHook": false,
              "skipped": false
            }
          ],
          "suites": [],
          "passes": [
            "a8a4353b-93ee-480b-810e-c12c65123b56"
          ],
          "failures": [],
          "pending": [],
          "skipped": [],
          "duration": 4785,
          "root": false,
          "rootEmpty": false,
          "_timeout": 2000
        }
      ],
      "passes": [],
      "failures": [],
      "pending": [],
      "skipped": [],
      "duration": 0,
      "root": true,
      "rootEmpty": true,
      "_timeout": 2000
    },
    {
      "uuid": "34777e20-1044-46d7-8cfc-5371019c3f67",
      "title": "",
      "fullFile": "cypress/integration/Automation-test-store/alias-invoke.js",
      "file": "cypress/integration/Automation-test-store/alias-invoke.js",
      "beforeHooks": [],
      "afterHooks": [],
      "tests": [],
      "suites": [
        {
          "uuid": "7651fbd0-0bce-4bbf-a422-2c1528237876",
          "title": "Alias and invoke",
          "fullFile": "",
          "file": "",
          "beforeHooks": [],
          "afterHooks": [],
          "tests": [
            {
              "title": "Calculate total of normal and sale products",
              "fullTitle": "Alias and invoke Calculate total of normal and sale products",
              "timedOut": null,
              "duration": 2639,
              "state": "passed",
              "speed": "fast",
              "pass": true,
              "fail": false,
              "pending": false,
              "context": null,
              "code": "cy.visit(\"https://www.automationteststore.com/\");\ncy.get('.thumbnail').as('productThumbnail'); // cy.get('@productThumbnail').find('.oneprice').each(($el, index, $list) => {\n//     cy.log($el.text());\n// })\ncy.get('@productThumbnail').find('.oneprice').invoke('text').as('itemPrice');\ncy.get('@productThumbnail').find('.pricenew').invoke('text').as('saleItemPrice');\nvar itemsTotal = 0;\ncy.get('@itemPrice').then($linkText => {\n  var itemsPriceTotal = 0;\n  var itemPrice = $linkText.split('$');\n  var i;\n  for (i = 0; i < itemPrice.length; i++) {\n    cy.log(itemPrice[i]);\n    itemsPriceTotal += Number(itemPrice[i]);\n  }\n  ;\n  itemsTotal += itemsPriceTotal;\n  cy.log('Non sale items price total: ' + itemsPriceTotal);\n});\ncy.get('@saleItemPrice').then($linkText => {\n  var saleItemsPrice = 0;\n  var saleItemPrice = $linkText.split('$');\n  var i;\n  for (i = 0; i < saleItemPrice.length; i++) {\n    cy.log(saleItemPrice[i]);\n    saleItemsPrice += Number(saleItemPrice[i]);\n  }\n  ;\n  itemsTotal += saleItemsPrice;\n  cy.log('Sale items price total: ' + saleItemsPrice);\n}).then(() => {\n  cy.log('The total price of all products: ' + itemsTotal);\n  expect(itemsTotal).to.equal(648.5);\n});",
              "err": {},
              "uuid": "7a7dba49-80dd-400f-9ef4-1224d5013b63",
              "parentUUID": "7651fbd0-0bce-4bbf-a422-2c1528237876",
              "isHook": false,
              "skipped": false
            }
          ],
          "suites": [],
          "passes": [
            "7a7dba49-80dd-400f-9ef4-1224d5013b63"
          ],
          "failures": [],
          "pending": [],
          "skipped": [],
          "duration": 2639,
          "root": false,
          "rootEmpty": false,
          "_timeout": 2000
        }
      ],
      "passes": [],
      "failures": [],
      "pending": [],
      "skipped": [],
      "duration": 0,
      "root": true,
      "rootEmpty": true,
      "_timeout": 2000
    },
    {
      "uuid": "e7495656-e33e-4fea-ba8f-e3646576837b",
      "title": "",
      "fullFile": "cypress/integration/Automation-test-store/contact-us.js",
      "file": "cypress/integration/Automation-test-store/contact-us.js",
      "beforeHooks": [],
      "afterHooks": [],
      "tests": [],
      "suites": [
        {
          "uuid": "7faf61cb-f7fa-4b5e-8c9a-77dad30a2e20",
          "title": "Test Contact Us form via Automation test store",
          "fullFile": "",
          "file": "",
          "beforeHooks": [],
          "afterHooks": [],
          "tests": [
            {
              "title": "Should be able to submit a successful submission via Contact Us form",
              "fullTitle": "Test Contact Us form via Automation test store Should be able to submit a successful submission via Contact Us form",
              "timedOut": null,
              "duration": 12102,
              "state": "passed",
              "speed": "slow",
              "pass": true,
              "fail": false,
              "pending": false,
              "context": null,
              "code": "cy.visit(\"https://www.automationteststore.com/\");\ncy.get(\"a[href$= 'contact']\").click().then(function (linkName) {\n  console.log('It was ' + linkName.text() + ' button!');\n}); //cy.xpath(\"//a[contains(@href, 'contact')]\").click();\ncy.get('@user').then(user => {\n  cy.get('#ContactUsFrm_first_name').type(user.first_name);\n  cy.get('#ContactUsFrm_email').type(user.email);\n});\ncy.get('#ContactUsFrm_email').should('have.attr', 'name', 'email');\ncy.get('#ContactUsFrm_enquiry').type('It\\'s monday');\ncy.get(\"button[title = 'Submit']\").click();\ncy.get('.mb40 > :nth-child(3)').should('have.text', 'Your enquiry has been successfully sent to the store owner!');\ncy.log(\"The test is completed\");",
              "err": {},
              "uuid": "bb8716fa-c8ab-4f50-b277-66e40de9b526",
              "parentUUID": "7faf61cb-f7fa-4b5e-8c9a-77dad30a2e20",
              "isHook": false,
              "skipped": false
            }
          ],
          "suites": [],
          "passes": [
            "bb8716fa-c8ab-4f50-b277-66e40de9b526"
          ],
          "failures": [],
          "pending": [],
          "skipped": [],
          "duration": 12102,
          "root": false,
          "rootEmpty": false,
          "_timeout": 2000
        }
      ],
      "passes": [],
      "failures": [],
      "pending": [],
      "skipped": [],
      "duration": 0,
      "root": true,
      "rootEmpty": true,
      "_timeout": 2000
    },
    {
      "uuid": "baac150b-a33f-4d6e-aeab-5d0f3ecccd19",
      "title": "",
      "fullFile": "cypress/integration/Automation-test-store/inspect-item.js",
      "file": "cypress/integration/Automation-test-store/inspect-item.js",
      "beforeHooks": [],
      "afterHooks": [],
      "tests": [],
      "suites": [
        {
          "uuid": "6546f8cc-2441-40e2-806b-438eb91a5f5e",
          "title": "Inspect Automation Test Store items using chain of commands",
          "fullFile": "",
          "file": "",
          "beforeHooks": [],
          "afterHooks": [],
          "tests": [
            {
              "title": "Click on the first item using item text",
              "fullTitle": "Inspect Automation Test Store items using chain of commands Click on the first item using item text",
              "timedOut": null,
              "duration": 4463,
              "state": "passed",
              "speed": "fast",
              "pass": true,
              "fail": false,
              "pending": false,
              "context": null,
              "code": "cy.visit(\"https://www.automationteststore.com/\");\ncy.get('.prdocutname').contains('Skinsheen Bronzer Stick').click().then(function (itemHeaderText) {\n  console.log('Selected item: ' + itemHeaderText.text());\n});",
              "err": {},
              "uuid": "b65fae5b-7026-482d-86f2-6c76621636f7",
              "parentUUID": "6546f8cc-2441-40e2-806b-438eb91a5f5e",
              "isHook": false,
              "skipped": false
            }
          ],
          "suites": [],
          "passes": [
            "b65fae5b-7026-482d-86f2-6c76621636f7"
          ],
          "failures": [],
          "pending": [],
          "skipped": [],
          "duration": 4463,
          "root": false,
          "rootEmpty": false,
          "_timeout": 2000
        }
      ],
      "passes": [],
      "failures": [],
      "pending": [],
      "skipped": [],
      "duration": 0,
      "root": true,
      "rootEmpty": true,
      "_timeout": 2000
    },
    {
      "uuid": "24823999-431b-45a7-a415-6d88282137f0",
      "title": "",
      "fullFile": "cypress/integration/Automation-test-store/iterate-over-elements.js",
      "file": "cypress/integration/Automation-test-store/iterate-over-elements.js",
      "beforeHooks": [],
      "afterHooks": [],
      "tests": [],
      "suites": [
        {
          "uuid": "6e50daed-211b-4926-bcd7-8a0f67576d6b",
          "title": "Iterate over elements",
          "fullFile": "",
          "file": "",
          "beforeHooks": [],
          "afterHooks": [],
          "tests": [
            {
              "title": "Log information of all hair care products",
              "fullTitle": "Iterate over elements Log information of all hair care products",
              "timedOut": null,
              "duration": 4546,
              "state": "passed",
              "speed": "fast",
              "pass": true,
              "fail": false,
              "pending": false,
              "context": null,
              "code": "cy.get('.fixed_wrapper .prdocutname').each(($el, index, $list) => {\n  cy.log('Index = ' + index + ' : ' + $el.text());\n});",
              "err": {},
              "uuid": "ff640bf1-7f2d-4a93-9a10-f701f0189289",
              "parentUUID": "6e50daed-211b-4926-bcd7-8a0f67576d6b",
              "isHook": false,
              "skipped": false
            },
            {
              "title": "Add specific product to the basket",
              "fullTitle": "Iterate over elements Add specific product to the basket",
              "timedOut": null,
              "duration": 3580,
              "state": "passed",
              "speed": "fast",
              "pass": true,
              "fail": false,
              "pending": false,
              "context": null,
              "code": "cy.selectProduct('Curls to straight Shampoo'); // cy.get('.fixed_wrapper .prdocutname').each(($el, index, $list) => {\n//     if($el.text().includes('Curls to straight Shampoo')){\n//         cy.wrap($el).click();\n//     }\n// });",
              "err": {},
              "uuid": "e727f28c-3d3a-49d3-9089-6673059691a4",
              "parentUUID": "6e50daed-211b-4926-bcd7-8a0f67576d6b",
              "isHook": false,
              "skipped": false
            },
            {
              "title": "Add another specific product to the basket",
              "fullTitle": "Iterate over elements Add another specific product to the basket",
              "timedOut": null,
              "duration": 3352,
              "state": "passed",
              "speed": "fast",
              "pass": true,
              "fail": false,
              "pending": false,
              "context": null,
              "code": "cy.selectProduct('Seaweed Conditioner');",
              "err": {},
              "uuid": "561e86d7-42b8-4597-8d4e-1894a0f4d3e8",
              "parentUUID": "6e50daed-211b-4926-bcd7-8a0f67576d6b",
              "isHook": false,
              "skipped": false
            },
            {
              "title": "Add another specific product to the basket",
              "fullTitle": "Iterate over elements Add another specific product to the basket",
              "timedOut": null,
              "duration": 5818,
              "state": "passed",
              "speed": "medium",
              "pass": true,
              "fail": false,
              "pending": false,
              "context": null,
              "code": "cy.selectProduct('Pantene Pro-V Conditioner, Classic Care');",
              "err": {},
              "uuid": "e37affa6-ccbe-4f04-ab10-5e770089409d",
              "parentUUID": "6e50daed-211b-4926-bcd7-8a0f67576d6b",
              "isHook": false,
              "skipped": false
            }
          ],
          "suites": [],
          "passes": [
            "ff640bf1-7f2d-4a93-9a10-f701f0189289",
            "e727f28c-3d3a-49d3-9089-6673059691a4",
            "561e86d7-42b8-4597-8d4e-1894a0f4d3e8",
            "e37affa6-ccbe-4f04-ab10-5e770089409d"
          ],
          "failures": [],
          "pending": [],
          "skipped": [],
          "duration": 17296,
          "root": false,
          "rootEmpty": false,
          "_timeout": 2000
        }
      ],
      "passes": [],
      "failures": [],
      "pending": [],
      "skipped": [],
      "duration": 0,
      "root": true,
      "rootEmpty": true,
      "_timeout": 2000
    },
    {
      "uuid": "b2e9106b-efa5-48ba-82ce-9de50ed6b740",
      "title": "",
      "fullFile": "cypress/integration/Automation-test-store/variables-and-cy-commands.js",
      "file": "cypress/integration/Automation-test-store/variables-and-cy-commands.js",
      "beforeHooks": [],
      "afterHooks": [],
      "tests": [],
      "suites": [
        {
          "uuid": "5ba40fe2-965b-4fc4-8c08-5e74bd7336e8",
          "title": "Verifying variables, cypress commands and jquery commands",
          "fullFile": "",
          "file": "",
          "beforeHooks": [],
          "afterHooks": [],
          "tests": [
            {
              "title": "Validate properties of the Contact Us page",
              "fullTitle": "Verifying variables, cypress commands and jquery commands Validate properties of the Contact Us page",
              "timedOut": null,
              "duration": 3659,
              "state": "passed",
              "speed": "fast",
              "pass": true,
              "fail": false,
              "pending": false,
              "context": null,
              "code": "cy.visit(\"https://automationteststore.com/index.php?rt=content/contact\"); //Uses cypress commands & chaining\ncy.contains('#ContactUsFrm', 'Contact Us Form').find('#field_11').should('contain', 'First name'); //JQuery approach\ncy.contains('#ContactUsFrm', 'Contact Us Form').then(text => {\n  const firstNameText = text.find('#field_11').text();\n  expect(firstNameText).to.contain('First name'); //Embedded commands (Closure)\n  cy.get('#field_11').then(fnText => {\n    cy.log(fnText.text());\n    cy.log(fnText);\n  });\n}); //Embedded commands (Closure)",
              "err": {},
              "uuid": "15798305-8aa1-4c5e-b860-cafffff51dc7",
              "parentUUID": "5ba40fe2-965b-4fc4-8c08-5e74bd7336e8",
              "isHook": false,
              "skipped": false
            }
          ],
          "suites": [],
          "passes": [
            "15798305-8aa1-4c5e-b860-cafffff51dc7"
          ],
          "failures": [],
          "pending": [],
          "skipped": [],
          "duration": 3659,
          "root": false,
          "rootEmpty": false,
          "_timeout": 2000
        }
      ],
      "passes": [],
      "failures": [],
      "pending": [],
      "skipped": [],
      "duration": 0,
      "root": true,
      "rootEmpty": true,
      "_timeout": 2000
    },
    {
      "uuid": "6129243b-f09b-4b15-b71e-f9e7d7168451",
      "title": "",
      "fullFile": "cypress/integration/Webdriver-uni/autocomplete-dropdown-list.js",
      "file": "cypress/integration/Webdriver-uni/autocomplete-dropdown-list.js",
      "beforeHooks": [],
      "afterHooks": [],
      "tests": [],
      "suites": [
        {
          "uuid": "992494ac-ef7c-42cf-b8f4-453676c9960e",
          "title": "Verify autocomplete dropdown lists via WebdriverUni",
          "fullFile": "",
          "file": "",
          "beforeHooks": [],
          "afterHooks": [],
          "tests": [
            {
              "title": "Select specific product via autocomplete dropdown lists",
              "fullTitle": "Verify autocomplete dropdown lists via WebdriverUni Select specific product via autocomplete dropdown lists",
              "timedOut": null,
              "duration": 3202,
              "state": "passed",
              "speed": "fast",
              "pass": true,
              "fail": false,
              "pending": false,
              "context": null,
              "code": "cy.visit(\"http://www.webdriveruniversity.com\");\ncy.get('#autocomplete-textfield').invoke('removeAttr', 'target').click({\n  force: true\n});\ncy.get('#myInput').type('A');\ncy.get('#myInputautocomplete-list >*').each(($el, index, $list) => {\n  const prod = $el.text();\n  const productToSelect = 'Avacado';\n  if (prod === productToSelect) {\n    $el.trigger('click');\n    cy.get('#submit-button').click();\n    cy.url().should('include', 'Avacado');\n  }\n  ;\n}).then(() => {\n  cy.get('#myInput').type('g');\n  cy.get('#myInputautocomplete-list >*').each(($el, index, $list) => {\n    const prod = $el.text();\n    const productToSelect = 'Grapes';\n    if (prod === productToSelect) {\n      $el.trigger('click');\n      cy.get('#submit-button').click();\n      cy.url().should('include', 'Grapes');\n    }\n    ;\n  });\n});",
              "err": {},
              "uuid": "38a1b23a-1e1c-4903-ae92-40ce7a6917f2",
              "parentUUID": "992494ac-ef7c-42cf-b8f4-453676c9960e",
              "isHook": false,
              "skipped": false
            }
          ],
          "suites": [],
          "passes": [
            "38a1b23a-1e1c-4903-ae92-40ce7a6917f2"
          ],
          "failures": [],
          "pending": [],
          "skipped": [],
          "duration": 3202,
          "root": false,
          "rootEmpty": false,
          "_timeout": 2000
        }
      ],
      "passes": [],
      "failures": [],
      "pending": [],
      "skipped": [],
      "duration": 0,
      "root": true,
      "rootEmpty": true,
      "_timeout": 2000
    },
    {
      "uuid": "83c5ac49-f01e-44dc-83b9-6ee0b84bf6dc",
      "title": "",
      "fullFile": "cypress/integration/Webdriver-uni/browser-navigation.js",
      "file": "cypress/integration/Webdriver-uni/browser-navigation.js",
      "beforeHooks": [],
      "afterHooks": [],
      "tests": [],
      "suites": [
        {
          "uuid": "b382966f-dd46-4e2a-8b3d-cafd25e3e9ca",
          "title": "Validate WebdriverUni homepage links",
          "fullFile": "",
          "file": "",
          "beforeHooks": [],
          "afterHooks": [],
          "tests": [
            {
              "title": "Confirm links redirect ot the correct page",
              "fullTitle": "Validate WebdriverUni homepage links Confirm links redirect ot the correct page",
              "timedOut": null,
              "duration": 5507,
              "state": "passed",
              "speed": "medium",
              "pass": true,
              "fail": false,
              "pending": false,
              "context": null,
              "code": "//cy.visit(\"http://www.webdriveruniversity.com/Contact-Us/contactus.html\");\ncy.visit(\"http://www.webdriveruniversity.com\");\ncy.get('#contact-us').invoke('removeAttr', 'target').click({\n  force: true\n});\ncy.url().should('include', 'contactus');\ncy.go('back');\ncy.reload();\ncy.reload(true); //reloads without using cashe\ncy.go('forward');\ncy.url().should('include', 'contactus');\ncy.go('back');\ncy.get('#login-portal').invoke('removeAttr', 'target').click({\n  force: true\n});\ncy.url().should('include', 'Login-Portal');\ncy.go('back');\ncy.get('#to-do-list').invoke('removeAttr', 'target').click({\n  force: true\n});\ncy.url().should('include', 'To-Do-List');\ncy.go('back');",
              "err": {},
              "uuid": "3f9f07fa-26a0-4c99-b482-b5df7479d279",
              "parentUUID": "b382966f-dd46-4e2a-8b3d-cafd25e3e9ca",
              "isHook": false,
              "skipped": false
            }
          ],
          "suites": [],
          "passes": [
            "3f9f07fa-26a0-4c99-b482-b5df7479d279"
          ],
          "failures": [],
          "pending": [],
          "skipped": [],
          "duration": 5507,
          "root": false,
          "rootEmpty": false,
          "_timeout": 2000
        }
      ],
      "passes": [],
      "failures": [],
      "pending": [],
      "skipped": [],
      "duration": 0,
      "root": true,
      "rootEmpty": true,
      "_timeout": 2000
    },
    {
      "uuid": "818488ea-64dc-40c0-b234-7fe97054d393",
      "title": "",
      "fullFile": "cypress/integration/Webdriver-uni/checkboxes.js",
      "file": "cypress/integration/Webdriver-uni/checkboxes.js",
      "beforeHooks": [],
      "afterHooks": [],
      "tests": [],
      "suites": [
        {
          "uuid": "8f3029e7-b03b-4747-925a-fd8227b9890d",
          "title": "Verify checkboxes via WebdriverUni",
          "fullFile": "",
          "file": "",
          "beforeHooks": [],
          "afterHooks": [],
          "tests": [
            {
              "title": "Check and validate checkbox",
              "fullTitle": "Verify checkboxes via WebdriverUni Check and validate checkbox",
              "timedOut": null,
              "duration": 686,
              "state": "passed",
              "speed": "fast",
              "pass": true,
              "fail": false,
              "pending": false,
              "context": null,
              "code": "//cy.get('#checkboxes > :nth-child(1) > input').check();\n//cy.get('#checkboxes > :nth-child(1) > input').check().should('be.checked');\ncy.get('#checkboxes > :nth-child(1) > input').as('option-1');\ncy.get('@option-1').check();\ncy.get('@option-1').check().should('be.checked');",
              "err": {},
              "uuid": "0e788889-0e94-4663-896c-9cbccfc07cf9",
              "parentUUID": "8f3029e7-b03b-4747-925a-fd8227b9890d",
              "isHook": false,
              "skipped": false
            },
            {
              "title": "Uncheck and validate checkbox",
              "fullTitle": "Verify checkboxes via WebdriverUni Uncheck and validate checkbox",
              "timedOut": null,
              "duration": 250,
              "state": "passed",
              "speed": "fast",
              "pass": true,
              "fail": false,
              "pending": false,
              "context": null,
              "code": "cy.get(':nth-child(5) > input').as('option-3');\ncy.get('@option-3').uncheck().should('not.be.checked');",
              "err": {},
              "uuid": "19f2ef0e-f3f4-4a52-8268-694450633bf7",
              "parentUUID": "8f3029e7-b03b-4747-925a-fd8227b9890d",
              "isHook": false,
              "skipped": false
            },
            {
              "title": "Check multiple checkboxes",
              "fullTitle": "Verify checkboxes via WebdriverUni Check multiple checkboxes",
              "timedOut": null,
              "duration": 419,
              "state": "passed",
              "speed": "fast",
              "pass": true,
              "fail": false,
              "pending": false,
              "context": null,
              "code": "cy.get(\"*[type = 'checkbox']\").as('options');\ncy.get('@options').check(['option-1', 'option-2', 'option-3', 'option-4']).should('be.checked');",
              "err": {},
              "uuid": "f71ca6f9-709a-4219-b3c6-19bb48037704",
              "parentUUID": "8f3029e7-b03b-4747-925a-fd8227b9890d",
              "isHook": false,
              "skipped": false
            }
          ],
          "suites": [],
          "passes": [
            "0e788889-0e94-4663-896c-9cbccfc07cf9",
            "19f2ef0e-f3f4-4a52-8268-694450633bf7",
            "f71ca6f9-709a-4219-b3c6-19bb48037704"
          ],
          "failures": [],
          "pending": [],
          "skipped": [],
          "duration": 1355,
          "root": false,
          "rootEmpty": false,
          "_timeout": 2000
        }
      ],
      "passes": [],
      "failures": [],
      "pending": [],
      "skipped": [],
      "duration": 0,
      "root": true,
      "rootEmpty": true,
      "_timeout": 2000
    },
    {
      "uuid": "2cc5cf79-d0a5-4170-8603-86be8954e7b0",
      "title": "",
      "fullFile": "cypress/integration/Webdriver-uni/contact-us.js",
      "file": "cypress/integration/Webdriver-uni/contact-us.js",
      "beforeHooks": [],
      "afterHooks": [],
      "tests": [],
      "suites": [
        {
          "uuid": "e72157ec-81db-4cb3-99d2-2ca1c43cd89b",
          "title": "Test Contact Us form via WebdriverUni",
          "fullFile": "",
          "file": "",
          "beforeHooks": [],
          "afterHooks": [],
          "tests": [
            {
              "title": "Should be able to submit a successful submission via Contact Us form",
              "fullTitle": "Test Contact Us form via WebdriverUni Should be able to submit a successful submission via Contact Us form",
              "timedOut": null,
              "duration": 7070,
              "state": "passed",
              "speed": "medium",
              "pass": true,
              "fail": false,
              "pending": false,
              "context": null,
              "code": "cy.document().should('have.property', 'charset').and('eq', 'UTF-8');\ncy.title().should('include', 'WebDriver | Contact Us');\ncy.url().should('include', 'contactus');\ncontact_Us_PO.contactForm_Submission(Cypress.env(\"first_name\"), data.last_name, data.email, 'It is friday', 'h1', 'Thank You for your Message!');",
              "err": {},
              "uuid": "23a1e7ad-4a3d-4443-824d-854f154ab884",
              "parentUUID": "e72157ec-81db-4cb3-99d2-2ca1c43cd89b",
              "isHook": false,
              "skipped": false
            },
            {
              "title": "Should not be able to submit a successful submission via Contact Us form as all fields are required",
              "fullTitle": "Test Contact Us form via WebdriverUni Should not be able to submit a successful submission via Contact Us form as all fields are required",
              "timedOut": null,
              "duration": 5150,
              "state": "passed",
              "speed": "medium",
              "pass": true,
              "fail": false,
              "pending": false,
              "context": null,
              "code": "contact_Us_PO.contactForm_Submission(data.first_name, data.last_name, ' ', 'It is friday', 'body', 'Error: Invalid email address');",
              "err": {},
              "uuid": "166e5f04-d04c-4625-9d81-b8ce66f50a51",
              "parentUUID": "e72157ec-81db-4cb3-99d2-2ca1c43cd89b",
              "isHook": false,
              "skipped": false
            }
          ],
          "suites": [],
          "passes": [
            "23a1e7ad-4a3d-4443-824d-854f154ab884",
            "166e5f04-d04c-4625-9d81-b8ce66f50a51"
          ],
          "failures": [],
          "pending": [],
          "skipped": [],
          "duration": 12220,
          "root": false,
          "rootEmpty": false,
          "_timeout": 2000
        }
      ],
      "passes": [],
      "failures": [],
      "pending": [],
      "skipped": [],
      "duration": 0,
      "root": true,
      "rootEmpty": true,
      "_timeout": 2000
    },
    {
      "uuid": "caa41373-457e-4d92-aba3-190a80fd4655",
      "title": "",
      "fullFile": "cypress/integration/Webdriver-uni/data-tables.js",
      "file": "cypress/integration/Webdriver-uni/data-tables.js",
      "beforeHooks": [],
      "afterHooks": [],
      "tests": [],
      "suites": [
        {
          "uuid": "d4adfc50-d631-4fce-a2d6-83ff8becec50",
          "title": "Handling data via webdriverUni",
          "fullFile": "",
          "file": "",
          "beforeHooks": [],
          "afterHooks": [],
          "tests": [
            {
              "title": "calculate and assert the total age of all users",
              "fullTitle": "Handling data via webdriverUni calculate and assert the total age of all users",
              "timedOut": null,
              "duration": 1943,
              "state": "passed",
              "speed": "fast",
              "pass": true,
              "fail": false,
              "pending": false,
              "context": null,
              "code": "var userDetails = [];\nlet numb = 0;\ncy.get('#thumbnail-1 td').each(($el, index, $list) => {\n  userDetails[index] = $el.text();\n}).then(() => {\n  var i;\n  for (i = 0; i < userDetails.length; i++) {\n    if (Number(userDetails[i])) {\n      numb += Number(userDetails[i]);\n    }\n    ;\n  }\n  ;\n  cy.log(\"Total age: \" + numb);\n  expect(numb).to.eq(322);\n});",
              "err": {},
              "uuid": "c5618fa5-dea2-4de9-83a9-8f86fe833b97",
              "parentUUID": "d4adfc50-d631-4fce-a2d6-83ff8becec50",
              "isHook": false,
              "skipped": false
            },
            {
              "title": "calculate and assert of the given user by the last name",
              "fullTitle": "Handling data via webdriverUni calculate and assert of the given user by the last name",
              "timedOut": null,
              "duration": 445,
              "state": "passed",
              "speed": "fast",
              "pass": true,
              "fail": false,
              "pending": false,
              "context": null,
              "code": "cy.get('#thumbnail-1 tr td:nth-child(2)').each(($el, index, $list) => {\n  const text = $el.text();\n  if (text.includes(\"Woods\")) {\n    cy.get('#thumbnail-1 tr td:nth-child(2)').eq(index).next().then(function (age) {\n      const userAge = age.text();\n      expect(userAge).to.eq('80');\n    });\n  }\n  ;\n});",
              "err": {},
              "uuid": "ef9488ca-0a98-4eaa-baa3-58774d643097",
              "parentUUID": "d4adfc50-d631-4fce-a2d6-83ff8becec50",
              "isHook": false,
              "skipped": false
            }
          ],
          "suites": [],
          "passes": [
            "c5618fa5-dea2-4de9-83a9-8f86fe833b97",
            "ef9488ca-0a98-4eaa-baa3-58774d643097"
          ],
          "failures": [],
          "pending": [],
          "skipped": [],
          "duration": 2388,
          "root": false,
          "rootEmpty": false,
          "_timeout": 2000
        }
      ],
      "passes": [],
      "failures": [],
      "pending": [],
      "skipped": [],
      "duration": 0,
      "root": true,
      "rootEmpty": true,
      "_timeout": 2000
    },
    {
      "uuid": "28eb9b86-9e91-410f-853e-135b9f204a2d",
      "title": "",
      "fullFile": "cypress/integration/Webdriver-uni/datepicker.js",
      "file": "cypress/integration/Webdriver-uni/datepicker.js",
      "beforeHooks": [],
      "afterHooks": [],
      "tests": [],
      "suites": [
        {
          "uuid": "f3d7769d-6e56-45c8-9fb4-3c6f9e441e7a",
          "title": "Test datepicker via webdriverUni",
          "fullFile": "",
          "file": "",
          "beforeHooks": [],
          "afterHooks": [],
          "tests": [
            {
              "title": "Select date from the datepicker",
              "fullTitle": "Test datepicker via webdriverUni Select date from the datepicker",
              "timedOut": null,
              "duration": 3933,
              "state": "passed",
              "speed": "fast",
              "pass": true,
              "fail": false,
              "pending": false,
              "context": null,
              "code": "cy.visit(\"http://www.webdriveruniversity.com\");\ncy.get('#datepicker').invoke('removeAttr', 'target').click({\n  force: true\n});\ncy.get('#datepicker').click(); // let date = new Date();\n// date.setDate(date.getDate());   //get current day\n// cy.log(date.getDate());\n// let date2 = new Date();\n// date2.setDate(date2.getDate() + 5); \n// cy.log(date2.getDate());\nvar date = new Date();\ndate.setDate(date.getDate() + 200);\nvar futureYear = date.getFullYear();\nvar futureMonth = date.toLocaleString(\"default\", {\n  month: \"long\"\n});\nvar futureDay = date.getDate();\ncy.log(\"future year to select: \" + futureYear);\ncy.log(\"future month to select: \" + futureMonth);\ncy.log(\"future day to select: \" + futureDay);\nfunction selectMonthAndYear() {\n  cy.get('.datepicker-dropdown').find('.datepicker-switch').first().then(currentDate => {\n    if (!currentDate.text().includes(futureYear)) {\n      cy.get('.next').first().click();\n      selectMonthAndYear();\n    }\n    ;\n  }).then(() => {\n    cy.get('.datepicker-dropdown').find('.datepicker-switch').first().then(currentDate => {\n      if (!currentDate.text().includes(futureMonth)) {\n        cy.get('.next').first().click();\n        selectMonthAndYear();\n      }\n      ;\n    });\n  });\n}\n;\nfunction selectFutureDay() {\n  cy.get('[class = \"day\"]').contains(futureDay).click();\n}\n;\nselectMonthAndYear();\nselectFutureDay();",
              "err": {},
              "uuid": "4a8b895a-1a38-4dd4-9097-d74b173df33d",
              "parentUUID": "f3d7769d-6e56-45c8-9fb4-3c6f9e441e7a",
              "isHook": false,
              "skipped": false
            }
          ],
          "suites": [],
          "passes": [
            "4a8b895a-1a38-4dd4-9097-d74b173df33d"
          ],
          "failures": [],
          "pending": [],
          "skipped": [],
          "duration": 3933,
          "root": false,
          "rootEmpty": false,
          "_timeout": 2000
        }
      ],
      "passes": [],
      "failures": [],
      "pending": [],
      "skipped": [],
      "duration": 0,
      "root": true,
      "rootEmpty": true,
      "_timeout": 2000
    },
    {
      "uuid": "a5459699-7e05-4cf1-b2d7-a3b882100499",
      "title": "",
      "fullFile": "cypress/integration/Webdriver-uni/file-upload.js",
      "file": "cypress/integration/Webdriver-uni/file-upload.js",
      "beforeHooks": [],
      "afterHooks": [],
      "tests": [],
      "suites": [
        {
          "uuid": "2be1fbbf-6c25-4b0a-a196-e0e60f5627dc",
          "title": "Test file upload via webdriveruni",
          "fullFile": "",
          "file": "",
          "beforeHooks": [],
          "afterHooks": [],
          "tests": [
            {
              "title": "Upload the file",
              "fullTitle": "Test file upload via webdriveruni Upload the file",
              "timedOut": null,
              "duration": 1021,
              "state": "passed",
              "speed": "fast",
              "pass": true,
              "fail": false,
              "pending": false,
              "context": null,
              "code": "cy.visit(\"http://www.webdriveruniversity.com\");\ncy.get('#file-upload').invoke('removeAttr', 'target').click({\n  force: true\n});\ncy.fixture(\"png-clipart-snoopy.png\", \"base64\").then(fileContent => {\n  cy.get('#myFile').attachFile({\n    fileContent,\n    fileName: \"png-clipart-snoopy.png\",\n    mimeType: \"image/png\"\n  }, {\n    uploadType: \"input\"\n  });\n});\ncy.get('#submit-button').click();",
              "err": {},
              "uuid": "eb15f65f-56a7-47f2-b21c-f87febc971eb",
              "parentUUID": "2be1fbbf-6c25-4b0a-a196-e0e60f5627dc",
              "isHook": false,
              "skipped": false
            },
            {
              "title": "Upload no file",
              "fullTitle": "Test file upload via webdriveruni Upload no file",
              "timedOut": null,
              "duration": 430,
              "state": "passed",
              "speed": "fast",
              "pass": true,
              "fail": false,
              "pending": false,
              "context": null,
              "code": "cy.visit(\"http://www.webdriveruniversity.com\");\ncy.get('#file-upload').invoke('removeAttr', 'target').click({\n  force: true\n});\ncy.get('#submit-button').click();",
              "err": {},
              "uuid": "15e11d4a-3bf7-4afc-a26a-f17ccee370ea",
              "parentUUID": "2be1fbbf-6c25-4b0a-a196-e0e60f5627dc",
              "isHook": false,
              "skipped": false
            }
          ],
          "suites": [],
          "passes": [
            "eb15f65f-56a7-47f2-b21c-f87febc971eb",
            "15e11d4a-3bf7-4afc-a26a-f17ccee370ea"
          ],
          "failures": [],
          "pending": [],
          "skipped": [],
          "duration": 1451,
          "root": false,
          "rootEmpty": false,
          "_timeout": 2000
        }
      ],
      "passes": [],
      "failures": [],
      "pending": [],
      "skipped": [],
      "duration": 0,
      "root": true,
      "rootEmpty": true,
      "_timeout": 2000
    },
    {
      "uuid": "09260fc7-1018-47ab-a194-48bd7d35bbd2",
      "title": "",
      "fullFile": "cypress/integration/Webdriver-uni/iframe.js",
      "file": "cypress/integration/Webdriver-uni/iframe.js",
      "beforeHooks": [],
      "afterHooks": [],
      "tests": [],
      "suites": [
        {
          "uuid": "e1a6bead-9d8d-44f8-8cef-2f4495015d0b",
          "title": "Handlig iframe and modales",
          "fullFile": "",
          "file": "",
          "beforeHooks": [],
          "afterHooks": [],
          "tests": [
            {
              "title": "Handle webdriveruni iframe and modal",
              "fullTitle": "Handlig iframe and modales Handle webdriveruni iframe and modal",
              "timedOut": null,
              "duration": 1881,
              "state": "passed",
              "speed": "fast",
              "pass": true,
              "fail": false,
              "pending": false,
              "context": null,
              "code": "cy.visit(\"http://www.webdriveruniversity.com\");\ncy.get('#iframe').invoke('removeAttr', 'target').click({\n  force: true\n});\ncy.get('#frame').then($iframe => {\n  const body = $iframe.contents().find('body');\n  cy.wrap(body).as('iframe');\n});\ncy.get('@iframe').find('#button-find-out-more').click();\ncy.get('@iframe').find('#myModal').as('modal');\ncy.get('@modal').should($expectedText => {\n  const text = $expectedText.text();\n  expect(text).to.include('Welcome to webdriveruniversity.com we sell a wide range of');\n});\ncy.get('@modal').contains('Close').click();",
              "err": {},
              "uuid": "f83db8b9-d41f-4bb8-9438-c4d4e92252af",
              "parentUUID": "e1a6bead-9d8d-44f8-8cef-2f4495015d0b",
              "isHook": false,
              "skipped": false
            }
          ],
          "suites": [],
          "passes": [
            "f83db8b9-d41f-4bb8-9438-c4d4e92252af"
          ],
          "failures": [],
          "pending": [],
          "skipped": [],
          "duration": 1881,
          "root": false,
          "rootEmpty": false,
          "_timeout": 2000
        }
      ],
      "passes": [],
      "failures": [],
      "pending": [],
      "skipped": [],
      "duration": 0,
      "root": true,
      "rootEmpty": true,
      "_timeout": 2000
    },
    {
      "uuid": "3404f6a1-b723-4745-8906-26293d7c95e1",
      "title": "",
      "fullFile": "cypress/integration/Webdriver-uni/js-alerts.js",
      "file": "cypress/integration/Webdriver-uni/js-alerts.js",
      "beforeHooks": [],
      "afterHooks": [],
      "tests": [],
      "suites": [
        {
          "uuid": "8c9e3ff6-ed87-4e57-9dcb-44b232698a06",
          "title": "Handle js alerts",
          "fullFile": "",
          "file": "",
          "beforeHooks": [],
          "afterHooks": [],
          "tests": [
            {
              "title": "Confirm js alerts contain the right text",
              "fullTitle": "Handle js alerts Confirm js alerts contain the right text",
              "timedOut": null,
              "duration": 1081,
              "state": "passed",
              "speed": "fast",
              "pass": true,
              "fail": false,
              "pending": false,
              "context": null,
              "code": "//cy.visit(\"http://www.webdriveruniversity.com/Contact-Us/contactus.html\");\ncy.visit(\"http://www.webdriveruniversity.com\");\ncy.get('#popup-alerts').invoke('removeAttr', 'target').click({\n  force: true\n});\ncy.get('#button1').click();\ncy.on('window:alert', str => {\n  expect(str).to.equal('I am an alert box!');\n});",
              "err": {},
              "uuid": "b2dc94f3-1a7c-41fa-8e87-66379cea3ff0",
              "parentUUID": "8c9e3ff6-ed87-4e57-9dcb-44b232698a06",
              "isHook": false,
              "skipped": false
            },
            {
              "title": "Validate JS confirm box works correctly when clicking ok",
              "fullTitle": "Handle js alerts Validate JS confirm box works correctly when clicking ok",
              "timedOut": null,
              "duration": 548,
              "state": "passed",
              "speed": "fast",
              "pass": true,
              "fail": false,
              "pending": false,
              "context": null,
              "code": "cy.visit(\"http://www.webdriveruniversity.com\");\ncy.get('#popup-alerts').invoke('removeAttr', 'target').click({\n  force: true\n});\ncy.get('#button4').click();\ncy.on('window:confirm', str => {\n  return true; //clicks ok\n});\ncy.get('#confirm-alert-text').should('contain', 'You pressed OK!');",
              "err": {},
              "uuid": "8cbc55f5-b3bc-4f14-8d71-dccce4ce6f3d",
              "parentUUID": "8c9e3ff6-ed87-4e57-9dcb-44b232698a06",
              "isHook": false,
              "skipped": false
            },
            {
              "title": "Validate JS confirm box works correctly when clicking cancel",
              "fullTitle": "Handle js alerts Validate JS confirm box works correctly when clicking cancel",
              "timedOut": null,
              "duration": 421,
              "state": "passed",
              "speed": "fast",
              "pass": true,
              "fail": false,
              "pending": false,
              "context": null,
              "code": "cy.visit(\"http://www.webdriveruniversity.com\");\ncy.get('#popup-alerts').invoke('removeAttr', 'target').click({\n  force: true\n});\ncy.get('#button4').click();\ncy.on('window:confirm', str => {\n  return false; //clicks cancel\n});\ncy.get('#confirm-alert-text').contains('You pressed Cancel!');",
              "err": {},
              "uuid": "9ca20649-d727-4f56-a2e7-dcbd25b7c388",
              "parentUUID": "8c9e3ff6-ed87-4e57-9dcb-44b232698a06",
              "isHook": false,
              "skipped": false
            },
            {
              "title": "Using the stub",
              "fullTitle": "Handle js alerts Using the stub",
              "timedOut": null,
              "duration": 397,
              "state": "passed",
              "speed": "fast",
              "pass": true,
              "fail": false,
              "pending": false,
              "context": null,
              "code": "cy.visit(\"http://www.webdriveruniversity.com\");\ncy.get('#popup-alerts').invoke('removeAttr', 'target').click({\n  force: true\n});\nconst stub = cy.stub();\ncy.on('window:confirm', stub);\ncy.get('#button4').click().then(() => {\n  expect(stub.getCall(0)).to.be.calledWith('Press a button!');\n}).then(() => {\n  return true;\n}).then(() => {\n  cy.get('#confirm-alert-text').should('contain', 'You pressed OK!');\n});",
              "err": {},
              "uuid": "06eda787-93bf-4302-b314-33d7f1a6b768",
              "parentUUID": "8c9e3ff6-ed87-4e57-9dcb-44b232698a06",
              "isHook": false,
              "skipped": false
            }
          ],
          "suites": [],
          "passes": [
            "b2dc94f3-1a7c-41fa-8e87-66379cea3ff0",
            "8cbc55f5-b3bc-4f14-8d71-dccce4ce6f3d",
            "9ca20649-d727-4f56-a2e7-dcbd25b7c388",
            "06eda787-93bf-4302-b314-33d7f1a6b768"
          ],
          "failures": [],
          "pending": [],
          "skipped": [],
          "duration": 2447,
          "root": false,
          "rootEmpty": false,
          "_timeout": 2000
        }
      ],
      "passes": [],
      "failures": [],
      "pending": [],
      "skipped": [],
      "duration": 0,
      "root": true,
      "rootEmpty": true,
      "_timeout": 2000
    },
    {
      "uuid": "3fdabebb-aa05-446e-b44f-af480a07cff2",
      "title": "",
      "fullFile": "cypress/integration/Webdriver-uni/mouse-actions.js",
      "file": "cypress/integration/Webdriver-uni/mouse-actions.js",
      "beforeHooks": [],
      "afterHooks": [],
      "tests": [],
      "suites": [
        {
          "uuid": "aa2abeca-73a7-4930-b2bb-e6aae8a13954",
          "title": "Test mouse actions",
          "fullFile": "",
          "file": "",
          "beforeHooks": [],
          "afterHooks": [],
          "tests": [
            {
              "title": "Scroll element into view",
              "fullTitle": "Test mouse actions Scroll element into view",
              "timedOut": null,
              "duration": 1083,
              "state": "passed",
              "speed": "fast",
              "pass": true,
              "fail": false,
              "pending": false,
              "context": null,
              "code": "cy.visit(\"http://www.webdriveruniversity.com\");\ncy.get('#actions').scrollIntoView().invoke('removeAttr', 'target').click({\n  force: true\n});",
              "err": {},
              "uuid": "1f054411-b3e7-43b8-bbaf-fbcfe9f73205",
              "parentUUID": "aa2abeca-73a7-4930-b2bb-e6aae8a13954",
              "isHook": false,
              "skipped": false
            },
            {
              "title": "Drag and drop draggable item",
              "fullTitle": "Test mouse actions Drag and drop draggable item",
              "timedOut": null,
              "duration": 452,
              "state": "passed",
              "speed": "fast",
              "pass": true,
              "fail": false,
              "pending": false,
              "context": null,
              "code": "cy.visit(\"http://www.webdriveruniversity.com\");\ncy.get('#actions').scrollIntoView().invoke('removeAttr', 'target').click({\n  force: true\n});\ncy.get('#draggable').trigger('mousedown', {\n  which: 1\n});\ncy.get('#droppable').trigger('mousemove').trigger('mouseup', {\n  force: true\n});",
              "err": {},
              "uuid": "5bccf1dd-c01e-4f90-bc18-ea48db8e641d",
              "parentUUID": "aa2abeca-73a7-4930-b2bb-e6aae8a13954",
              "isHook": false,
              "skipped": false
            },
            {
              "title": "Perform a double mouse click",
              "fullTitle": "Test mouse actions Perform a double mouse click",
              "timedOut": null,
              "duration": 489,
              "state": "passed",
              "speed": "fast",
              "pass": true,
              "fail": false,
              "pending": false,
              "context": null,
              "code": "cy.visit(\"http://www.webdriveruniversity.com\");\ncy.get('#actions').scrollIntoView().invoke('removeAttr', 'target').click({\n  force: true\n});\ncy.get('#double-click').dblclick();",
              "err": {},
              "uuid": "a181a5b9-20f7-47fb-a252-ba2e76884089",
              "parentUUID": "aa2abeca-73a7-4930-b2bb-e6aae8a13954",
              "isHook": false,
              "skipped": false
            },
            {
              "title": "Hold down the left mouse click on the given element",
              "fullTitle": "Test mouse actions Hold down the left mouse click on the given element",
              "timedOut": null,
              "duration": 357,
              "state": "passed",
              "speed": "fast",
              "pass": true,
              "fail": false,
              "pending": false,
              "context": null,
              "code": "cy.visit(\"http://www.webdriveruniversity.com\");\ncy.get('#actions').scrollIntoView().invoke('removeAttr', 'target').click({\n  force: true\n});\ncy.get('#click-box').trigger('mousedown', {\n  which: 1\n}).then($element => {\n  expect($element).to.have.css('background-color', 'rgb(0, 255, 0)');\n});",
              "err": {},
              "uuid": "5ddf9912-2f4e-4352-9433-3a32677c0163",
              "parentUUID": "aa2abeca-73a7-4930-b2bb-e6aae8a13954",
              "isHook": false,
              "skipped": false
            }
          ],
          "suites": [],
          "passes": [
            "1f054411-b3e7-43b8-bbaf-fbcfe9f73205",
            "5bccf1dd-c01e-4f90-bc18-ea48db8e641d",
            "a181a5b9-20f7-47fb-a252-ba2e76884089",
            "5ddf9912-2f4e-4352-9433-3a32677c0163"
          ],
          "failures": [],
          "pending": [],
          "skipped": [],
          "duration": 2381,
          "root": false,
          "rootEmpty": false,
          "_timeout": 2000
        }
      ],
      "passes": [],
      "failures": [],
      "pending": [],
      "skipped": [],
      "duration": 0,
      "root": true,
      "rootEmpty": true,
      "_timeout": 2000
    },
    {
      "uuid": "1b62d41d-4e4f-4b4d-8774-770623d18d22",
      "title": "",
      "fullFile": "cypress/integration/Webdriver-uni/radio-buttons.js",
      "file": "cypress/integration/Webdriver-uni/radio-buttons.js",
      "beforeHooks": [],
      "afterHooks": [],
      "tests": [],
      "suites": [
        {
          "uuid": "2db61c81-a9f1-4280-9ab3-3bd5fb33e1c7",
          "title": "Verify radiobuttons via WebdriverUni",
          "fullFile": "",
          "file": "",
          "beforeHooks": [],
          "afterHooks": [],
          "tests": [
            {
              "title": "Check specific radiobuttons",
              "fullTitle": "Verify radiobuttons via WebdriverUni Check specific radiobuttons",
              "timedOut": null,
              "duration": 1208,
              "state": "passed",
              "speed": "fast",
              "pass": true,
              "fail": false,
              "pending": false,
              "context": null,
              "code": "// cy.visit(\"http://www.webdriveruniversity.com\");\n// cy.get('#dropdown-checkboxes-radiobuttons').invoke('removeAttr', 'target').click({force:true});\ncy.get('#radio-buttons').find(\"[type = 'radio']\").first().check();\ncy.get('#radio-buttons').find(\"[type = 'radio']\").eq(1).check();",
              "err": {},
              "uuid": "8241bda5-2f09-4bc4-aeae-6b739f586b1e",
              "parentUUID": "2db61c81-a9f1-4280-9ab3-3bd5fb33e1c7",
              "isHook": false,
              "skipped": false
            },
            {
              "title": "Validate states of specific radiobuttons",
              "fullTitle": "Verify radiobuttons via WebdriverUni Validate states of specific radiobuttons",
              "timedOut": null,
              "duration": 150,
              "state": "passed",
              "speed": "fast",
              "pass": true,
              "fail": false,
              "pending": false,
              "context": null,
              "code": "// cy.visit(\"http://www.webdriveruniversity.com\");\n// cy.get('#dropdown-checkboxes-radiobuttons').invoke('removeAttr', 'target').click({force:true});\ncy.get(\"[value = 'lettuce']\").should('not.be.checked');\ncy.get(\"[value = 'pumpkin']\").should('be.checked');\ncy.get(\"[value = 'lettuce']\").check();\ncy.get(\"[value = 'lettuce']\").should('be.checked');\ncy.get(\"[value = 'pumpkin']\").should('not.be.checked');\ncy.get(\"[value = 'cabbage']\").should('be.disabled');",
              "err": {},
              "uuid": "65635494-fb09-4d8b-bb88-275da0458076",
              "parentUUID": "2db61c81-a9f1-4280-9ab3-3bd5fb33e1c7",
              "isHook": false,
              "skipped": false
            }
          ],
          "suites": [],
          "passes": [
            "8241bda5-2f09-4bc4-aeae-6b739f586b1e",
            "65635494-fb09-4d8b-bb88-275da0458076"
          ],
          "failures": [],
          "pending": [],
          "skipped": [],
          "duration": 1358,
          "root": false,
          "rootEmpty": false,
          "_timeout": 2000
        }
      ],
      "passes": [],
      "failures": [],
      "pending": [],
      "skipped": [],
      "duration": 0,
      "root": true,
      "rootEmpty": true,
      "_timeout": 2000
    },
    {
      "uuid": "2001e49a-6b53-4df7-a4de-b4c5224a50f8",
      "title": "",
      "fullFile": "cypress/integration/Webdriver-uni/select-dropdown-list.js",
      "file": "cypress/integration/Webdriver-uni/select-dropdown-list.js",
      "beforeHooks": [],
      "afterHooks": [],
      "tests": [],
      "suites": [
        {
          "uuid": "2d7b637b-deac-4780-9a41-af0912412c46",
          "title": "Interact with dropdown lists via WebdriverUni",
          "fullFile": "",
          "file": "",
          "beforeHooks": [],
          "afterHooks": [],
          "tests": [
            {
              "title": "Select specific values via select dropdown lists",
              "fullTitle": "Interact with dropdown lists via WebdriverUni Select specific values via select dropdown lists",
              "timedOut": null,
              "duration": 1902,
              "state": "passed",
              "speed": "fast",
              "pass": true,
              "fail": false,
              "pending": false,
              "context": null,
              "code": "cy.visit(\"http://www.webdriveruniversity.com\");\ncy.get('#dropdown-checkboxes-radiobuttons').invoke('removeAttr', 'target').click({\n  force: true\n});\ncy.get('#dropdowm-menu-1').select('c#');\ncy.get('#dropdowm-menu-2').select('testng').should('have.value', 'testng');\ncy.get('#dropdowm-menu-3').select('jquery').contains('JQuery');\ncy.get('#dropdowm-menu-2').select('maven').contains('Maven');\ncy.get('#dropdowm-menu-2').select('TestNG').should('have.value', 'testng');",
              "err": {},
              "uuid": "a9329f1c-ce54-4e7c-aa3a-a238a2745973",
              "parentUUID": "2d7b637b-deac-4780-9a41-af0912412c46",
              "isHook": false,
              "skipped": false
            }
          ],
          "suites": [],
          "passes": [
            "a9329f1c-ce54-4e7c-aa3a-a238a2745973"
          ],
          "failures": [],
          "pending": [],
          "skipped": [],
          "duration": 1902,
          "root": false,
          "rootEmpty": false,
          "_timeout": 2000
        }
      ],
      "passes": [],
      "failures": [],
      "pending": [],
      "skipped": [],
      "duration": 0,
      "root": true,
      "rootEmpty": true,
      "_timeout": 2000
    },
    {
      "uuid": "59d604c5-32f4-4944-bd1a-1690b1ca4afd",
      "title": "",
      "fullFile": "cypress/integration/Webdriver-uni/traversing-elements.js",
      "file": "cypress/integration/Webdriver-uni/traversing-elements.js",
      "beforeHooks": [],
      "afterHooks": [],
      "tests": [],
      "suites": [
        {
          "uuid": "f02ee9bc-1359-4a71-a74b-d45ec970decb",
          "title": "Traversing DOM elements in Cypress",
          "fullFile": "",
          "file": "",
          "beforeHooks": [],
          "afterHooks": [],
          "tests": [
            {
              "title": "children() to get the children of DOM elements",
              "fullTitle": "Traversing DOM elements in Cypress children() to get the children of DOM elements",
              "timedOut": null,
              "duration": 1520,
              "state": "passed",
              "speed": "fast",
              "pass": true,
              "fail": false,
              "pending": false,
              "context": null,
              "code": "cy.get('.traversal-breadcrumb').children('.active').should('contain', 'Contact Us'); //question here",
              "err": {},
              "uuid": "f3070e1c-a1a0-4ae0-9a3f-ecb5038f1d78",
              "parentUUID": "f02ee9bc-1359-4a71-a74b-d45ec970decb",
              "isHook": false,
              "skipped": false
            },
            {
              "title": "closest() to validate the closest ancestor DOM element",
              "fullTitle": "Traversing DOM elements in Cypress closest() to validate the closest ancestor DOM element",
              "timedOut": null,
              "duration": 458,
              "state": "passed",
              "speed": "fast",
              "pass": true,
              "fail": false,
              "pending": false,
              "context": null,
              "code": "cy.get('.traversal-badge').closest('ul').should('have.class', 'list-group');",
              "err": {},
              "uuid": "6d87129e-9721-4388-a828-eb4c947545c1",
              "parentUUID": "f02ee9bc-1359-4a71-a74b-d45ec970decb",
              "isHook": false,
              "skipped": false
            },
            {
              "title": "eq() to retrieve a specific element based on index",
              "fullTitle": "Traversing DOM elements in Cypress eq() to retrieve a specific element based on index",
              "timedOut": null,
              "duration": 358,
              "state": "passed",
              "speed": "fast",
              "pass": true,
              "fail": false,
              "pending": false,
              "context": null,
              "code": "cy.get('.traversal-drinks-list>*').eq(2).should('contain', 'Milk');",
              "err": {},
              "uuid": "6c3953d8-3102-4274-a50b-ffb02e0b2e44",
              "parentUUID": "f02ee9bc-1359-4a71-a74b-d45ec970decb",
              "isHook": false,
              "skipped": false
            },
            {
              "title": "filter() to retrieve DOM elements that match a specific selector",
              "fullTitle": "Traversing DOM elements in Cypress filter() to retrieve DOM elements that match a specific selector",
              "timedOut": null,
              "duration": 422,
              "state": "passed",
              "speed": "fast",
              "pass": true,
              "fail": false,
              "pending": false,
              "context": null,
              "code": "cy.get('.btn-group-toggle > *').filter('.active').should('contain', 'Button-1'); //locator question",
              "err": {},
              "uuid": "d2ca9e9a-2b3f-4442-aa74-76688a8a9c7e",
              "parentUUID": "f02ee9bc-1359-4a71-a74b-d45ec970decb",
              "isHook": false,
              "skipped": false
            },
            {
              "title": "find() to retrieve DOM elements of a given selector",
              "fullTitle": "Traversing DOM elements in Cypress find() to retrieve DOM elements of a given selector",
              "timedOut": null,
              "duration": 395,
              "state": "passed",
              "speed": "fast",
              "pass": true,
              "fail": false,
              "pending": false,
              "context": null,
              "code": "cy.get('.traversal-pagination').find('li').find('a').should('have.length', '7');",
              "err": {},
              "uuid": "5a81f308-613a-4f36-bec3-a3a58aa1277e",
              "parentUUID": "f02ee9bc-1359-4a71-a74b-d45ec970decb",
              "isHook": false,
              "skipped": false
            },
            {
              "title": "first() to retrieve the first DOM element within elements ",
              "fullTitle": "Traversing DOM elements in Cypress first() to retrieve the first DOM element within elements ",
              "timedOut": null,
              "duration": 371,
              "state": "passed",
              "speed": "fast",
              "pass": true,
              "fail": false,
              "pending": false,
              "context": null,
              "code": "cy.get('.traversal-table > tbody >tr > td').first().should('contain', 'Andy');",
              "err": {},
              "uuid": "2495afda-1181-447b-8061-fc34e55ca3ba",
              "parentUUID": "f02ee9bc-1359-4a71-a74b-d45ec970decb",
              "isHook": false,
              "skipped": false
            },
            {
              "title": "last() to retrieve the last DOM element within elements",
              "fullTitle": "Traversing DOM elements in Cypress last() to retrieve the last DOM element within elements",
              "timedOut": null,
              "duration": 346,
              "state": "passed",
              "speed": "fast",
              "pass": true,
              "fail": false,
              "pending": false,
              "context": null,
              "code": "cy.get('.traversal-table > tbody >tr > td').last().should('contain', 'Scott');",
              "err": {},
              "uuid": "515f2c06-9b79-43c2-b594-261eaf00e793",
              "parentUUID": "f02ee9bc-1359-4a71-a74b-d45ec970decb",
              "isHook": false,
              "skipped": false
            },
            {
              "title": "nextAll() to get all of the next sibling DOM elements within elements",
              "fullTitle": "Traversing DOM elements in Cypress nextAll() to get all of the next sibling DOM elements within elements",
              "timedOut": null,
              "duration": 350,
              "state": "passed",
              "speed": "fast",
              "pass": true,
              "fail": false,
              "pending": false,
              "context": null,
              "code": "cy.get('.traversal-drinks-list').contains('Tea').nextAll().should('have.length', '3');",
              "err": {},
              "uuid": "ebc79fd3-280d-4a7b-8722-b6048c28f685",
              "parentUUID": "f02ee9bc-1359-4a71-a74b-d45ec970decb",
              "isHook": false,
              "skipped": false
            },
            {
              "title": "nextUntil() to get all of the next sibling DOM elements within elements until another element",
              "fullTitle": "Traversing DOM elements in Cypress nextUntil() to get all of the next sibling DOM elements within elements until another element",
              "timedOut": null,
              "duration": 391,
              "state": "passed",
              "speed": "fast",
              "pass": true,
              "fail": false,
              "pending": false,
              "context": null,
              "code": "cy.get('#coffee').contains('Coffee').nextUntil('#milk').should('contain', 'Tea');",
              "err": {},
              "uuid": "339e74ab-7f58-448f-8084-3057b3d617aa",
              "parentUUID": "f02ee9bc-1359-4a71-a74b-d45ec970decb",
              "isHook": false,
              "skipped": false
            },
            {
              "title": "not() to remove DOM element(s) from the set of elements",
              "fullTitle": "Traversing DOM elements in Cypress not() to remove DOM element(s) from the set of elements",
              "timedOut": null,
              "duration": 475,
              "state": "passed",
              "speed": "fast",
              "pass": true,
              "fail": false,
              "pending": false,
              "context": null,
              "code": "cy.get('.traversal-button-states > button').not('.disabled').should('not.have.class', 'disabled');",
              "err": {},
              "uuid": "376d6fb6-db10-4b21-94f2-ba4f48993032",
              "parentUUID": "f02ee9bc-1359-4a71-a74b-d45ec970decb",
              "isHook": false,
              "skipped": false
            },
            {
              "title": "parent() To get parent DOM element of elements",
              "fullTitle": "Traversing DOM elements in Cypress parent() To get parent DOM element of elements",
              "timedOut": null,
              "duration": 374,
              "state": "passed",
              "speed": "fast",
              "pass": true,
              "fail": false,
              "pending": false,
              "context": null,
              "code": "cy.get('.traversal-mark').parent().should('contain', 'ipsum');",
              "err": {},
              "uuid": "9c81dcc0-636f-42e4-a8c8-66f3815bc235",
              "parentUUID": "f02ee9bc-1359-4a71-a74b-d45ec970decb",
              "isHook": false,
              "skipped": false
            },
            {
              "title": "parents() to get parents DOM element of elements",
              "fullTitle": "Traversing DOM elements in Cypress parents() to get parents DOM element of elements",
              "timedOut": null,
              "duration": 402,
              "state": "passed",
              "speed": "fast",
              "pass": true,
              "fail": false,
              "pending": false,
              "context": null,
              "code": "cy.get('.traversal-cite').parents().should('match', 'blockquote');",
              "err": {},
              "uuid": "51d90d0c-d7a5-4a5f-86c9-48dca79ef3f3",
              "parentUUID": "f02ee9bc-1359-4a71-a74b-d45ec970decb",
              "isHook": false,
              "skipped": false
            },
            {
              "title": "prev() to get the previous sibling DOM element within elements",
              "fullTitle": "Traversing DOM elements in Cypress prev() to get the previous sibling DOM element within elements",
              "timedOut": null,
              "duration": 389,
              "state": "passed",
              "speed": "fast",
              "pass": true,
              "fail": false,
              "pending": false,
              "context": null,
              "code": "cy.get('#sugar').prev().contains('Espresso');",
              "err": {},
              "uuid": "fbe91f97-8028-45ea-ae22-ce327ab4dceb",
              "parentUUID": "f02ee9bc-1359-4a71-a74b-d45ec970decb",
              "isHook": false,
              "skipped": false
            },
            {
              "title": "prevAll() to get all previous sibling DOM elements within elements",
              "fullTitle": "Traversing DOM elements in Cypress prevAll() to get all previous sibling DOM elements within elements",
              "timedOut": null,
              "duration": 419,
              "state": "passed",
              "speed": "fast",
              "pass": true,
              "fail": false,
              "pending": false,
              "context": null,
              "code": "cy.get('.sales').prevAll().should('have.length', '2');",
              "err": {},
              "uuid": "aca6e351-2e88-4f90-84eb-3d496f782701",
              "parentUUID": "f02ee9bc-1359-4a71-a74b-d45ec970decb",
              "isHook": false,
              "skipped": false
            },
            {
              "title": "prevUntil() to get all previous sibling DOM elements within elements until other element",
              "fullTitle": "Traversing DOM elements in Cypress prevUntil() to get all previous sibling DOM elements within elements until other element",
              "timedOut": null,
              "duration": 422,
              "state": "passed",
              "speed": "fast",
              "pass": true,
              "fail": false,
              "pending": false,
              "context": null,
              "code": "cy.get('#veggie').prevUntil('#fruits').should('have.length', '5');",
              "err": {},
              "uuid": "0b1dc41f-9fef-4e00-b742-84fefca7e18a",
              "parentUUID": "f02ee9bc-1359-4a71-a74b-d45ec970decb",
              "isHook": false,
              "skipped": false
            },
            {
              "title": "siblings() To get all sibling DOM elements of elements",
              "fullTitle": "Traversing DOM elements in Cypress siblings() To get all sibling DOM elements of elements",
              "timedOut": null,
              "duration": 366,
              "state": "passed",
              "speed": "fast",
              "pass": true,
              "fail": false,
              "pending": false,
              "context": null,
              "code": "cy.get('.traversal-button-other-states .active').siblings().should('have.length', '3');",
              "err": {},
              "uuid": "cc6f0297-2fe5-43fd-a329-44097f2c768d",
              "parentUUID": "f02ee9bc-1359-4a71-a74b-d45ec970decb",
              "isHook": false,
              "skipped": false
            }
          ],
          "suites": [],
          "passes": [
            "f3070e1c-a1a0-4ae0-9a3f-ecb5038f1d78",
            "6d87129e-9721-4388-a828-eb4c947545c1",
            "6c3953d8-3102-4274-a50b-ffb02e0b2e44",
            "d2ca9e9a-2b3f-4442-aa74-76688a8a9c7e",
            "5a81f308-613a-4f36-bec3-a3a58aa1277e",
            "2495afda-1181-447b-8061-fc34e55ca3ba",
            "515f2c06-9b79-43c2-b594-261eaf00e793",
            "ebc79fd3-280d-4a7b-8722-b6048c28f685",
            "339e74ab-7f58-448f-8084-3057b3d617aa",
            "376d6fb6-db10-4b21-94f2-ba4f48993032",
            "9c81dcc0-636f-42e4-a8c8-66f3815bc235",
            "51d90d0c-d7a5-4a5f-86c9-48dca79ef3f3",
            "fbe91f97-8028-45ea-ae22-ce327ab4dceb",
            "aca6e351-2e88-4f90-84eb-3d496f782701",
            "0b1dc41f-9fef-4e00-b742-84fefca7e18a",
            "cc6f0297-2fe5-43fd-a329-44097f2c768d"
          ],
          "failures": [],
          "pending": [],
          "skipped": [],
          "duration": 7458,
          "root": false,
          "rootEmpty": false,
          "_timeout": 2000
        }
      ],
      "passes": [],
      "failures": [],
      "pending": [],
      "skipped": [],
      "duration": 0,
      "root": true,
      "rootEmpty": true,
      "_timeout": 2000
    },
    {
      "uuid": "f7796a55-d87c-44f2-9a3a-dac65014e6ed",
      "title": "",
      "fullFile": "cypress/integration/1-getting-started/todo.spec.js",
      "file": "cypress/integration/1-getting-started/todo.spec.js",
      "beforeHooks": [],
      "afterHooks": [],
      "tests": [],
      "suites": [
        {
          "uuid": "a95957d2-701e-40be-b839-0ef783217f57",
          "title": "example to-do app",
          "fullFile": "",
          "file": "",
          "beforeHooks": [],
          "afterHooks": [],
          "tests": [
            {
              "title": "displays two todo items by default",
              "fullTitle": "example to-do app displays two todo items by default",
              "timedOut": null,
              "duration": 1150,
              "state": "passed",
              "speed": "fast",
              "pass": true,
              "fail": false,
              "pending": false,
              "context": null,
              "code": "// We use the `cy.get()` command to get all elements that match the selector.\n// Then, we use `should` to assert that there are two matched items,\n// which are the two default items.\ncy.get('.todo-list li').should('have.length', 2); // We can go even further and check that the default todos each contain\n// the correct text. We use the `first` and `last` functions\n// to get just the first and last matched elements individually,\n// and then perform an assertion with `should`.\ncy.get('.todo-list li').first().should('have.text', 'Pay electric bill');\ncy.get('.todo-list li').last().should('have.text', 'Walk the dog');",
              "err": {},
              "uuid": "eeaa05b7-6f03-4092-bf11-133f25b5518f",
              "parentUUID": "a95957d2-701e-40be-b839-0ef783217f57",
              "isHook": false,
              "skipped": false
            },
            {
              "title": "can add new todo items",
              "fullTitle": "example to-do app can add new todo items",
              "timedOut": null,
              "duration": 573,
              "state": "passed",
              "speed": "fast",
              "pass": true,
              "fail": false,
              "pending": false,
              "context": null,
              "code": "// We'll store our item text in a variable so we can reuse it\nconst newItem = 'Feed the cat'; // Let's get the input element and use the `type` command to\n// input our new list item. After typing the content of our item,\n// we need to type the enter key as well in order to submit the input.\n// This input has a data-test attribute so we'll use that to select the\n// element in accordance with best practices:\n// https://on.cypress.io/selecting-elements\ncy.get('[data-test=new-todo]').type(`${newItem}{enter}`); // Now that we've typed our new item, let's check that it actually was added to the list.\n// Since it's the newest item, it should exist as the last element in the list.\n// In addition, with the two default items, we should have a total of 3 elements in the list.\n// Since assertions yield the element that was asserted on,\n// we can chain both of these assertions together into a single statement.\ncy.get('.todo-list li').should('have.length', 3).last().should('have.text', newItem);",
              "err": {},
              "uuid": "9eb11f32-3452-4967-9cd1-e3754c8469a7",
              "parentUUID": "a95957d2-701e-40be-b839-0ef783217f57",
              "isHook": false,
              "skipped": false
            },
            {
              "title": "can check off an item as completed",
              "fullTitle": "example to-do app can check off an item as completed",
              "timedOut": null,
              "duration": 322,
              "state": "passed",
              "speed": "fast",
              "pass": true,
              "fail": false,
              "pending": false,
              "context": null,
              "code": "// In addition to using the `get` command to get an element by selector,\n// we can also use the `contains` command to get an element by its contents.\n// However, this will yield the <label>, which is lowest-level element that contains the text.\n// In order to check the item, we'll find the <input> element for this <label>\n// by traversing up the dom to the parent element. From there, we can `find`\n// the child checkbox <input> element and use the `check` command to check it.\ncy.contains('Pay electric bill').parent().find('input[type=checkbox]').check(); // Now that we've checked the button, we can go ahead and make sure\n// that the list element is now marked as completed.\n// Again we'll use `contains` to find the <label> element and then use the `parents` command\n// to traverse multiple levels up the dom until we find the corresponding <li> element.\n// Once we get that element, we can assert that it has the completed class.\ncy.contains('Pay electric bill').parents('li').should('have.class', 'completed');",
              "err": {},
              "uuid": "9a55b300-070c-4788-aac9-be308119a752",
              "parentUUID": "a95957d2-701e-40be-b839-0ef783217f57",
              "isHook": false,
              "skipped": false
            }
          ],
          "suites": [
            {
              "uuid": "90fc7ded-ed18-441c-a5a7-2bc3895b078b",
              "title": "with a checked task",
              "fullFile": "",
              "file": "",
              "beforeHooks": [],
              "afterHooks": [],
              "tests": [
                {
                  "title": "can filter for uncompleted tasks",
                  "fullTitle": "example to-do app with a checked task can filter for uncompleted tasks",
                  "timedOut": null,
                  "duration": 417,
                  "state": "passed",
                  "speed": "fast",
                  "pass": true,
                  "fail": false,
                  "pending": false,
                  "context": null,
                  "code": "// We'll click on the \"active\" button in order to\n// display only incomplete items\ncy.contains('Active').click(); // After filtering, we can assert that there is only the one\n// incomplete item in the list.\ncy.get('.todo-list li').should('have.length', 1).first().should('have.text', 'Walk the dog'); // For good measure, let's also assert that the task we checked off\n// does not exist on the page.\ncy.contains('Pay electric bill').should('not.exist');",
                  "err": {},
                  "uuid": "5af77c33-d162-4e2a-8b11-9ca541712774",
                  "parentUUID": "90fc7ded-ed18-441c-a5a7-2bc3895b078b",
                  "isHook": false,
                  "skipped": false
                },
                {
                  "title": "can filter for completed tasks",
                  "fullTitle": "example to-do app with a checked task can filter for completed tasks",
                  "timedOut": null,
                  "duration": 408,
                  "state": "passed",
                  "speed": "fast",
                  "pass": true,
                  "fail": false,
                  "pending": false,
                  "context": null,
                  "code": "// We can perform similar steps as the test above to ensure\n// that only completed tasks are shown\ncy.contains('Completed').click();\ncy.get('.todo-list li').should('have.length', 1).first().should('have.text', 'Pay electric bill');\ncy.contains('Walk the dog').should('not.exist');",
                  "err": {},
                  "uuid": "048e6abf-71b4-4570-a765-6722b870c1dd",
                  "parentUUID": "90fc7ded-ed18-441c-a5a7-2bc3895b078b",
                  "isHook": false,
                  "skipped": false
                },
                {
                  "title": "can delete all completed tasks",
                  "fullTitle": "example to-do app with a checked task can delete all completed tasks",
                  "timedOut": null,
                  "duration": 435,
                  "state": "passed",
                  "speed": "fast",
                  "pass": true,
                  "fail": false,
                  "pending": false,
                  "context": null,
                  "code": "// First, let's click the \"Clear completed\" button\n// `contains` is actually serving two purposes here.\n// First, it's ensuring that the button exists within the dom.\n// This button only appears when at least one task is checked\n// so this command is implicitly verifying that it does exist.\n// Second, it selects the button so we can click it.\ncy.contains('Clear completed').click(); // Then we can make sure that there is only one element\n// in the list and our element does not exist\ncy.get('.todo-list li').should('have.length', 1).should('not.have.text', 'Pay electric bill'); // Finally, make sure that the clear button no longer exists.\ncy.contains('Clear completed').should('not.exist');",
                  "err": {},
                  "uuid": "edb30b81-9fb2-40e4-af5d-81ff13a2ca0d",
                  "parentUUID": "90fc7ded-ed18-441c-a5a7-2bc3895b078b",
                  "isHook": false,
                  "skipped": false
                }
              ],
              "suites": [],
              "passes": [
                "5af77c33-d162-4e2a-8b11-9ca541712774",
                "048e6abf-71b4-4570-a765-6722b870c1dd",
                "edb30b81-9fb2-40e4-af5d-81ff13a2ca0d"
              ],
              "failures": [],
              "pending": [],
              "skipped": [],
              "duration": 1260,
              "root": false,
              "rootEmpty": false,
              "_timeout": 2000
            }
          ],
          "passes": [
            "eeaa05b7-6f03-4092-bf11-133f25b5518f",
            "9eb11f32-3452-4967-9cd1-e3754c8469a7",
            "9a55b300-070c-4788-aac9-be308119a752"
          ],
          "failures": [],
          "pending": [],
          "skipped": [],
          "duration": 2045,
          "root": false,
          "rootEmpty": false,
          "_timeout": 2000
        }
      ],
      "passes": [],
      "failures": [],
      "pending": [],
      "skipped": [],
      "duration": 0,
      "root": true,
      "rootEmpty": true,
      "_timeout": 2000
    }
  ],
  "meta": {
    "mocha": {
      "version": "7.0.1"
    },
    "mochawesome": {
      "options": {
        "quiet": false,
        "reportFilename": "mochawesome",
        "saveHtml": false,
        "saveJson": true,
        "consoleReporter": "spec",
        "useInlineDiffs": false,
        "code": true
      },
      "version": "7.0.1"
    },
    "marge": {
      "options": {
        "id": "default",
        "reportDir": "cypress/results/mochawesome",
        "quite": true,
        "overwrite": false,
        "html": false,
        "json": true
      },
      "version": "6.0.1"
    }
  }
}