{
  "stats": {
    "suites": 1,
    "tests": 1,
    "passes": 1,
    "pending": 0,
    "failures": 0,
    "start": "2022-02-17T15:01:18.488Z",
    "end": "2022-02-17T15:01:21.789Z",
    "duration": 3301,
    "testsRegistered": 1,
    "passPercent": 100,
    "pendingPercent": 0,
    "other": 0,
    "hasOther": false,
    "skipped": 0,
    "hasSkipped": false
  },
  "results": [
    {
      "uuid": "6129243b-f09b-4b15-b71e-f9e7d7168451",
      "title": "",
      "fullFile": "cypress/integration/Webdriver-uni/autocomplete-dropdown-list.js",
      "file": "cypress/integration/Webdriver-uni/autocomplete-dropdown-list.js",
      "beforeHooks": [],
      "afterHooks": [],
      "tests": [],
      "suites": [
        {
          "uuid": "992494ac-ef7c-42cf-b8f4-453676c9960e",
          "title": "Verify autocomplete dropdown lists via WebdriverUni",
          "fullFile": "",
          "file": "",
          "beforeHooks": [],
          "afterHooks": [],
          "tests": [
            {
              "title": "Select specific product via autocomplete dropdown lists",
              "fullTitle": "Verify autocomplete dropdown lists via WebdriverUni Select specific product via autocomplete dropdown lists",
              "timedOut": null,
              "duration": 3202,
              "state": "passed",
              "speed": "fast",
              "pass": true,
              "fail": false,
              "pending": false,
              "context": null,
              "code": "cy.visit(\"http://www.webdriveruniversity.com\");\ncy.get('#autocomplete-textfield').invoke('removeAttr', 'target').click({\n  force: true\n});\ncy.get('#myInput').type('A');\ncy.get('#myInputautocomplete-list >*').each(($el, index, $list) => {\n  const prod = $el.text();\n  const productToSelect = 'Avacado';\n  if (prod === productToSelect) {\n    $el.trigger('click');\n    cy.get('#submit-button').click();\n    cy.url().should('include', 'Avacado');\n  }\n  ;\n}).then(() => {\n  cy.get('#myInput').type('g');\n  cy.get('#myInputautocomplete-list >*').each(($el, index, $list) => {\n    const prod = $el.text();\n    const productToSelect = 'Grapes';\n    if (prod === productToSelect) {\n      $el.trigger('click');\n      cy.get('#submit-button').click();\n      cy.url().should('include', 'Grapes');\n    }\n    ;\n  });\n});",
              "err": {},
              "uuid": "38a1b23a-1e1c-4903-ae92-40ce7a6917f2",
              "parentUUID": "992494ac-ef7c-42cf-b8f4-453676c9960e",
              "isHook": false,
              "skipped": false
            }
          ],
          "suites": [],
          "passes": [
            "38a1b23a-1e1c-4903-ae92-40ce7a6917f2"
          ],
          "failures": [],
          "pending": [],
          "skipped": [],
          "duration": 3202,
          "root": false,
          "rootEmpty": false,
          "_timeout": 2000
        }
      ],
      "passes": [],
      "failures": [],
      "pending": [],
      "skipped": [],
      "duration": 0,
      "root": true,
      "rootEmpty": true,
      "_timeout": 2000
    }
  ],
  "meta": {
    "mocha": {
      "version": "7.0.1"
    },
    "mochawesome": {
      "options": {
        "quiet": false,
        "reportFilename": "mochawesome",
        "saveHtml": false,
        "saveJson": true,
        "consoleReporter": "spec",
        "useInlineDiffs": false,
        "code": true
      },
      "version": "7.0.1"
    },
    "marge": {
      "options": {
        "id": "default",
        "reportDir": "cypress/results/mochawesome",
        "quite": true,
        "overwrite": false,
        "html": false,
        "json": true
      },
      "version": "6.0.1"
    }
  }
}