{
  "stats": {
    "suites": 1,
    "tests": 4,
    "passes": 4,
    "pending": 0,
    "failures": 0,
    "start": "2022-02-18T12:34:08.992Z",
    "end": "2022-02-18T12:34:11.092Z",
    "duration": 2100,
    "testsRegistered": 4,
    "passPercent": 100,
    "pendingPercent": 0,
    "other": 0,
    "hasOther": false,
    "skipped": 0,
    "hasSkipped": false
  },
  "results": [
    {
      "uuid": "74fd385b-dd5f-4cbb-bf0f-aaa83f389356",
      "title": "",
      "fullFile": "cypress/integration/Webdriver-uni/mouse-actions.js",
      "file": "cypress/integration/Webdriver-uni/mouse-actions.js",
      "beforeHooks": [],
      "afterHooks": [],
      "tests": [],
      "suites": [
        {
          "uuid": "4e383de5-da28-4049-8af6-b69817024ab1",
          "title": "Test mouse actions",
          "fullFile": "",
          "file": "",
          "beforeHooks": [],
          "afterHooks": [],
          "tests": [
            {
              "title": "Scroll element into view",
              "fullTitle": "Test mouse actions Scroll element into view",
              "timedOut": null,
              "duration": 1009,
              "state": "passed",
              "speed": "fast",
              "pass": true,
              "fail": false,
              "pending": false,
              "context": null,
              "code": "cy.visit(\"http://www.webdriveruniversity.com\");\ncy.get('#actions').scrollIntoView().invoke('removeAttr', 'target').click({\n  force: true\n});",
              "err": {},
              "uuid": "73408ce6-91e2-44fb-8046-8a38b98c4059",
              "parentUUID": "4e383de5-da28-4049-8af6-b69817024ab1",
              "isHook": false,
              "skipped": false
            },
            {
              "title": "Drag and drop draggable item",
              "fullTitle": "Test mouse actions Drag and drop draggable item",
              "timedOut": null,
              "duration": 377,
              "state": "passed",
              "speed": "fast",
              "pass": true,
              "fail": false,
              "pending": false,
              "context": null,
              "code": "cy.visit(\"http://www.webdriveruniversity.com\");\ncy.get('#actions').scrollIntoView().invoke('removeAttr', 'target').click({\n  force: true\n});\ncy.get('#draggable').trigger('mousedown', {\n  which: 1\n});\ncy.get('#droppable').trigger('mousemove').trigger('mouseup', {\n  force: true\n});",
              "err": {},
              "uuid": "3d44c9d2-ba6d-4261-8f68-10f59bfa1836",
              "parentUUID": "4e383de5-da28-4049-8af6-b69817024ab1",
              "isHook": false,
              "skipped": false
            },
            {
              "title": "Perform a double mouse click",
              "fullTitle": "Test mouse actions Perform a double mouse click",
              "timedOut": null,
              "duration": 384,
              "state": "passed",
              "speed": "fast",
              "pass": true,
              "fail": false,
              "pending": false,
              "context": null,
              "code": "cy.visit(\"http://www.webdriveruniversity.com\");\ncy.get('#actions').scrollIntoView().invoke('removeAttr', 'target').click({\n  force: true\n});\ncy.get('#double-click').dblclick();",
              "err": {},
              "uuid": "30a05284-a328-4c96-82ba-cfc2d72209f2",
              "parentUUID": "4e383de5-da28-4049-8af6-b69817024ab1",
              "isHook": false,
              "skipped": false
            },
            {
              "title": "Hold down the left mouse click on the given element",
              "fullTitle": "Test mouse actions Hold down the left mouse click on the given element",
              "timedOut": null,
              "duration": 302,
              "state": "passed",
              "speed": "fast",
              "pass": true,
              "fail": false,
              "pending": false,
              "context": null,
              "code": "cy.visit(\"http://www.webdriveruniversity.com\");\ncy.get('#actions').scrollIntoView().invoke('removeAttr', 'target').click({\n  force: true\n});\ncy.get('#click-box').trigger('mousedown', {\n  which: 1\n}).then($element => {\n  expect($element).to.have.css('background-color', 'rgb(0, 255, 0)');\n});",
              "err": {},
              "uuid": "35fb1094-f777-4b82-a0ed-4336b6bad3ab",
              "parentUUID": "4e383de5-da28-4049-8af6-b69817024ab1",
              "isHook": false,
              "skipped": false
            }
          ],
          "suites": [],
          "passes": [
            "73408ce6-91e2-44fb-8046-8a38b98c4059",
            "3d44c9d2-ba6d-4261-8f68-10f59bfa1836",
            "30a05284-a328-4c96-82ba-cfc2d72209f2",
            "35fb1094-f777-4b82-a0ed-4336b6bad3ab"
          ],
          "failures": [],
          "pending": [],
          "skipped": [],
          "duration": 2072,
          "root": false,
          "rootEmpty": false,
          "_timeout": 2000
        }
      ],
      "passes": [],
      "failures": [],
      "pending": [],
      "skipped": [],
      "duration": 0,
      "root": true,
      "rootEmpty": true,
      "_timeout": 2000
    }
  ],
  "meta": {
    "mocha": {
      "version": "7.0.1"
    },
    "mochawesome": {
      "options": {
        "quiet": false,
        "reportFilename": "mochawesome",
        "saveHtml": false,
        "saveJson": true,
        "consoleReporter": "spec",
        "useInlineDiffs": false,
        "code": true
      },
      "version": "7.0.1"
    },
    "marge": {
      "options": {
        "id": "default",
        "reportDir": "cypress/results/mochawesome",
        "quite": true,
        "overwrite": false,
        "html": false,
        "json": true
      },
      "version": "6.0.1"
    }
  }
}