{
  "stats": {
    "suites": 1,
    "tests": 2,
    "passes": 2,
    "pending": 0,
    "failures": 0,
    "start": "2022-02-18T12:34:18.012Z",
    "end": "2022-02-18T12:34:19.327Z",
    "duration": 1315,
    "testsRegistered": 2,
    "passPercent": 100,
    "pendingPercent": 0,
    "other": 0,
    "hasOther": false,
    "skipped": 0,
    "hasSkipped": false
  },
  "results": [
    {
      "uuid": "a7f988cd-d0f8-4e40-b86c-ecc846847c33",
      "title": "",
      "fullFile": "cypress/integration/Webdriver-uni/radio-buttons.js",
      "file": "cypress/integration/Webdriver-uni/radio-buttons.js",
      "beforeHooks": [],
      "afterHooks": [],
      "tests": [],
      "suites": [
        {
          "uuid": "cd1e3d3b-0124-4e48-bdda-e4b3621676cd",
          "title": "Verify radiobuttons via WebdriverUni",
          "fullFile": "",
          "file": "",
          "beforeHooks": [],
          "afterHooks": [],
          "tests": [
            {
              "title": "Check specific radiobuttons",
              "fullTitle": "Verify radiobuttons via WebdriverUni Check specific radiobuttons",
              "timedOut": null,
              "duration": 1153,
              "state": "passed",
              "speed": "fast",
              "pass": true,
              "fail": false,
              "pending": false,
              "context": null,
              "code": "// cy.visit(\"http://www.webdriveruniversity.com\");\n// cy.get('#dropdown-checkboxes-radiobuttons').invoke('removeAttr', 'target').click({force:true});\ncy.get('#radio-buttons').find(\"[type = 'radio']\").first().check();\ncy.get('#radio-buttons').find(\"[type = 'radio']\").eq(1).check();",
              "err": {},
              "uuid": "4d325948-3f9a-46cd-9c75-8dffed443883",
              "parentUUID": "cd1e3d3b-0124-4e48-bdda-e4b3621676cd",
              "isHook": false,
              "skipped": false
            },
            {
              "title": "Validate states of specific radiobuttons",
              "fullTitle": "Verify radiobuttons via WebdriverUni Validate states of specific radiobuttons",
              "timedOut": null,
              "duration": 132,
              "state": "passed",
              "speed": "fast",
              "pass": true,
              "fail": false,
              "pending": false,
              "context": null,
              "code": "// cy.visit(\"http://www.webdriveruniversity.com\");\n// cy.get('#dropdown-checkboxes-radiobuttons').invoke('removeAttr', 'target').click({force:true});\ncy.get(\"[value = 'lettuce']\").should('not.be.checked');\ncy.get(\"[value = 'pumpkin']\").should('be.checked');\ncy.get(\"[value = 'lettuce']\").check();\ncy.get(\"[value = 'lettuce']\").should('be.checked');\ncy.get(\"[value = 'pumpkin']\").should('not.be.checked');\ncy.get(\"[value = 'cabbage']\").should('be.disabled');",
              "err": {},
              "uuid": "a5d2d090-e0d6-4d78-947f-1df37e15cf39",
              "parentUUID": "cd1e3d3b-0124-4e48-bdda-e4b3621676cd",
              "isHook": false,
              "skipped": false
            }
          ],
          "suites": [],
          "passes": [
            "4d325948-3f9a-46cd-9c75-8dffed443883",
            "a5d2d090-e0d6-4d78-947f-1df37e15cf39"
          ],
          "failures": [],
          "pending": [],
          "skipped": [],
          "duration": 1285,
          "root": false,
          "rootEmpty": false,
          "_timeout": 2000
        }
      ],
      "passes": [],
      "failures": [],
      "pending": [],
      "skipped": [],
      "duration": 0,
      "root": true,
      "rootEmpty": true,
      "_timeout": 2000
    }
  ],
  "meta": {
    "mocha": {
      "version": "7.0.1"
    },
    "mochawesome": {
      "options": {
        "quiet": false,
        "reportFilename": "mochawesome",
        "saveHtml": false,
        "saveJson": true,
        "consoleReporter": "spec",
        "useInlineDiffs": false,
        "code": true
      },
      "version": "7.0.1"
    },
    "marge": {
      "options": {
        "id": "default",
        "reportDir": "cypress/results/mochawesome",
        "quite": true,
        "overwrite": false,
        "html": false,
        "json": true
      },
      "version": "6.0.1"
    }
  }
}