{
  "stats": {
    "suites": 1,
    "tests": 1,
    "passes": 1,
    "pending": 0,
    "failures": 0,
    "start": "2022-02-18T12:31:05.434Z",
    "end": "2022-02-18T12:31:13.797Z",
    "duration": 8363,
    "testsRegistered": 1,
    "passPercent": 100,
    "pendingPercent": 0,
    "other": 0,
    "hasOther": false,
    "skipped": 0,
    "hasSkipped": false
  },
  "results": [
    {
      "uuid": "a1afa570-1cd7-44e6-aa0c-836420c211a1",
      "title": "",
      "fullFile": "cypress/integration/Automation-test-store/add-multiple-items-to-basket_FINAL.js",
      "file": "cypress/integration/Automation-test-store/add-multiple-items-to-basket_FINAL.js",
      "beforeHooks": [],
      "afterHooks": [],
      "tests": [],
      "suites": [
        {
          "uuid": "8d6932ce-db85-4172-b231-a257b91df7b7",
          "title": "Add multiple items to basket",
          "fullFile": "",
          "file": "",
          "beforeHooks": [],
          "afterHooks": [],
          "tests": [
            {
              "title": "Add specific items to basket",
              "fullTitle": "Add multiple items to basket Add specific items to basket",
              "timedOut": null,
              "duration": 6414,
              "state": "passed",
              "speed": "medium",
              "pass": true,
              "fail": false,
              "pending": false,
              "context": null,
              "code": "globalThis.data.productName.forEach(function (element) {\n  cy.addProductToBasket(element);\n});\ncy.get('.dropdown-toggle > .fa').click();",
              "err": {},
              "uuid": "39698504-968c-4dba-8f01-69317309dfbc",
              "parentUUID": "8d6932ce-db85-4172-b231-a257b91df7b7",
              "isHook": false,
              "skipped": false
            }
          ],
          "suites": [],
          "passes": [
            "39698504-968c-4dba-8f01-69317309dfbc"
          ],
          "failures": [],
          "pending": [],
          "skipped": [],
          "duration": 6414,
          "root": false,
          "rootEmpty": false,
          "_timeout": 2000
        }
      ],
      "passes": [],
      "failures": [],
      "pending": [],
      "skipped": [],
      "duration": 0,
      "root": true,
      "rootEmpty": true,
      "_timeout": 2000
    }
  ],
  "meta": {
    "mocha": {
      "version": "7.0.1"
    },
    "mochawesome": {
      "options": {
        "quiet": false,
        "reportFilename": "mochawesome",
        "saveHtml": false,
        "saveJson": true,
        "consoleReporter": "spec",
        "useInlineDiffs": false,
        "code": true
      },
      "version": "7.0.1"
    },
    "marge": {
      "options": {
        "id": "default",
        "reportDir": "cypress/results/mochawesome",
        "quite": true,
        "overwrite": false,
        "html": false,
        "json": true
      },
      "version": "6.0.1"
    }
  }
}