{
  "stats": {
    "suites": 1,
    "tests": 2,
    "passes": 2,
    "pending": 0,
    "failures": 0,
    "start": "2022-02-17T15:02:01.399Z",
    "end": "2022-02-17T15:02:03.826Z",
    "duration": 2427,
    "testsRegistered": 2,
    "passPercent": 100,
    "pendingPercent": 0,
    "other": 0,
    "hasOther": false,
    "skipped": 0,
    "hasSkipped": false
  },
  "results": [
    {
      "uuid": "caa41373-457e-4d92-aba3-190a80fd4655",
      "title": "",
      "fullFile": "cypress/integration/Webdriver-uni/data-tables.js",
      "file": "cypress/integration/Webdriver-uni/data-tables.js",
      "beforeHooks": [],
      "afterHooks": [],
      "tests": [],
      "suites": [
        {
          "uuid": "d4adfc50-d631-4fce-a2d6-83ff8becec50",
          "title": "Handling data via webdriverUni",
          "fullFile": "",
          "file": "",
          "beforeHooks": [],
          "afterHooks": [],
          "tests": [
            {
              "title": "calculate and assert the total age of all users",
              "fullTitle": "Handling data via webdriverUni calculate and assert the total age of all users",
              "timedOut": null,
              "duration": 1943,
              "state": "passed",
              "speed": "fast",
              "pass": true,
              "fail": false,
              "pending": false,
              "context": null,
              "code": "var userDetails = [];\nlet numb = 0;\ncy.get('#thumbnail-1 td').each(($el, index, $list) => {\n  userDetails[index] = $el.text();\n}).then(() => {\n  var i;\n  for (i = 0; i < userDetails.length; i++) {\n    if (Number(userDetails[i])) {\n      numb += Number(userDetails[i]);\n    }\n    ;\n  }\n  ;\n  cy.log(\"Total age: \" + numb);\n  expect(numb).to.eq(322);\n});",
              "err": {},
              "uuid": "c5618fa5-dea2-4de9-83a9-8f86fe833b97",
              "parentUUID": "d4adfc50-d631-4fce-a2d6-83ff8becec50",
              "isHook": false,
              "skipped": false
            },
            {
              "title": "calculate and assert of the given user by the last name",
              "fullTitle": "Handling data via webdriverUni calculate and assert of the given user by the last name",
              "timedOut": null,
              "duration": 445,
              "state": "passed",
              "speed": "fast",
              "pass": true,
              "fail": false,
              "pending": false,
              "context": null,
              "code": "cy.get('#thumbnail-1 tr td:nth-child(2)').each(($el, index, $list) => {\n  const text = $el.text();\n  if (text.includes(\"Woods\")) {\n    cy.get('#thumbnail-1 tr td:nth-child(2)').eq(index).next().then(function (age) {\n      const userAge = age.text();\n      expect(userAge).to.eq('80');\n    });\n  }\n  ;\n});",
              "err": {},
              "uuid": "ef9488ca-0a98-4eaa-baa3-58774d643097",
              "parentUUID": "d4adfc50-d631-4fce-a2d6-83ff8becec50",
              "isHook": false,
              "skipped": false
            }
          ],
          "suites": [],
          "passes": [
            "c5618fa5-dea2-4de9-83a9-8f86fe833b97",
            "ef9488ca-0a98-4eaa-baa3-58774d643097"
          ],
          "failures": [],
          "pending": [],
          "skipped": [],
          "duration": 2388,
          "root": false,
          "rootEmpty": false,
          "_timeout": 2000
        }
      ],
      "passes": [],
      "failures": [],
      "pending": [],
      "skipped": [],
      "duration": 0,
      "root": true,
      "rootEmpty": true,
      "_timeout": 2000
    }
  ],
  "meta": {
    "mocha": {
      "version": "7.0.1"
    },
    "mochawesome": {
      "options": {
        "quiet": false,
        "reportFilename": "mochawesome",
        "saveHtml": false,
        "saveJson": true,
        "consoleReporter": "spec",
        "useInlineDiffs": false,
        "code": true
      },
      "version": "7.0.1"
    },
    "marge": {
      "options": {
        "id": "default",
        "reportDir": "cypress/results/mochawesome",
        "quite": true,
        "overwrite": false,
        "html": false,
        "json": true
      },
      "version": "6.0.1"
    }
  }
}