{
  "stats": {
    "suites": 1,
    "tests": 16,
    "passes": 16,
    "pending": 0,
    "failures": 0,
    "start": "2022-02-17T15:02:54.822Z",
    "end": "2022-02-17T15:03:02.438Z",
    "duration": 7616,
    "testsRegistered": 16,
    "passPercent": 100,
    "pendingPercent": 0,
    "other": 0,
    "hasOther": false,
    "skipped": 0,
    "hasSkipped": false
  },
  "results": [
    {
      "uuid": "59d604c5-32f4-4944-bd1a-1690b1ca4afd",
      "title": "",
      "fullFile": "cypress/integration/Webdriver-uni/traversing-elements.js",
      "file": "cypress/integration/Webdriver-uni/traversing-elements.js",
      "beforeHooks": [],
      "afterHooks": [],
      "tests": [],
      "suites": [
        {
          "uuid": "f02ee9bc-1359-4a71-a74b-d45ec970decb",
          "title": "Traversing DOM elements in Cypress",
          "fullFile": "",
          "file": "",
          "beforeHooks": [],
          "afterHooks": [],
          "tests": [
            {
              "title": "children() to get the children of DOM elements",
              "fullTitle": "Traversing DOM elements in Cypress children() to get the children of DOM elements",
              "timedOut": null,
              "duration": 1520,
              "state": "passed",
              "speed": "fast",
              "pass": true,
              "fail": false,
              "pending": false,
              "context": null,
              "code": "cy.get('.traversal-breadcrumb').children('.active').should('contain', 'Contact Us'); //question here",
              "err": {},
              "uuid": "f3070e1c-a1a0-4ae0-9a3f-ecb5038f1d78",
              "parentUUID": "f02ee9bc-1359-4a71-a74b-d45ec970decb",
              "isHook": false,
              "skipped": false
            },
            {
              "title": "closest() to validate the closest ancestor DOM element",
              "fullTitle": "Traversing DOM elements in Cypress closest() to validate the closest ancestor DOM element",
              "timedOut": null,
              "duration": 458,
              "state": "passed",
              "speed": "fast",
              "pass": true,
              "fail": false,
              "pending": false,
              "context": null,
              "code": "cy.get('.traversal-badge').closest('ul').should('have.class', 'list-group');",
              "err": {},
              "uuid": "6d87129e-9721-4388-a828-eb4c947545c1",
              "parentUUID": "f02ee9bc-1359-4a71-a74b-d45ec970decb",
              "isHook": false,
              "skipped": false
            },
            {
              "title": "eq() to retrieve a specific element based on index",
              "fullTitle": "Traversing DOM elements in Cypress eq() to retrieve a specific element based on index",
              "timedOut": null,
              "duration": 358,
              "state": "passed",
              "speed": "fast",
              "pass": true,
              "fail": false,
              "pending": false,
              "context": null,
              "code": "cy.get('.traversal-drinks-list>*').eq(2).should('contain', 'Milk');",
              "err": {},
              "uuid": "6c3953d8-3102-4274-a50b-ffb02e0b2e44",
              "parentUUID": "f02ee9bc-1359-4a71-a74b-d45ec970decb",
              "isHook": false,
              "skipped": false
            },
            {
              "title": "filter() to retrieve DOM elements that match a specific selector",
              "fullTitle": "Traversing DOM elements in Cypress filter() to retrieve DOM elements that match a specific selector",
              "timedOut": null,
              "duration": 422,
              "state": "passed",
              "speed": "fast",
              "pass": true,
              "fail": false,
              "pending": false,
              "context": null,
              "code": "cy.get('.btn-group-toggle > *').filter('.active').should('contain', 'Button-1'); //locator question",
              "err": {},
              "uuid": "d2ca9e9a-2b3f-4442-aa74-76688a8a9c7e",
              "parentUUID": "f02ee9bc-1359-4a71-a74b-d45ec970decb",
              "isHook": false,
              "skipped": false
            },
            {
              "title": "find() to retrieve DOM elements of a given selector",
              "fullTitle": "Traversing DOM elements in Cypress find() to retrieve DOM elements of a given selector",
              "timedOut": null,
              "duration": 395,
              "state": "passed",
              "speed": "fast",
              "pass": true,
              "fail": false,
              "pending": false,
              "context": null,
              "code": "cy.get('.traversal-pagination').find('li').find('a').should('have.length', '7');",
              "err": {},
              "uuid": "5a81f308-613a-4f36-bec3-a3a58aa1277e",
              "parentUUID": "f02ee9bc-1359-4a71-a74b-d45ec970decb",
              "isHook": false,
              "skipped": false
            },
            {
              "title": "first() to retrieve the first DOM element within elements ",
              "fullTitle": "Traversing DOM elements in Cypress first() to retrieve the first DOM element within elements ",
              "timedOut": null,
              "duration": 371,
              "state": "passed",
              "speed": "fast",
              "pass": true,
              "fail": false,
              "pending": false,
              "context": null,
              "code": "cy.get('.traversal-table > tbody >tr > td').first().should('contain', 'Andy');",
              "err": {},
              "uuid": "2495afda-1181-447b-8061-fc34e55ca3ba",
              "parentUUID": "f02ee9bc-1359-4a71-a74b-d45ec970decb",
              "isHook": false,
              "skipped": false
            },
            {
              "title": "last() to retrieve the last DOM element within elements",
              "fullTitle": "Traversing DOM elements in Cypress last() to retrieve the last DOM element within elements",
              "timedOut": null,
              "duration": 346,
              "state": "passed",
              "speed": "fast",
              "pass": true,
              "fail": false,
              "pending": false,
              "context": null,
              "code": "cy.get('.traversal-table > tbody >tr > td').last().should('contain', 'Scott');",
              "err": {},
              "uuid": "515f2c06-9b79-43c2-b594-261eaf00e793",
              "parentUUID": "f02ee9bc-1359-4a71-a74b-d45ec970decb",
              "isHook": false,
              "skipped": false
            },
            {
              "title": "nextAll() to get all of the next sibling DOM elements within elements",
              "fullTitle": "Traversing DOM elements in Cypress nextAll() to get all of the next sibling DOM elements within elements",
              "timedOut": null,
              "duration": 350,
              "state": "passed",
              "speed": "fast",
              "pass": true,
              "fail": false,
              "pending": false,
              "context": null,
              "code": "cy.get('.traversal-drinks-list').contains('Tea').nextAll().should('have.length', '3');",
              "err": {},
              "uuid": "ebc79fd3-280d-4a7b-8722-b6048c28f685",
              "parentUUID": "f02ee9bc-1359-4a71-a74b-d45ec970decb",
              "isHook": false,
              "skipped": false
            },
            {
              "title": "nextUntil() to get all of the next sibling DOM elements within elements until another element",
              "fullTitle": "Traversing DOM elements in Cypress nextUntil() to get all of the next sibling DOM elements within elements until another element",
              "timedOut": null,
              "duration": 391,
              "state": "passed",
              "speed": "fast",
              "pass": true,
              "fail": false,
              "pending": false,
              "context": null,
              "code": "cy.get('#coffee').contains('Coffee').nextUntil('#milk').should('contain', 'Tea');",
              "err": {},
              "uuid": "339e74ab-7f58-448f-8084-3057b3d617aa",
              "parentUUID": "f02ee9bc-1359-4a71-a74b-d45ec970decb",
              "isHook": false,
              "skipped": false
            },
            {
              "title": "not() to remove DOM element(s) from the set of elements",
              "fullTitle": "Traversing DOM elements in Cypress not() to remove DOM element(s) from the set of elements",
              "timedOut": null,
              "duration": 475,
              "state": "passed",
              "speed": "fast",
              "pass": true,
              "fail": false,
              "pending": false,
              "context": null,
              "code": "cy.get('.traversal-button-states > button').not('.disabled').should('not.have.class', 'disabled');",
              "err": {},
              "uuid": "376d6fb6-db10-4b21-94f2-ba4f48993032",
              "parentUUID": "f02ee9bc-1359-4a71-a74b-d45ec970decb",
              "isHook": false,
              "skipped": false
            },
            {
              "title": "parent() To get parent DOM element of elements",
              "fullTitle": "Traversing DOM elements in Cypress parent() To get parent DOM element of elements",
              "timedOut": null,
              "duration": 374,
              "state": "passed",
              "speed": "fast",
              "pass": true,
              "fail": false,
              "pending": false,
              "context": null,
              "code": "cy.get('.traversal-mark').parent().should('contain', 'ipsum');",
              "err": {},
              "uuid": "9c81dcc0-636f-42e4-a8c8-66f3815bc235",
              "parentUUID": "f02ee9bc-1359-4a71-a74b-d45ec970decb",
              "isHook": false,
              "skipped": false
            },
            {
              "title": "parents() to get parents DOM element of elements",
              "fullTitle": "Traversing DOM elements in Cypress parents() to get parents DOM element of elements",
              "timedOut": null,
              "duration": 402,
              "state": "passed",
              "speed": "fast",
              "pass": true,
              "fail": false,
              "pending": false,
              "context": null,
              "code": "cy.get('.traversal-cite').parents().should('match', 'blockquote');",
              "err": {},
              "uuid": "51d90d0c-d7a5-4a5f-86c9-48dca79ef3f3",
              "parentUUID": "f02ee9bc-1359-4a71-a74b-d45ec970decb",
              "isHook": false,
              "skipped": false
            },
            {
              "title": "prev() to get the previous sibling DOM element within elements",
              "fullTitle": "Traversing DOM elements in Cypress prev() to get the previous sibling DOM element within elements",
              "timedOut": null,
              "duration": 389,
              "state": "passed",
              "speed": "fast",
              "pass": true,
              "fail": false,
              "pending": false,
              "context": null,
              "code": "cy.get('#sugar').prev().contains('Espresso');",
              "err": {},
              "uuid": "fbe91f97-8028-45ea-ae22-ce327ab4dceb",
              "parentUUID": "f02ee9bc-1359-4a71-a74b-d45ec970decb",
              "isHook": false,
              "skipped": false
            },
            {
              "title": "prevAll() to get all previous sibling DOM elements within elements",
              "fullTitle": "Traversing DOM elements in Cypress prevAll() to get all previous sibling DOM elements within elements",
              "timedOut": null,
              "duration": 419,
              "state": "passed",
              "speed": "fast",
              "pass": true,
              "fail": false,
              "pending": false,
              "context": null,
              "code": "cy.get('.sales').prevAll().should('have.length', '2');",
              "err": {},
              "uuid": "aca6e351-2e88-4f90-84eb-3d496f782701",
              "parentUUID": "f02ee9bc-1359-4a71-a74b-d45ec970decb",
              "isHook": false,
              "skipped": false
            },
            {
              "title": "prevUntil() to get all previous sibling DOM elements within elements until other element",
              "fullTitle": "Traversing DOM elements in Cypress prevUntil() to get all previous sibling DOM elements within elements until other element",
              "timedOut": null,
              "duration": 422,
              "state": "passed",
              "speed": "fast",
              "pass": true,
              "fail": false,
              "pending": false,
              "context": null,
              "code": "cy.get('#veggie').prevUntil('#fruits').should('have.length', '5');",
              "err": {},
              "uuid": "0b1dc41f-9fef-4e00-b742-84fefca7e18a",
              "parentUUID": "f02ee9bc-1359-4a71-a74b-d45ec970decb",
              "isHook": false,
              "skipped": false
            },
            {
              "title": "siblings() To get all sibling DOM elements of elements",
              "fullTitle": "Traversing DOM elements in Cypress siblings() To get all sibling DOM elements of elements",
              "timedOut": null,
              "duration": 366,
              "state": "passed",
              "speed": "fast",
              "pass": true,
              "fail": false,
              "pending": false,
              "context": null,
              "code": "cy.get('.traversal-button-other-states .active').siblings().should('have.length', '3');",
              "err": {},
              "uuid": "cc6f0297-2fe5-43fd-a329-44097f2c768d",
              "parentUUID": "f02ee9bc-1359-4a71-a74b-d45ec970decb",
              "isHook": false,
              "skipped": false
            }
          ],
          "suites": [],
          "passes": [
            "f3070e1c-a1a0-4ae0-9a3f-ecb5038f1d78",
            "6d87129e-9721-4388-a828-eb4c947545c1",
            "6c3953d8-3102-4274-a50b-ffb02e0b2e44",
            "d2ca9e9a-2b3f-4442-aa74-76688a8a9c7e",
            "5a81f308-613a-4f36-bec3-a3a58aa1277e",
            "2495afda-1181-447b-8061-fc34e55ca3ba",
            "515f2c06-9b79-43c2-b594-261eaf00e793",
            "ebc79fd3-280d-4a7b-8722-b6048c28f685",
            "339e74ab-7f58-448f-8084-3057b3d617aa",
            "376d6fb6-db10-4b21-94f2-ba4f48993032",
            "9c81dcc0-636f-42e4-a8c8-66f3815bc235",
            "51d90d0c-d7a5-4a5f-86c9-48dca79ef3f3",
            "fbe91f97-8028-45ea-ae22-ce327ab4dceb",
            "aca6e351-2e88-4f90-84eb-3d496f782701",
            "0b1dc41f-9fef-4e00-b742-84fefca7e18a",
            "cc6f0297-2fe5-43fd-a329-44097f2c768d"
          ],
          "failures": [],
          "pending": [],
          "skipped": [],
          "duration": 7458,
          "root": false,
          "rootEmpty": false,
          "_timeout": 2000
        }
      ],
      "passes": [],
      "failures": [],
      "pending": [],
      "skipped": [],
      "duration": 0,
      "root": true,
      "rootEmpty": true,
      "_timeout": 2000
    }
  ],
  "meta": {
    "mocha": {
      "version": "7.0.1"
    },
    "mochawesome": {
      "options": {
        "quiet": false,
        "reportFilename": "mochawesome",
        "saveHtml": false,
        "saveJson": true,
        "consoleReporter": "spec",
        "useInlineDiffs": false,
        "code": true
      },
      "version": "7.0.1"
    },
    "marge": {
      "options": {
        "id": "default",
        "reportDir": "cypress/results/mochawesome",
        "quite": true,
        "overwrite": false,
        "html": false,
        "json": true
      },
      "version": "6.0.1"
    }
  }
}