{
  "stats": {
    "suites": 1,
    "tests": 2,
    "passes": 2,
    "pending": 0,
    "failures": 0,
    "start": "2022-02-18T12:33:02.403Z",
    "end": "2022-02-18T12:33:15.146Z",
    "duration": 12743,
    "testsRegistered": 2,
    "passPercent": 100,
    "pendingPercent": 0,
    "other": 0,
    "hasOther": false,
    "skipped": 0,
    "hasSkipped": false
  },
  "results": [
    {
      "uuid": "d18bb5b9-8785-4a7b-b122-24922b4cb664",
      "title": "",
      "fullFile": "cypress/integration/Webdriver-uni/contact-us.js",
      "file": "cypress/integration/Webdriver-uni/contact-us.js",
      "beforeHooks": [],
      "afterHooks": [],
      "tests": [],
      "suites": [
        {
          "uuid": "ceff6a5a-ab7a-4a94-8b13-69f6b62e5e71",
          "title": "Test Contact Us form via WebdriverUni",
          "fullFile": "",
          "file": "",
          "beforeHooks": [],
          "afterHooks": [],
          "tests": [
            {
              "title": "Should be able to submit a successful submission via Contact Us form",
              "fullTitle": "Test Contact Us form via WebdriverUni Should be able to submit a successful submission via Contact Us form",
              "timedOut": null,
              "duration": 7514,
              "state": "passed",
              "speed": "medium",
              "pass": true,
              "fail": false,
              "pending": false,
              "context": null,
              "code": "cy.document().should('have.property', 'charset').and('eq', 'UTF-8');\ncy.title().should('include', 'WebDriver | Contact Us');\ncy.url().should('include', 'contactus');\ncontact_Us_PO.contactForm_Submission(Cypress.env(\"first_name\"), data.last_name, data.email, 'It is friday', 'h1', 'Thank You for your Message!');",
              "err": {},
              "uuid": "a85519a1-c0e5-43fb-94f2-4168ca8877dd",
              "parentUUID": "ceff6a5a-ab7a-4a94-8b13-69f6b62e5e71",
              "isHook": false,
              "skipped": false
            },
            {
              "title": "Should not be able to submit a successful submission via Contact Us form as all fields are required",
              "fullTitle": "Test Contact Us form via WebdriverUni Should not be able to submit a successful submission via Contact Us form as all fields are required",
              "timedOut": null,
              "duration": 5175,
              "state": "passed",
              "speed": "medium",
              "pass": true,
              "fail": false,
              "pending": false,
              "context": null,
              "code": "contact_Us_PO.contactForm_Submission(data.first_name, data.last_name, ' ', 'It is friday', 'body', 'Error: Invalid email address');",
              "err": {},
              "uuid": "8e8889e5-409c-42a3-b25f-35f33fc4c2fd",
              "parentUUID": "ceff6a5a-ab7a-4a94-8b13-69f6b62e5e71",
              "isHook": false,
              "skipped": false
            }
          ],
          "suites": [],
          "passes": [
            "a85519a1-c0e5-43fb-94f2-4168ca8877dd",
            "8e8889e5-409c-42a3-b25f-35f33fc4c2fd"
          ],
          "failures": [],
          "pending": [],
          "skipped": [],
          "duration": 12689,
          "root": false,
          "rootEmpty": false,
          "_timeout": 2000
        }
      ],
      "passes": [],
      "failures": [],
      "pending": [],
      "skipped": [],
      "duration": 0,
      "root": true,
      "rootEmpty": true,
      "_timeout": 2000
    }
  ],
  "meta": {
    "mocha": {
      "version": "7.0.1"
    },
    "mochawesome": {
      "options": {
        "quiet": false,
        "reportFilename": "mochawesome",
        "saveHtml": false,
        "saveJson": true,
        "consoleReporter": "spec",
        "useInlineDiffs": false,
        "code": true
      },
      "version": "7.0.1"
    },
    "marge": {
      "options": {
        "id": "default",
        "reportDir": "cypress/results/mochawesome",
        "quite": true,
        "overwrite": false,
        "html": false,
        "json": true
      },
      "version": "6.0.1"
    }
  }
}