{
  "stats": {
    "suites": 1,
    "tests": 4,
    "passes": 4,
    "pending": 0,
    "failures": 0,
    "start": "2022-02-18T12:34:00.173Z",
    "end": "2022-02-18T12:34:02.364Z",
    "duration": 2191,
    "testsRegistered": 4,
    "passPercent": 100,
    "pendingPercent": 0,
    "other": 0,
    "hasOther": false,
    "skipped": 0,
    "hasSkipped": false
  },
  "results": [
    {
      "uuid": "02c71054-b07d-43da-9b95-8abeb67afc0b",
      "title": "",
      "fullFile": "cypress/integration/Webdriver-uni/js-alerts.js",
      "file": "cypress/integration/Webdriver-uni/js-alerts.js",
      "beforeHooks": [],
      "afterHooks": [],
      "tests": [],
      "suites": [
        {
          "uuid": "e8ff1696-c454-47cd-9d9b-783ef10c80a3",
          "title": "Handle js alerts",
          "fullFile": "",
          "file": "",
          "beforeHooks": [],
          "afterHooks": [],
          "tests": [
            {
              "title": "Confirm js alerts contain the right text",
              "fullTitle": "Handle js alerts Confirm js alerts contain the right text",
              "timedOut": null,
              "duration": 1068,
              "state": "passed",
              "speed": "fast",
              "pass": true,
              "fail": false,
              "pending": false,
              "context": null,
              "code": "//cy.visit(\"http://www.webdriveruniversity.com/Contact-Us/contactus.html\");\ncy.visit(\"http://www.webdriveruniversity.com\");\ncy.get('#popup-alerts').invoke('removeAttr', 'target').click({\n  force: true\n});\ncy.get('#button1').click();\ncy.on('window:alert', str => {\n  expect(str).to.equal('I am an alert box!');\n});",
              "err": {},
              "uuid": "ec97c183-9867-4420-a1e6-215155e1228e",
              "parentUUID": "e8ff1696-c454-47cd-9d9b-783ef10c80a3",
              "isHook": false,
              "skipped": false
            },
            {
              "title": "Validate JS confirm box works correctly when clicking ok",
              "fullTitle": "Handle js alerts Validate JS confirm box works correctly when clicking ok",
              "timedOut": null,
              "duration": 389,
              "state": "passed",
              "speed": "fast",
              "pass": true,
              "fail": false,
              "pending": false,
              "context": null,
              "code": "cy.visit(\"http://www.webdriveruniversity.com\");\ncy.get('#popup-alerts').invoke('removeAttr', 'target').click({\n  force: true\n});\ncy.get('#button4').click();\ncy.on('window:confirm', str => {\n  return true; //clicks ok\n});\ncy.get('#confirm-alert-text').should('contain', 'You pressed OK!');",
              "err": {},
              "uuid": "6e31c002-fbbb-480d-ac9d-5969551cdfcf",
              "parentUUID": "e8ff1696-c454-47cd-9d9b-783ef10c80a3",
              "isHook": false,
              "skipped": false
            },
            {
              "title": "Validate JS confirm box works correctly when clicking cancel",
              "fullTitle": "Handle js alerts Validate JS confirm box works correctly when clicking cancel",
              "timedOut": null,
              "duration": 342,
              "state": "passed",
              "speed": "fast",
              "pass": true,
              "fail": false,
              "pending": false,
              "context": null,
              "code": "cy.visit(\"http://www.webdriveruniversity.com\");\ncy.get('#popup-alerts').invoke('removeAttr', 'target').click({\n  force: true\n});\ncy.get('#button4').click();\ncy.on('window:confirm', str => {\n  return false; //clicks cancel\n});\ncy.get('#confirm-alert-text').contains('You pressed Cancel!');",
              "err": {},
              "uuid": "e0a7d439-96d1-413a-86c8-52b6207ed48e",
              "parentUUID": "e8ff1696-c454-47cd-9d9b-783ef10c80a3",
              "isHook": false,
              "skipped": false
            },
            {
              "title": "Using the stub",
              "fullTitle": "Handle js alerts Using the stub",
              "timedOut": null,
              "duration": 364,
              "state": "passed",
              "speed": "fast",
              "pass": true,
              "fail": false,
              "pending": false,
              "context": null,
              "code": "cy.visit(\"http://www.webdriveruniversity.com\");\ncy.get('#popup-alerts').invoke('removeAttr', 'target').click({\n  force: true\n});\nconst stub = cy.stub();\ncy.on('window:confirm', stub);\ncy.get('#button4').click().then(() => {\n  expect(stub.getCall(0)).to.be.calledWith('Press a button!');\n}).then(() => {\n  return true;\n}).then(() => {\n  cy.get('#confirm-alert-text').should('contain', 'You pressed OK!');\n});",
              "err": {},
              "uuid": "3b6ebb50-cb0a-447b-a397-35dbc4aafc06",
              "parentUUID": "e8ff1696-c454-47cd-9d9b-783ef10c80a3",
              "isHook": false,
              "skipped": false
            }
          ],
          "suites": [],
          "passes": [
            "ec97c183-9867-4420-a1e6-215155e1228e",
            "6e31c002-fbbb-480d-ac9d-5969551cdfcf",
            "e0a7d439-96d1-413a-86c8-52b6207ed48e",
            "3b6ebb50-cb0a-447b-a397-35dbc4aafc06"
          ],
          "failures": [],
          "pending": [],
          "skipped": [],
          "duration": 2163,
          "root": false,
          "rootEmpty": false,
          "_timeout": 2000
        }
      ],
      "passes": [],
      "failures": [],
      "pending": [],
      "skipped": [],
      "duration": 0,
      "root": true,
      "rootEmpty": true,
      "_timeout": 2000
    }
  ],
  "meta": {
    "mocha": {
      "version": "7.0.1"
    },
    "mochawesome": {
      "options": {
        "quiet": false,
        "reportFilename": "mochawesome",
        "saveHtml": false,
        "saveJson": true,
        "consoleReporter": "spec",
        "useInlineDiffs": false,
        "code": true
      },
      "version": "7.0.1"
    },
    "marge": {
      "options": {
        "id": "default",
        "reportDir": "cypress/results/mochawesome",
        "quite": true,
        "overwrite": false,
        "html": false,
        "json": true
      },
      "version": "6.0.1"
    }
  }
}