{
  "stats": {
    "suites": 1,
    "tests": 4,
    "passes": 4,
    "pending": 0,
    "failures": 0,
    "start": "2022-02-17T15:00:41.438Z",
    "end": "2022-02-17T15:01:00.622Z",
    "duration": 19184,
    "testsRegistered": 4,
    "passPercent": 100,
    "pendingPercent": 0,
    "other": 0,
    "hasOther": false,
    "skipped": 0,
    "hasSkipped": false
  },
  "results": [
    {
      "uuid": "24823999-431b-45a7-a415-6d88282137f0",
      "title": "",
      "fullFile": "cypress/integration/Automation-test-store/iterate-over-elements.js",
      "file": "cypress/integration/Automation-test-store/iterate-over-elements.js",
      "beforeHooks": [],
      "afterHooks": [],
      "tests": [],
      "suites": [
        {
          "uuid": "6e50daed-211b-4926-bcd7-8a0f67576d6b",
          "title": "Iterate over elements",
          "fullFile": "",
          "file": "",
          "beforeHooks": [],
          "afterHooks": [],
          "tests": [
            {
              "title": "Log information of all hair care products",
              "fullTitle": "Iterate over elements Log information of all hair care products",
              "timedOut": null,
              "duration": 4546,
              "state": "passed",
              "speed": "fast",
              "pass": true,
              "fail": false,
              "pending": false,
              "context": null,
              "code": "cy.get('.fixed_wrapper .prdocutname').each(($el, index, $list) => {\n  cy.log('Index = ' + index + ' : ' + $el.text());\n});",
              "err": {},
              "uuid": "ff640bf1-7f2d-4a93-9a10-f701f0189289",
              "parentUUID": "6e50daed-211b-4926-bcd7-8a0f67576d6b",
              "isHook": false,
              "skipped": false
            },
            {
              "title": "Add specific product to the basket",
              "fullTitle": "Iterate over elements Add specific product to the basket",
              "timedOut": null,
              "duration": 3580,
              "state": "passed",
              "speed": "fast",
              "pass": true,
              "fail": false,
              "pending": false,
              "context": null,
              "code": "cy.selectProduct('Curls to straight Shampoo'); // cy.get('.fixed_wrapper .prdocutname').each(($el, index, $list) => {\n//     if($el.text().includes('Curls to straight Shampoo')){\n//         cy.wrap($el).click();\n//     }\n// });",
              "err": {},
              "uuid": "e727f28c-3d3a-49d3-9089-6673059691a4",
              "parentUUID": "6e50daed-211b-4926-bcd7-8a0f67576d6b",
              "isHook": false,
              "skipped": false
            },
            {
              "title": "Add another specific product to the basket",
              "fullTitle": "Iterate over elements Add another specific product to the basket",
              "timedOut": null,
              "duration": 3352,
              "state": "passed",
              "speed": "fast",
              "pass": true,
              "fail": false,
              "pending": false,
              "context": null,
              "code": "cy.selectProduct('Seaweed Conditioner');",
              "err": {},
              "uuid": "561e86d7-42b8-4597-8d4e-1894a0f4d3e8",
              "parentUUID": "6e50daed-211b-4926-bcd7-8a0f67576d6b",
              "isHook": false,
              "skipped": false
            },
            {
              "title": "Add another specific product to the basket",
              "fullTitle": "Iterate over elements Add another specific product to the basket",
              "timedOut": null,
              "duration": 5818,
              "state": "passed",
              "speed": "medium",
              "pass": true,
              "fail": false,
              "pending": false,
              "context": null,
              "code": "cy.selectProduct('Pantene Pro-V Conditioner, Classic Care');",
              "err": {},
              "uuid": "e37affa6-ccbe-4f04-ab10-5e770089409d",
              "parentUUID": "6e50daed-211b-4926-bcd7-8a0f67576d6b",
              "isHook": false,
              "skipped": false
            }
          ],
          "suites": [],
          "passes": [
            "ff640bf1-7f2d-4a93-9a10-f701f0189289",
            "e727f28c-3d3a-49d3-9089-6673059691a4",
            "561e86d7-42b8-4597-8d4e-1894a0f4d3e8",
            "e37affa6-ccbe-4f04-ab10-5e770089409d"
          ],
          "failures": [],
          "pending": [],
          "skipped": [],
          "duration": 17296,
          "root": false,
          "rootEmpty": false,
          "_timeout": 2000
        }
      ],
      "passes": [],
      "failures": [],
      "pending": [],
      "skipped": [],
      "duration": 0,
      "root": true,
      "rootEmpty": true,
      "_timeout": 2000
    }
  ],
  "meta": {
    "mocha": {
      "version": "7.0.1"
    },
    "mochawesome": {
      "options": {
        "quiet": false,
        "reportFilename": "mochawesome",
        "saveHtml": false,
        "saveJson": true,
        "consoleReporter": "spec",
        "useInlineDiffs": false,
        "code": true
      },
      "version": "7.0.1"
    },
    "marge": {
      "options": {
        "id": "default",
        "reportDir": "cypress/results/mochawesome",
        "quite": true,
        "overwrite": false,
        "html": false,
        "json": true
      },
      "version": "6.0.1"
    }
  }
}