{
  "stats": {
    "suites": 1,
    "tests": 1,
    "passes": 0,
    "pending": 0,
    "failures": 1,
    "start": "2022-02-17T21:12:00.130Z",
    "end": "2022-02-17T21:12:28.705Z",
    "duration": 28575,
    "testsRegistered": 1,
    "passPercent": 0,
    "pendingPercent": 0,
    "other": 0,
    "hasOther": false,
    "skipped": 0,
    "hasSkipped": false
  },
  "results": [
    {
      "uuid": "434c2077-4209-4cda-8de7-32c255e31dc8",
      "title": "",
      "fullFile": "cypress/integration/Automation-test-store/contact-us.js",
      "file": "cypress/integration/Automation-test-store/contact-us.js",
      "beforeHooks": [],
      "afterHooks": [],
      "tests": [],
      "suites": [
        {
          "uuid": "84f2f6ab-834b-4475-ada8-45d8da78c172",
          "title": "Test Contact Us form via Automation test store",
          "fullFile": "",
          "file": "",
          "beforeHooks": [],
          "afterHooks": [],
          "tests": [
            {
              "title": "Should be able to submit a successful submission via Contact Us form",
              "fullTitle": "Test Contact Us form via Automation test store Should be able to submit a successful submission via Contact Us form",
              "timedOut": null,
              "duration": 12528,
              "state": "failed",
              "speed": null,
              "pass": false,
              "fail": true,
              "pending": false,
              "context": null,
              "code": "cy.visit(\"https://www.automationteststore.com/\");\ncy.get(\"a[href$= 'contact']555\").click().then(function (linkName) {\n  console.log('It was ' + linkName.text() + ' button!');\n}); //cy.xpath(\"//a[contains(@href, 'contact')]\").click();\ncy.get('@user').then(user => {\n  cy.get('#ContactUsFrm_first_name').type(user.first_name);\n  cy.get('#ContactUsFrm_email').type(user.email);\n});\ncy.get('#ContactUsFrm_email').should('have.attr', 'name', 'email');\ncy.get('#ContactUsFrm_enquiry').type('It\\'s monday');\ncy.get(\"button[title = 'Submit']\").click();\ncy.get('.mb40 > :nth-child(3)').should('have.text', 'Your enquiry has been successfully sent to the store owner!');\ncy.log(\"The test is completed\");",
              "err": {
                "message": "AssertionError: Timed out retrying after 10000ms: Expected to find element: `a[href$= 'contact']555`, but never found it.",
                "estack": "AssertionError: Timed out retrying after 10000ms: Expected to find element: `a[href$= 'contact']555`, but never found it.\n    at Context.eval (https://www.automationteststore.com/__cypress/tests?p=cypress\\integration\\Automation-test-store\\contact-us.js:3209:8)",
                "diff": null
              },
              "uuid": "c5a980f1-8593-43d9-a55a-b354721551c7",
              "parentUUID": "84f2f6ab-834b-4475-ada8-45d8da78c172",
              "isHook": false,
              "skipped": false
            }
          ],
          "suites": [],
          "passes": [],
          "failures": [
            "c5a980f1-8593-43d9-a55a-b354721551c7"
          ],
          "pending": [],
          "skipped": [],
          "duration": 12528,
          "root": false,
          "rootEmpty": false,
          "_timeout": 2000
        }
      ],
      "passes": [],
      "failures": [],
      "pending": [],
      "skipped": [],
      "duration": 0,
      "root": true,
      "rootEmpty": true,
      "_timeout": 2000
    }
  ],
  "meta": {
    "mocha": {
      "version": "7.0.1"
    },
    "mochawesome": {
      "options": {
        "quiet": false,
        "reportFilename": "mochawesome",
        "saveHtml": false,
        "saveJson": true,
        "consoleReporter": "spec",
        "useInlineDiffs": false,
        "code": true
      },
      "version": "7.0.1"
    },
    "marge": {
      "options": {
        "id": "default",
        "reportDir": "cypress/results/mochawesome",
        "quite": true,
        "overwrite": false,
        "html": false,
        "json": true
      },
      "version": "6.0.1"
    }
  }
}