{
  "stats": {
    "suites": 1,
    "tests": 4,
    "passes": 4,
    "pending": 0,
    "failures": 0,
    "start": "2022-02-18T12:31:59.550Z",
    "end": "2022-02-18T12:32:13.984Z",
    "duration": 14434,
    "testsRegistered": 4,
    "passPercent": 100,
    "pendingPercent": 0,
    "other": 0,
    "hasOther": false,
    "skipped": 0,
    "hasSkipped": false
  },
  "results": [
    {
      "uuid": "8099e2c4-bbc2-4108-a0f3-57ba8383b05d",
      "title": "",
      "fullFile": "cypress/integration/Automation-test-store/iterate-over-elements.js",
      "file": "cypress/integration/Automation-test-store/iterate-over-elements.js",
      "beforeHooks": [],
      "afterHooks": [],
      "tests": [],
      "suites": [
        {
          "uuid": "2b01f323-0e01-45db-95e5-7397bc78135f",
          "title": "Iterate over elements",
          "fullFile": "",
          "file": "",
          "beforeHooks": [],
          "afterHooks": [],
          "tests": [
            {
              "title": "Log information of all hair care products",
              "fullTitle": "Iterate over elements Log information of all hair care products",
              "timedOut": null,
              "duration": 4127,
              "state": "passed",
              "speed": "fast",
              "pass": true,
              "fail": false,
              "pending": false,
              "context": null,
              "code": "cy.get('.fixed_wrapper .prdocutname').each(($el, index, $list) => {\n  cy.log('Index = ' + index + ' : ' + $el.text());\n});",
              "err": {},
              "uuid": "30f5f844-719b-4ac7-9af9-7a9af4b67799",
              "parentUUID": "2b01f323-0e01-45db-95e5-7397bc78135f",
              "isHook": false,
              "skipped": false
            },
            {
              "title": "Add specific product to the basket",
              "fullTitle": "Iterate over elements Add specific product to the basket",
              "timedOut": null,
              "duration": 2679,
              "state": "passed",
              "speed": "fast",
              "pass": true,
              "fail": false,
              "pending": false,
              "context": null,
              "code": "cy.selectProduct('Curls to straight Shampoo'); // cy.get('.fixed_wrapper .prdocutname').each(($el, index, $list) => {\n//     if($el.text().includes('Curls to straight Shampoo')){\n//         cy.wrap($el).click();\n//     }\n// });",
              "err": {},
              "uuid": "efe50673-d84d-4811-84fb-7992870ee2bb",
              "parentUUID": "2b01f323-0e01-45db-95e5-7397bc78135f",
              "isHook": false,
              "skipped": false
            },
            {
              "title": "Add another specific product to the basket",
              "fullTitle": "Iterate over elements Add another specific product to the basket",
              "timedOut": null,
              "duration": 2977,
              "state": "passed",
              "speed": "fast",
              "pass": true,
              "fail": false,
              "pending": false,
              "context": null,
              "code": "cy.selectProduct('Seaweed Conditioner');",
              "err": {},
              "uuid": "72cafdd4-7f36-4299-8f19-5208912a555c",
              "parentUUID": "2b01f323-0e01-45db-95e5-7397bc78135f",
              "isHook": false,
              "skipped": false
            },
            {
              "title": "Add another specific product to the basket",
              "fullTitle": "Iterate over elements Add another specific product to the basket",
              "timedOut": null,
              "duration": 3101,
              "state": "passed",
              "speed": "fast",
              "pass": true,
              "fail": false,
              "pending": false,
              "context": null,
              "code": "cy.selectProduct('Pantene Pro-V Conditioner, Classic Care');",
              "err": {},
              "uuid": "9de93c16-454d-472e-83c5-3f8ecdc652ba",
              "parentUUID": "2b01f323-0e01-45db-95e5-7397bc78135f",
              "isHook": false,
              "skipped": false
            }
          ],
          "suites": [],
          "passes": [
            "30f5f844-719b-4ac7-9af9-7a9af4b67799",
            "efe50673-d84d-4811-84fb-7992870ee2bb",
            "72cafdd4-7f36-4299-8f19-5208912a555c",
            "9de93c16-454d-472e-83c5-3f8ecdc652ba"
          ],
          "failures": [],
          "pending": [],
          "skipped": [],
          "duration": 12884,
          "root": false,
          "rootEmpty": false,
          "_timeout": 2000
        }
      ],
      "passes": [],
      "failures": [],
      "pending": [],
      "skipped": [],
      "duration": 0,
      "root": true,
      "rootEmpty": true,
      "_timeout": 2000
    }
  ],
  "meta": {
    "mocha": {
      "version": "7.0.1"
    },
    "mochawesome": {
      "options": {
        "quiet": false,
        "reportFilename": "mochawesome",
        "saveHtml": false,
        "saveJson": true,
        "consoleReporter": "spec",
        "useInlineDiffs": false,
        "code": true
      },
      "version": "7.0.1"
    },
    "marge": {
      "options": {
        "id": "default",
        "reportDir": "cypress/results/mochawesome",
        "quite": true,
        "overwrite": false,
        "html": false,
        "json": true
      },
      "version": "6.0.1"
    }
  }
}