{
  "stats": {
    "suites": 1,
    "tests": 2,
    "passes": 2,
    "pending": 0,
    "failures": 0,
    "start": "2022-02-17T15:02:17.328Z",
    "end": "2022-02-17T15:02:18.803Z",
    "duration": 1475,
    "testsRegistered": 2,
    "passPercent": 100,
    "pendingPercent": 0,
    "other": 0,
    "hasOther": false,
    "skipped": 0,
    "hasSkipped": false
  },
  "results": [
    {
      "uuid": "a5459699-7e05-4cf1-b2d7-a3b882100499",
      "title": "",
      "fullFile": "cypress/integration/Webdriver-uni/file-upload.js",
      "file": "cypress/integration/Webdriver-uni/file-upload.js",
      "beforeHooks": [],
      "afterHooks": [],
      "tests": [],
      "suites": [
        {
          "uuid": "2be1fbbf-6c25-4b0a-a196-e0e60f5627dc",
          "title": "Test file upload via webdriveruni",
          "fullFile": "",
          "file": "",
          "beforeHooks": [],
          "afterHooks": [],
          "tests": [
            {
              "title": "Upload the file",
              "fullTitle": "Test file upload via webdriveruni Upload the file",
              "timedOut": null,
              "duration": 1021,
              "state": "passed",
              "speed": "fast",
              "pass": true,
              "fail": false,
              "pending": false,
              "context": null,
              "code": "cy.visit(\"http://www.webdriveruniversity.com\");\ncy.get('#file-upload').invoke('removeAttr', 'target').click({\n  force: true\n});\ncy.fixture(\"png-clipart-snoopy.png\", \"base64\").then(fileContent => {\n  cy.get('#myFile').attachFile({\n    fileContent,\n    fileName: \"png-clipart-snoopy.png\",\n    mimeType: \"image/png\"\n  }, {\n    uploadType: \"input\"\n  });\n});\ncy.get('#submit-button').click();",
              "err": {},
              "uuid": "eb15f65f-56a7-47f2-b21c-f87febc971eb",
              "parentUUID": "2be1fbbf-6c25-4b0a-a196-e0e60f5627dc",
              "isHook": false,
              "skipped": false
            },
            {
              "title": "Upload no file",
              "fullTitle": "Test file upload via webdriveruni Upload no file",
              "timedOut": null,
              "duration": 430,
              "state": "passed",
              "speed": "fast",
              "pass": true,
              "fail": false,
              "pending": false,
              "context": null,
              "code": "cy.visit(\"http://www.webdriveruniversity.com\");\ncy.get('#file-upload').invoke('removeAttr', 'target').click({\n  force: true\n});\ncy.get('#submit-button').click();",
              "err": {},
              "uuid": "15e11d4a-3bf7-4afc-a26a-f17ccee370ea",
              "parentUUID": "2be1fbbf-6c25-4b0a-a196-e0e60f5627dc",
              "isHook": false,
              "skipped": false
            }
          ],
          "suites": [],
          "passes": [
            "eb15f65f-56a7-47f2-b21c-f87febc971eb",
            "15e11d4a-3bf7-4afc-a26a-f17ccee370ea"
          ],
          "failures": [],
          "pending": [],
          "skipped": [],
          "duration": 1451,
          "root": false,
          "rootEmpty": false,
          "_timeout": 2000
        }
      ],
      "passes": [],
      "failures": [],
      "pending": [],
      "skipped": [],
      "duration": 0,
      "root": true,
      "rootEmpty": true,
      "_timeout": 2000
    }
  ],
  "meta": {
    "mocha": {
      "version": "7.0.1"
    },
    "mochawesome": {
      "options": {
        "quiet": false,
        "reportFilename": "mochawesome",
        "saveHtml": false,
        "saveJson": true,
        "consoleReporter": "spec",
        "useInlineDiffs": false,
        "code": true
      },
      "version": "7.0.1"
    },
    "marge": {
      "options": {
        "id": "default",
        "reportDir": "cypress/results/mochawesome",
        "quite": true,
        "overwrite": false,
        "html": false,
        "json": true
      },
      "version": "6.0.1"
    }
  }
}