{
  "stats": {
    "suites": 1,
    "tests": 1,
    "passes": 1,
    "pending": 0,
    "failures": 0,
    "start": "2022-02-18T12:34:25.519Z",
    "end": "2022-02-18T12:34:27.094Z",
    "duration": 1575,
    "testsRegistered": 1,
    "passPercent": 100,
    "pendingPercent": 0,
    "other": 0,
    "hasOther": false,
    "skipped": 0,
    "hasSkipped": false
  },
  "results": [
    {
      "uuid": "15e97b98-9436-432e-909e-a5764e80ab56",
      "title": "",
      "fullFile": "cypress/integration/Webdriver-uni/select-dropdown-list.js",
      "file": "cypress/integration/Webdriver-uni/select-dropdown-list.js",
      "beforeHooks": [],
      "afterHooks": [],
      "tests": [],
      "suites": [
        {
          "uuid": "12e06734-632f-49a5-8fa1-8fdb73d40931",
          "title": "Interact with dropdown lists via WebdriverUni",
          "fullFile": "",
          "file": "",
          "beforeHooks": [],
          "afterHooks": [],
          "tests": [
            {
              "title": "Select specific values via select dropdown lists",
              "fullTitle": "Interact with dropdown lists via WebdriverUni Select specific values via select dropdown lists",
              "timedOut": null,
              "duration": 1555,
              "state": "passed",
              "speed": "fast",
              "pass": true,
              "fail": false,
              "pending": false,
              "context": null,
              "code": "cy.visit(\"http://www.webdriveruniversity.com\");\ncy.get('#dropdown-checkboxes-radiobuttons').invoke('removeAttr', 'target').click({\n  force: true\n});\ncy.get('#dropdowm-menu-1').select('c#');\ncy.get('#dropdowm-menu-2').select('testng').should('have.value', 'testng');\ncy.get('#dropdowm-menu-3').select('jquery').contains('JQuery');\ncy.get('#dropdowm-menu-2').select('maven').contains('Maven');\ncy.get('#dropdowm-menu-2').select('TestNG').should('have.value', 'testng');",
              "err": {},
              "uuid": "f9739bf1-0799-4857-9139-307fdeac7f4d",
              "parentUUID": "12e06734-632f-49a5-8fa1-8fdb73d40931",
              "isHook": false,
              "skipped": false
            }
          ],
          "suites": [],
          "passes": [
            "f9739bf1-0799-4857-9139-307fdeac7f4d"
          ],
          "failures": [],
          "pending": [],
          "skipped": [],
          "duration": 1555,
          "root": false,
          "rootEmpty": false,
          "_timeout": 2000
        }
      ],
      "passes": [],
      "failures": [],
      "pending": [],
      "skipped": [],
      "duration": 0,
      "root": true,
      "rootEmpty": true,
      "_timeout": 2000
    }
  ],
  "meta": {
    "mocha": {
      "version": "7.0.1"
    },
    "mochawesome": {
      "options": {
        "quiet": false,
        "reportFilename": "mochawesome",
        "saveHtml": false,
        "saveJson": true,
        "consoleReporter": "spec",
        "useInlineDiffs": false,
        "code": true
      },
      "version": "7.0.1"
    },
    "marge": {
      "options": {
        "id": "default",
        "reportDir": "cypress/results/mochawesome",
        "quite": true,
        "overwrite": false,
        "html": false,
        "json": true
      },
      "version": "6.0.1"
    }
  }
}