{
  "stats": {
    "suites": 1,
    "tests": 16,
    "passes": 16,
    "pending": 0,
    "failures": 0,
    "start": "2022-02-18T12:34:33.979Z",
    "end": "2022-02-18T12:34:40.352Z",
    "duration": 6373,
    "testsRegistered": 16,
    "passPercent": 100,
    "pendingPercent": 0,
    "other": 0,
    "hasOther": false,
    "skipped": 0,
    "hasSkipped": false
  },
  "results": [
    {
      "uuid": "b0648cab-ee7d-4f60-b129-bfef38c411ed",
      "title": "",
      "fullFile": "cypress/integration/Webdriver-uni/traversing-elements.js",
      "file": "cypress/integration/Webdriver-uni/traversing-elements.js",
      "beforeHooks": [],
      "afterHooks": [],
      "tests": [],
      "suites": [
        {
          "uuid": "f096fee1-3ae3-4e19-acdf-96ccfbe685ec",
          "title": "Traversing DOM elements in Cypress",
          "fullFile": "",
          "file": "",
          "beforeHooks": [],
          "afterHooks": [],
          "tests": [
            {
              "title": "children() to get the children of DOM elements",
              "fullTitle": "Traversing DOM elements in Cypress children() to get the children of DOM elements",
              "timedOut": null,
              "duration": 1554,
              "state": "passed",
              "speed": "fast",
              "pass": true,
              "fail": false,
              "pending": false,
              "context": null,
              "code": "cy.get('.traversal-breadcrumb').children('.active').should('contain', 'Contact Us'); //question here",
              "err": {},
              "uuid": "ce86b0ab-dd44-4b5d-b6fa-f27c52b9cf21",
              "parentUUID": "f096fee1-3ae3-4e19-acdf-96ccfbe685ec",
              "isHook": false,
              "skipped": false
            },
            {
              "title": "closest() to validate the closest ancestor DOM element",
              "fullTitle": "Traversing DOM elements in Cypress closest() to validate the closest ancestor DOM element",
              "timedOut": null,
              "duration": 351,
              "state": "passed",
              "speed": "fast",
              "pass": true,
              "fail": false,
              "pending": false,
              "context": null,
              "code": "cy.get('.traversal-badge').closest('ul').should('have.class', 'list-group');",
              "err": {},
              "uuid": "47e00f6a-605a-48e8-a56a-68d6e6c5ebde",
              "parentUUID": "f096fee1-3ae3-4e19-acdf-96ccfbe685ec",
              "isHook": false,
              "skipped": false
            },
            {
              "title": "eq() to retrieve a specific element based on index",
              "fullTitle": "Traversing DOM elements in Cypress eq() to retrieve a specific element based on index",
              "timedOut": null,
              "duration": 293,
              "state": "passed",
              "speed": "fast",
              "pass": true,
              "fail": false,
              "pending": false,
              "context": null,
              "code": "cy.get('.traversal-drinks-list>*').eq(2).should('contain', 'Milk');",
              "err": {},
              "uuid": "23562e2c-f506-4f22-8038-6399ef4608cb",
              "parentUUID": "f096fee1-3ae3-4e19-acdf-96ccfbe685ec",
              "isHook": false,
              "skipped": false
            },
            {
              "title": "filter() to retrieve DOM elements that match a specific selector",
              "fullTitle": "Traversing DOM elements in Cypress filter() to retrieve DOM elements that match a specific selector",
              "timedOut": null,
              "duration": 304,
              "state": "passed",
              "speed": "fast",
              "pass": true,
              "fail": false,
              "pending": false,
              "context": null,
              "code": "cy.get('.btn-group-toggle > *').filter('.active').should('contain', 'Button-1'); //locator question",
              "err": {},
              "uuid": "f2c99f50-fef2-479b-b734-9ea09740f161",
              "parentUUID": "f096fee1-3ae3-4e19-acdf-96ccfbe685ec",
              "isHook": false,
              "skipped": false
            },
            {
              "title": "find() to retrieve DOM elements of a given selector",
              "fullTitle": "Traversing DOM elements in Cypress find() to retrieve DOM elements of a given selector",
              "timedOut": null,
              "duration": 307,
              "state": "passed",
              "speed": "fast",
              "pass": true,
              "fail": false,
              "pending": false,
              "context": null,
              "code": "cy.get('.traversal-pagination').find('li').find('a').should('have.length', '7');",
              "err": {},
              "uuid": "f14ba481-bad8-44bb-af78-bb78cbdc3bc8",
              "parentUUID": "f096fee1-3ae3-4e19-acdf-96ccfbe685ec",
              "isHook": false,
              "skipped": false
            },
            {
              "title": "first() to retrieve the first DOM element within elements ",
              "fullTitle": "Traversing DOM elements in Cypress first() to retrieve the first DOM element within elements ",
              "timedOut": null,
              "duration": 289,
              "state": "passed",
              "speed": "fast",
              "pass": true,
              "fail": false,
              "pending": false,
              "context": null,
              "code": "cy.get('.traversal-table > tbody >tr > td').first().should('contain', 'Andy');",
              "err": {},
              "uuid": "eb5376bf-6d50-4aa7-983e-34358d84a102",
              "parentUUID": "f096fee1-3ae3-4e19-acdf-96ccfbe685ec",
              "isHook": false,
              "skipped": false
            },
            {
              "title": "last() to retrieve the last DOM element within elements",
              "fullTitle": "Traversing DOM elements in Cypress last() to retrieve the last DOM element within elements",
              "timedOut": null,
              "duration": 317,
              "state": "passed",
              "speed": "fast",
              "pass": true,
              "fail": false,
              "pending": false,
              "context": null,
              "code": "cy.get('.traversal-table > tbody >tr > td').last().should('contain', 'Scott');",
              "err": {},
              "uuid": "3eaddf45-eba3-4660-b2b9-e10e9c44496b",
              "parentUUID": "f096fee1-3ae3-4e19-acdf-96ccfbe685ec",
              "isHook": false,
              "skipped": false
            },
            {
              "title": "nextAll() to get all of the next sibling DOM elements within elements",
              "fullTitle": "Traversing DOM elements in Cypress nextAll() to get all of the next sibling DOM elements within elements",
              "timedOut": null,
              "duration": 348,
              "state": "passed",
              "speed": "fast",
              "pass": true,
              "fail": false,
              "pending": false,
              "context": null,
              "code": "cy.get('.traversal-drinks-list').contains('Tea').nextAll().should('have.length', '3');",
              "err": {},
              "uuid": "f0be2a85-a243-4ad9-81fe-4885bccb555d",
              "parentUUID": "f096fee1-3ae3-4e19-acdf-96ccfbe685ec",
              "isHook": false,
              "skipped": false
            },
            {
              "title": "nextUntil() to get all of the next sibling DOM elements within elements until another element",
              "fullTitle": "Traversing DOM elements in Cypress nextUntil() to get all of the next sibling DOM elements within elements until another element",
              "timedOut": null,
              "duration": 341,
              "state": "passed",
              "speed": "fast",
              "pass": true,
              "fail": false,
              "pending": false,
              "context": null,
              "code": "cy.get('#coffee').contains('Coffee').nextUntil('#milk').should('contain', 'Tea');",
              "err": {},
              "uuid": "f0e964e0-c9c5-4ec8-aa33-b05d8bbf1405",
              "parentUUID": "f096fee1-3ae3-4e19-acdf-96ccfbe685ec",
              "isHook": false,
              "skipped": false
            },
            {
              "title": "not() to remove DOM element(s) from the set of elements",
              "fullTitle": "Traversing DOM elements in Cypress not() to remove DOM element(s) from the set of elements",
              "timedOut": null,
              "duration": 278,
              "state": "passed",
              "speed": "fast",
              "pass": true,
              "fail": false,
              "pending": false,
              "context": null,
              "code": "cy.get('.traversal-button-states > button').not('.disabled').should('not.have.class', 'disabled');",
              "err": {},
              "uuid": "0ae69f3e-eec6-4248-bba1-8e5fa95deb99",
              "parentUUID": "f096fee1-3ae3-4e19-acdf-96ccfbe685ec",
              "isHook": false,
              "skipped": false
            },
            {
              "title": "parent() To get parent DOM element of elements",
              "fullTitle": "Traversing DOM elements in Cypress parent() To get parent DOM element of elements",
              "timedOut": null,
              "duration": 318,
              "state": "passed",
              "speed": "fast",
              "pass": true,
              "fail": false,
              "pending": false,
              "context": null,
              "code": "cy.get('.traversal-mark').parent().should('contain', 'ipsum');",
              "err": {},
              "uuid": "6f181ee1-dd6c-4f4e-80fd-bf375c516ffa",
              "parentUUID": "f096fee1-3ae3-4e19-acdf-96ccfbe685ec",
              "isHook": false,
              "skipped": false
            },
            {
              "title": "parents() to get parents DOM element of elements",
              "fullTitle": "Traversing DOM elements in Cypress parents() to get parents DOM element of elements",
              "timedOut": null,
              "duration": 322,
              "state": "passed",
              "speed": "fast",
              "pass": true,
              "fail": false,
              "pending": false,
              "context": null,
              "code": "cy.get('.traversal-cite').parents().should('match', 'blockquote');",
              "err": {},
              "uuid": "19d9ceb3-3ca4-4ac6-8f1e-044da2c8b874",
              "parentUUID": "f096fee1-3ae3-4e19-acdf-96ccfbe685ec",
              "isHook": false,
              "skipped": false
            },
            {
              "title": "prev() to get the previous sibling DOM element within elements",
              "fullTitle": "Traversing DOM elements in Cypress prev() to get the previous sibling DOM element within elements",
              "timedOut": null,
              "duration": 281,
              "state": "passed",
              "speed": "fast",
              "pass": true,
              "fail": false,
              "pending": false,
              "context": null,
              "code": "cy.get('#sugar').prev().contains('Espresso');",
              "err": {},
              "uuid": "212ebee5-86b8-42eb-a049-54bb67622641",
              "parentUUID": "f096fee1-3ae3-4e19-acdf-96ccfbe685ec",
              "isHook": false,
              "skipped": false
            },
            {
              "title": "prevAll() to get all previous sibling DOM elements within elements",
              "fullTitle": "Traversing DOM elements in Cypress prevAll() to get all previous sibling DOM elements within elements",
              "timedOut": null,
              "duration": 290,
              "state": "passed",
              "speed": "fast",
              "pass": true,
              "fail": false,
              "pending": false,
              "context": null,
              "code": "cy.get('.sales').prevAll().should('have.length', '2');",
              "err": {},
              "uuid": "b2b28fd5-3a10-4055-bc7c-ac640f02efff",
              "parentUUID": "f096fee1-3ae3-4e19-acdf-96ccfbe685ec",
              "isHook": false,
              "skipped": false
            },
            {
              "title": "prevUntil() to get all previous sibling DOM elements within elements until other element",
              "fullTitle": "Traversing DOM elements in Cypress prevUntil() to get all previous sibling DOM elements within elements until other element",
              "timedOut": null,
              "duration": 351,
              "state": "passed",
              "speed": "fast",
              "pass": true,
              "fail": false,
              "pending": false,
              "context": null,
              "code": "cy.get('#veggie').prevUntil('#fruits').should('have.length', '5');",
              "err": {},
              "uuid": "33b6af54-d6a1-404f-a711-1104ee9cb9e3",
              "parentUUID": "f096fee1-3ae3-4e19-acdf-96ccfbe685ec",
              "isHook": false,
              "skipped": false
            },
            {
              "title": "siblings() To get all sibling DOM elements of elements",
              "fullTitle": "Traversing DOM elements in Cypress siblings() To get all sibling DOM elements of elements",
              "timedOut": null,
              "duration": 338,
              "state": "passed",
              "speed": "fast",
              "pass": true,
              "fail": false,
              "pending": false,
              "context": null,
              "code": "cy.get('.traversal-button-other-states .active').siblings().should('have.length', '3');",
              "err": {},
              "uuid": "e2254866-3b6b-4cb3-8ce1-02beac4c62d9",
              "parentUUID": "f096fee1-3ae3-4e19-acdf-96ccfbe685ec",
              "isHook": false,
              "skipped": false
            }
          ],
          "suites": [],
          "passes": [
            "ce86b0ab-dd44-4b5d-b6fa-f27c52b9cf21",
            "47e00f6a-605a-48e8-a56a-68d6e6c5ebde",
            "23562e2c-f506-4f22-8038-6399ef4608cb",
            "f2c99f50-fef2-479b-b734-9ea09740f161",
            "f14ba481-bad8-44bb-af78-bb78cbdc3bc8",
            "eb5376bf-6d50-4aa7-983e-34358d84a102",
            "3eaddf45-eba3-4660-b2b9-e10e9c44496b",
            "f0be2a85-a243-4ad9-81fe-4885bccb555d",
            "f0e964e0-c9c5-4ec8-aa33-b05d8bbf1405",
            "0ae69f3e-eec6-4248-bba1-8e5fa95deb99",
            "6f181ee1-dd6c-4f4e-80fd-bf375c516ffa",
            "19d9ceb3-3ca4-4ac6-8f1e-044da2c8b874",
            "212ebee5-86b8-42eb-a049-54bb67622641",
            "b2b28fd5-3a10-4055-bc7c-ac640f02efff",
            "33b6af54-d6a1-404f-a711-1104ee9cb9e3",
            "e2254866-3b6b-4cb3-8ce1-02beac4c62d9"
          ],
          "failures": [],
          "pending": [],
          "skipped": [],
          "duration": 6282,
          "root": false,
          "rootEmpty": false,
          "_timeout": 2000
        }
      ],
      "passes": [],
      "failures": [],
      "pending": [],
      "skipped": [],
      "duration": 0,
      "root": true,
      "rootEmpty": true,
      "_timeout": 2000
    }
  ],
  "meta": {
    "mocha": {
      "version": "7.0.1"
    },
    "mochawesome": {
      "options": {
        "quiet": false,
        "reportFilename": "mochawesome",
        "saveHtml": false,
        "saveJson": true,
        "consoleReporter": "spec",
        "useInlineDiffs": false,
        "code": true
      },
      "version": "7.0.1"
    },
    "marge": {
      "options": {
        "id": "default",
        "reportDir": "cypress/results/mochawesome",
        "quite": true,
        "overwrite": false,
        "html": false,
        "json": true
      },
      "version": "6.0.1"
    }
  }
}