{
  "stats": {
    "suites": 1,
    "tests": 1,
    "passes": 1,
    "pending": 0,
    "failures": 0,
    "start": "2022-02-17T15:00:10.221Z",
    "end": "2022-02-17T15:00:24.243Z",
    "duration": 14022,
    "testsRegistered": 1,
    "passPercent": 100,
    "pendingPercent": 0,
    "other": 0,
    "hasOther": false,
    "skipped": 0,
    "hasSkipped": false
  },
  "results": [
    {
      "uuid": "e7495656-e33e-4fea-ba8f-e3646576837b",
      "title": "",
      "fullFile": "cypress/integration/Automation-test-store/contact-us.js",
      "file": "cypress/integration/Automation-test-store/contact-us.js",
      "beforeHooks": [],
      "afterHooks": [],
      "tests": [],
      "suites": [
        {
          "uuid": "7faf61cb-f7fa-4b5e-8c9a-77dad30a2e20",
          "title": "Test Contact Us form via Automation test store",
          "fullFile": "",
          "file": "",
          "beforeHooks": [],
          "afterHooks": [],
          "tests": [
            {
              "title": "Should be able to submit a successful submission via Contact Us form",
              "fullTitle": "Test Contact Us form via Automation test store Should be able to submit a successful submission via Contact Us form",
              "timedOut": null,
              "duration": 12102,
              "state": "passed",
              "speed": "slow",
              "pass": true,
              "fail": false,
              "pending": false,
              "context": null,
              "code": "cy.visit(\"https://www.automationteststore.com/\");\ncy.get(\"a[href$= 'contact']\").click().then(function (linkName) {\n  console.log('It was ' + linkName.text() + ' button!');\n}); //cy.xpath(\"//a[contains(@href, 'contact')]\").click();\ncy.get('@user').then(user => {\n  cy.get('#ContactUsFrm_first_name').type(user.first_name);\n  cy.get('#ContactUsFrm_email').type(user.email);\n});\ncy.get('#ContactUsFrm_email').should('have.attr', 'name', 'email');\ncy.get('#ContactUsFrm_enquiry').type('It\\'s monday');\ncy.get(\"button[title = 'Submit']\").click();\ncy.get('.mb40 > :nth-child(3)').should('have.text', 'Your enquiry has been successfully sent to the store owner!');\ncy.log(\"The test is completed\");",
              "err": {},
              "uuid": "bb8716fa-c8ab-4f50-b277-66e40de9b526",
              "parentUUID": "7faf61cb-f7fa-4b5e-8c9a-77dad30a2e20",
              "isHook": false,
              "skipped": false
            }
          ],
          "suites": [],
          "passes": [
            "bb8716fa-c8ab-4f50-b277-66e40de9b526"
          ],
          "failures": [],
          "pending": [],
          "skipped": [],
          "duration": 12102,
          "root": false,
          "rootEmpty": false,
          "_timeout": 2000
        }
      ],
      "passes": [],
      "failures": [],
      "pending": [],
      "skipped": [],
      "duration": 0,
      "root": true,
      "rootEmpty": true,
      "_timeout": 2000
    }
  ],
  "meta": {
    "mocha": {
      "version": "7.0.1"
    },
    "mochawesome": {
      "options": {
        "quiet": false,
        "reportFilename": "mochawesome",
        "saveHtml": false,
        "saveJson": true,
        "consoleReporter": "spec",
        "useInlineDiffs": false,
        "code": true
      },
      "version": "7.0.1"
    },
    "marge": {
      "options": {
        "id": "default",
        "reportDir": "cypress/results/mochawesome",
        "quite": true,
        "overwrite": false,
        "html": false,
        "json": true
      },
      "version": "6.0.1"
    }
  }
}