{
  "stats": {
    "suites": 1,
    "tests": 2,
    "passes": 2,
    "pending": 0,
    "failures": 0,
    "start": "2022-02-17T15:01:42.966Z",
    "end": "2022-02-17T15:01:55.258Z",
    "duration": 12292,
    "testsRegistered": 2,
    "passPercent": 100,
    "pendingPercent": 0,
    "other": 0,
    "hasOther": false,
    "skipped": 0,
    "hasSkipped": false
  },
  "results": [
    {
      "uuid": "2cc5cf79-d0a5-4170-8603-86be8954e7b0",
      "title": "",
      "fullFile": "cypress/integration/Webdriver-uni/contact-us.js",
      "file": "cypress/integration/Webdriver-uni/contact-us.js",
      "beforeHooks": [],
      "afterHooks": [],
      "tests": [],
      "suites": [
        {
          "uuid": "e72157ec-81db-4cb3-99d2-2ca1c43cd89b",
          "title": "Test Contact Us form via WebdriverUni",
          "fullFile": "",
          "file": "",
          "beforeHooks": [],
          "afterHooks": [],
          "tests": [
            {
              "title": "Should be able to submit a successful submission via Contact Us form",
              "fullTitle": "Test Contact Us form via WebdriverUni Should be able to submit a successful submission via Contact Us form",
              "timedOut": null,
              "duration": 7070,
              "state": "passed",
              "speed": "medium",
              "pass": true,
              "fail": false,
              "pending": false,
              "context": null,
              "code": "cy.document().should('have.property', 'charset').and('eq', 'UTF-8');\ncy.title().should('include', 'WebDriver | Contact Us');\ncy.url().should('include', 'contactus');\ncontact_Us_PO.contactForm_Submission(Cypress.env(\"first_name\"), data.last_name, data.email, 'It is friday', 'h1', 'Thank You for your Message!');",
              "err": {},
              "uuid": "23a1e7ad-4a3d-4443-824d-854f154ab884",
              "parentUUID": "e72157ec-81db-4cb3-99d2-2ca1c43cd89b",
              "isHook": false,
              "skipped": false
            },
            {
              "title": "Should not be able to submit a successful submission via Contact Us form as all fields are required",
              "fullTitle": "Test Contact Us form via WebdriverUni Should not be able to submit a successful submission via Contact Us form as all fields are required",
              "timedOut": null,
              "duration": 5150,
              "state": "passed",
              "speed": "medium",
              "pass": true,
              "fail": false,
              "pending": false,
              "context": null,
              "code": "contact_Us_PO.contactForm_Submission(data.first_name, data.last_name, ' ', 'It is friday', 'body', 'Error: Invalid email address');",
              "err": {},
              "uuid": "166e5f04-d04c-4625-9d81-b8ce66f50a51",
              "parentUUID": "e72157ec-81db-4cb3-99d2-2ca1c43cd89b",
              "isHook": false,
              "skipped": false
            }
          ],
          "suites": [],
          "passes": [
            "23a1e7ad-4a3d-4443-824d-854f154ab884",
            "166e5f04-d04c-4625-9d81-b8ce66f50a51"
          ],
          "failures": [],
          "pending": [],
          "skipped": [],
          "duration": 12220,
          "root": false,
          "rootEmpty": false,
          "_timeout": 2000
        }
      ],
      "passes": [],
      "failures": [],
      "pending": [],
      "skipped": [],
      "duration": 0,
      "root": true,
      "rootEmpty": true,
      "_timeout": 2000
    }
  ],
  "meta": {
    "mocha": {
      "version": "7.0.1"
    },
    "mochawesome": {
      "options": {
        "quiet": false,
        "reportFilename": "mochawesome",
        "saveHtml": false,
        "saveJson": true,
        "consoleReporter": "spec",
        "useInlineDiffs": false,
        "code": true
      },
      "version": "7.0.1"
    },
    "marge": {
      "options": {
        "id": "default",
        "reportDir": "cypress/results/mochawesome",
        "quite": true,
        "overwrite": false,
        "html": false,
        "json": true
      },
      "version": "6.0.1"
    }
  }
}