{
  "stats": {
    "suites": 1,
    "tests": 4,
    "passes": 4,
    "pending": 0,
    "failures": 0,
    "start": "2022-02-17T21:12:57.040Z",
    "end": "2022-02-17T21:13:21.481Z",
    "duration": 24441,
    "testsRegistered": 4,
    "passPercent": 100,
    "pendingPercent": 0,
    "other": 0,
    "hasOther": false,
    "skipped": 0,
    "hasSkipped": false
  },
  "results": [
    {
      "uuid": "136185ca-c83e-4aea-aea6-67af9bff64cb",
      "title": "",
      "fullFile": "cypress/integration/Automation-test-store/iterate-over-elements.js",
      "file": "cypress/integration/Automation-test-store/iterate-over-elements.js",
      "beforeHooks": [],
      "afterHooks": [],
      "tests": [],
      "suites": [
        {
          "uuid": "68b8cae7-30a8-46ad-a986-2e1ef25501a9",
          "title": "Iterate over elements",
          "fullFile": "",
          "file": "",
          "beforeHooks": [],
          "afterHooks": [],
          "tests": [
            {
              "title": "Log information of all hair care products",
              "fullTitle": "Iterate over elements Log information of all hair care products",
              "timedOut": null,
              "duration": 6582,
              "state": "passed",
              "speed": "medium",
              "pass": true,
              "fail": false,
              "pending": false,
              "context": null,
              "code": "cy.get('.fixed_wrapper .prdocutname').each(($el, index, $list) => {\n  cy.log('Index = ' + index + ' : ' + $el.text());\n});",
              "err": {},
              "uuid": "72fb411e-2632-415b-954e-1e3cc07856d0",
              "parentUUID": "68b8cae7-30a8-46ad-a986-2e1ef25501a9",
              "isHook": false,
              "skipped": false
            },
            {
              "title": "Add specific product to the basket",
              "fullTitle": "Iterate over elements Add specific product to the basket",
              "timedOut": null,
              "duration": 5179,
              "state": "passed",
              "speed": "medium",
              "pass": true,
              "fail": false,
              "pending": false,
              "context": null,
              "code": "cy.selectProduct('Curls to straight Shampoo'); // cy.get('.fixed_wrapper .prdocutname').each(($el, index, $list) => {\n//     if($el.text().includes('Curls to straight Shampoo')){\n//         cy.wrap($el).click();\n//     }\n// });",
              "err": {},
              "uuid": "b1f284e2-8ad5-4155-93c9-372577aefcd1",
              "parentUUID": "68b8cae7-30a8-46ad-a986-2e1ef25501a9",
              "isHook": false,
              "skipped": false
            },
            {
              "title": "Add another specific product to the basket",
              "fullTitle": "Iterate over elements Add another specific product to the basket",
              "timedOut": null,
              "duration": 4445,
              "state": "passed",
              "speed": "fast",
              "pass": true,
              "fail": false,
              "pending": false,
              "context": null,
              "code": "cy.selectProduct('Seaweed Conditioner');",
              "err": {},
              "uuid": "055ee90d-3865-4cd0-86bb-f459856d6500",
              "parentUUID": "68b8cae7-30a8-46ad-a986-2e1ef25501a9",
              "isHook": false,
              "skipped": false
            },
            {
              "title": "Add another specific product to the basket",
              "fullTitle": "Iterate over elements Add another specific product to the basket",
              "timedOut": null,
              "duration": 4625,
              "state": "passed",
              "speed": "fast",
              "pass": true,
              "fail": false,
              "pending": false,
              "context": null,
              "code": "cy.selectProduct('Pantene Pro-V Conditioner, Classic Care');",
              "err": {},
              "uuid": "cfe6f6be-5806-45f7-9acc-eab5b06a13fc",
              "parentUUID": "68b8cae7-30a8-46ad-a986-2e1ef25501a9",
              "isHook": false,
              "skipped": false
            }
          ],
          "suites": [],
          "passes": [
            "72fb411e-2632-415b-954e-1e3cc07856d0",
            "b1f284e2-8ad5-4155-93c9-372577aefcd1",
            "055ee90d-3865-4cd0-86bb-f459856d6500",
            "cfe6f6be-5806-45f7-9acc-eab5b06a13fc"
          ],
          "failures": [],
          "pending": [],
          "skipped": [],
          "duration": 20831,
          "root": false,
          "rootEmpty": false,
          "_timeout": 2000
        }
      ],
      "passes": [],
      "failures": [],
      "pending": [],
      "skipped": [],
      "duration": 0,
      "root": true,
      "rootEmpty": true,
      "_timeout": 2000
    }
  ],
  "meta": {
    "mocha": {
      "version": "7.0.1"
    },
    "mochawesome": {
      "options": {
        "quiet": false,
        "reportFilename": "mochawesome",
        "saveHtml": false,
        "saveJson": true,
        "consoleReporter": "spec",
        "useInlineDiffs": false,
        "code": true
      },
      "version": "7.0.1"
    },
    "marge": {
      "options": {
        "id": "default",
        "reportDir": "cypress/results/mochawesome",
        "quite": true,
        "overwrite": false,
        "html": false,
        "json": true
      },
      "version": "6.0.1"
    }
  }
}