{
  "stats": {
    "suites": 1,
    "tests": 3,
    "passes": 3,
    "pending": 0,
    "failures": 0,
    "start": "2022-02-17T15:01:37.102Z",
    "end": "2022-02-17T15:01:38.495Z",
    "duration": 1393,
    "testsRegistered": 3,
    "passPercent": 100,
    "pendingPercent": 0,
    "other": 0,
    "hasOther": false,
    "skipped": 0,
    "hasSkipped": false
  },
  "results": [
    {
      "uuid": "818488ea-64dc-40c0-b234-7fe97054d393",
      "title": "",
      "fullFile": "cypress/integration/Webdriver-uni/checkboxes.js",
      "file": "cypress/integration/Webdriver-uni/checkboxes.js",
      "beforeHooks": [],
      "afterHooks": [],
      "tests": [],
      "suites": [
        {
          "uuid": "8f3029e7-b03b-4747-925a-fd8227b9890d",
          "title": "Verify checkboxes via WebdriverUni",
          "fullFile": "",
          "file": "",
          "beforeHooks": [],
          "afterHooks": [],
          "tests": [
            {
              "title": "Check and validate checkbox",
              "fullTitle": "Verify checkboxes via WebdriverUni Check and validate checkbox",
              "timedOut": null,
              "duration": 686,
              "state": "passed",
              "speed": "fast",
              "pass": true,
              "fail": false,
              "pending": false,
              "context": null,
              "code": "//cy.get('#checkboxes > :nth-child(1) > input').check();\n//cy.get('#checkboxes > :nth-child(1) > input').check().should('be.checked');\ncy.get('#checkboxes > :nth-child(1) > input').as('option-1');\ncy.get('@option-1').check();\ncy.get('@option-1').check().should('be.checked');",
              "err": {},
              "uuid": "0e788889-0e94-4663-896c-9cbccfc07cf9",
              "parentUUID": "8f3029e7-b03b-4747-925a-fd8227b9890d",
              "isHook": false,
              "skipped": false
            },
            {
              "title": "Uncheck and validate checkbox",
              "fullTitle": "Verify checkboxes via WebdriverUni Uncheck and validate checkbox",
              "timedOut": null,
              "duration": 250,
              "state": "passed",
              "speed": "fast",
              "pass": true,
              "fail": false,
              "pending": false,
              "context": null,
              "code": "cy.get(':nth-child(5) > input').as('option-3');\ncy.get('@option-3').uncheck().should('not.be.checked');",
              "err": {},
              "uuid": "19f2ef0e-f3f4-4a52-8268-694450633bf7",
              "parentUUID": "8f3029e7-b03b-4747-925a-fd8227b9890d",
              "isHook": false,
              "skipped": false
            },
            {
              "title": "Check multiple checkboxes",
              "fullTitle": "Verify checkboxes via WebdriverUni Check multiple checkboxes",
              "timedOut": null,
              "duration": 419,
              "state": "passed",
              "speed": "fast",
              "pass": true,
              "fail": false,
              "pending": false,
              "context": null,
              "code": "cy.get(\"*[type = 'checkbox']\").as('options');\ncy.get('@options').check(['option-1', 'option-2', 'option-3', 'option-4']).should('be.checked');",
              "err": {},
              "uuid": "f71ca6f9-709a-4219-b3c6-19bb48037704",
              "parentUUID": "8f3029e7-b03b-4747-925a-fd8227b9890d",
              "isHook": false,
              "skipped": false
            }
          ],
          "suites": [],
          "passes": [
            "0e788889-0e94-4663-896c-9cbccfc07cf9",
            "19f2ef0e-f3f4-4a52-8268-694450633bf7",
            "f71ca6f9-709a-4219-b3c6-19bb48037704"
          ],
          "failures": [],
          "pending": [],
          "skipped": [],
          "duration": 1355,
          "root": false,
          "rootEmpty": false,
          "_timeout": 2000
        }
      ],
      "passes": [],
      "failures": [],
      "pending": [],
      "skipped": [],
      "duration": 0,
      "root": true,
      "rootEmpty": true,
      "_timeout": 2000
    }
  ],
  "meta": {
    "mocha": {
      "version": "7.0.1"
    },
    "mochawesome": {
      "options": {
        "quiet": false,
        "reportFilename": "mochawesome",
        "saveHtml": false,
        "saveJson": true,
        "consoleReporter": "spec",
        "useInlineDiffs": false,
        "code": true
      },
      "version": "7.0.1"
    },
    "marge": {
      "options": {
        "id": "default",
        "reportDir": "cypress/results/mochawesome",
        "quite": true,
        "overwrite": false,
        "html": false,
        "json": true
      },
      "version": "6.0.1"
    }
  }
}